#
# There is insufficient memory for the Java Runtime Environment to continue.
# Native memory allocation (malloc) failed to allocate 32744 bytes for ChunkPool::allocate
# Possible reasons:
#   The system is out of physical RAM or swap space
#   The process is running with CompressedOops enabled, and the Java Heap may be blocking the growth of the native heap
# Possible solutions:
#   Reduce memory load on the system
#   Increase physical memory or swap space
#   Check if swap backing store is full
#   Decrease Java heap size (-Xmx/-Xms)
#   Decrease number of Java threads
#   Decrease Java thread stack sizes (-Xss)
#   Set larger code cache with -XX:ReservedCodeCacheSize=
#   JVM is running with Unscaled Compressed Oops mode in which the Java heap is
#     placed in the first 4GB address space. The Java Heap base address is the
#     maximum limit for the native heap growth. Please use -XX:HeapBaseMinAddress
#     to set the Java Heap base and to place the Java Heap above 4GB virtual address.
# This output file may be truncated or incomplete.
#
#  Out of Memory Error (allocation.cpp:272), pid=14776, tid=0x0000000000003b60
#
# JRE version: OpenJDK Runtime Environment (8.0_292-b10) (build 1.8.0_292-b10)
# Java VM: OpenJDK 64-Bit Server VM (25.292-b10 mixed mode windows-amd64 compressed oops)
# Failed to write core dump. Minidumps are not enabled by default on client versions of Windows
#

---------------  T H R E A D  ---------------

Current thread (0x0000000013a2a800):  JavaThread "C2 CompilerThread0" daemon [_thread_in_native, id=15200, stack(0x0000000015060000,0x0000000015160000)]

Stack: [0x0000000015060000,0x0000000015160000]
[error occurred during error reporting (printing stack bounds), id 0xc0000005]

Native frames: (J=compiled Java code, j=interpreted, Vv=VM code, C=native code)


Current CompileTask:
C2:  42497 5402       4       sun.reflect.generics.parser.SignatureParser::parseFieldTypeSignature (73 bytes)


---------------  P R O C E S S  ---------------

Java Threads: ( => current thread )
  0x0000000016a80800 JavaThread "Memory manager" [_thread_blocked, id=2352, stack(0x0000000026020000,0x0000000026120000)]
  0x0000000016a81800 JavaThread "jar transforms Thread 92" [_thread_blocked, id=13580, stack(0x0000000025920000,0x0000000025a20000)]
  0x0000000016a7f000 JavaThread "jar transforms Thread 91" [_thread_blocked, id=10544, stack(0x0000000025820000,0x0000000025920000)]
  0x0000000016a7e000 JavaThread "jar transforms Thread 90" [_thread_blocked, id=14480, stack(0x0000000025720000,0x0000000025820000)]
  0x0000000016a76800 JavaThread "jar transforms Thread 89" [_thread_blocked, id=3852, stack(0x0000000025520000,0x0000000025620000)]
  0x0000000016a7d800 JavaThread "jar transforms Thread 88" [_thread_blocked, id=5340, stack(0x0000000025420000,0x0000000025520000)]
  0x0000000016a7c800 JavaThread "jar transforms Thread 87" [_thread_blocked, id=5304, stack(0x0000000025320000,0x0000000025420000)]
  0x0000000016a7c000 JavaThread "jar transforms Thread 86" [_thread_blocked, id=7084, stack(0x0000000025220000,0x0000000025320000)]
  0x0000000016a7b000 JavaThread "jar transforms Thread 85" [_thread_blocked, id=9316, stack(0x0000000025120000,0x0000000025220000)]
  0x0000000016a78800 JavaThread "jar transforms Thread 84" [_thread_blocked, id=14784, stack(0x0000000025020000,0x0000000025120000)]
  0x0000000016a7a800 JavaThread "jar transforms Thread 83" [_thread_blocked, id=10176, stack(0x0000000024f20000,0x0000000025020000)]
  0x0000000016a75000 JavaThread "jar transforms Thread 82" [_thread_blocked, id=16292, stack(0x0000000024e20000,0x0000000024f20000)]
  0x0000000016a77000 JavaThread "jar transforms Thread 81" [_thread_blocked, id=4048, stack(0x0000000024d20000,0x0000000024e20000)]
  0x0000000016a73000 JavaThread "jar transforms Thread 80" [_thread_blocked, id=428, stack(0x0000000024c20000,0x0000000024d20000)]
  0x0000000016a72800 JavaThread "jar transforms Thread 79" [_thread_blocked, id=7648, stack(0x0000000024b20000,0x0000000024c20000)]
  0x0000000016a79800 JavaThread "jar transforms Thread 78" [_thread_blocked, id=11276, stack(0x0000000024a20000,0x0000000024b20000)]
  0x0000000016a78000 JavaThread "jar transforms Thread 77" [_thread_blocked, id=15524, stack(0x0000000024920000,0x0000000024a20000)]
  0x0000000016a74000 JavaThread "jar transforms Thread 76" [_thread_blocked, id=14748, stack(0x0000000024820000,0x0000000024920000)]
  0x0000000016a75800 JavaThread "jar transforms Thread 75" [_thread_blocked, id=10872, stack(0x0000000024720000,0x0000000024820000)]
  0x000000001aa19800 JavaThread "jar transforms Thread 74" [_thread_blocked, id=13644, stack(0x0000000024620000,0x0000000024720000)]
  0x000000001aa19000 JavaThread "jar transforms Thread 73" [_thread_blocked, id=10284, stack(0x0000000024520000,0x0000000024620000)]
  0x000000001aa1c000 JavaThread "jar transforms Thread 72" [_thread_blocked, id=5540, stack(0x0000000024420000,0x0000000024520000)]
  0x000000001aa1e800 JavaThread "jar transforms Thread 71" [_thread_blocked, id=4908, stack(0x0000000024320000,0x0000000024420000)]
  0x000000001aa1d800 JavaThread "jar transforms Thread 70" [_thread_blocked, id=12100, stack(0x0000000024220000,0x0000000024320000)]
  0x000000001aa1d000 JavaThread "jar transforms Thread 69" [_thread_blocked, id=7192, stack(0x0000000024120000,0x0000000024220000)]
  0x000000001aa18000 JavaThread "jar transforms Thread 68" [_thread_blocked, id=16356, stack(0x0000000024020000,0x0000000024120000)]
  0x000000001aa1a800 JavaThread "jar transforms Thread 67" [_thread_blocked, id=9956, stack(0x0000000023f20000,0x0000000024020000)]
  0x000000001aa1b000 JavaThread "jar transforms Thread 66" [_thread_blocked, id=4920, stack(0x0000000023e20000,0x0000000023f20000)]
  0x000000001aa10000 JavaThread "jar transforms Thread 65" [_thread_blocked, id=740, stack(0x0000000023d20000,0x0000000023e20000)]
  0x000000001aa12800 JavaThread "jar transforms Thread 64" [_thread_blocked, id=16176, stack(0x0000000023c20000,0x0000000023d20000)]
  0x000000001aa13800 JavaThread "jar transforms Thread 63" [_thread_blocked, id=13572, stack(0x0000000023b20000,0x0000000023c20000)]
  0x000000001aa17800 JavaThread "jar transforms Thread 62" [_thread_blocked, id=7824, stack(0x0000000023a20000,0x0000000023b20000)]
  0x000000001aa0f800 JavaThread "jar transforms Thread 61" [_thread_blocked, id=11072, stack(0x0000000023920000,0x0000000023a20000)]
  0x000000001aa14000 JavaThread "jar transforms Thread 60" [_thread_blocked, id=15628, stack(0x0000000023820000,0x0000000023920000)]
  0x000000001aa12000 JavaThread "jar transforms Thread 59" [_thread_blocked, id=12436, stack(0x0000000023720000,0x0000000023820000)]
  0x000000001aa16800 JavaThread "jar transforms Thread 58" [_thread_blocked, id=16376, stack(0x0000000023620000,0x0000000023720000)]
  0x000000001aa15800 JavaThread "jar transforms Thread 57" [_thread_blocked, id=16216, stack(0x0000000023520000,0x0000000023620000)]
  0x000000001aa11000 JavaThread "jar transforms Thread 56" [_thread_blocked, id=11516, stack(0x0000000023420000,0x0000000023520000)]
  0x000000001aa15000 JavaThread "jar transforms Thread 55" [_thread_blocked, id=5056, stack(0x0000000023320000,0x0000000023420000)]
  0x0000000017860800 JavaThread "jar transforms Thread 54" [_thread_blocked, id=1728, stack(0x0000000023220000,0x0000000023320000)]
  0x0000000017866000 JavaThread "jar transforms Thread 53" [_thread_blocked, id=15868, stack(0x0000000023120000,0x0000000023220000)]
  0x0000000017863800 JavaThread "jar transforms Thread 52" [_thread_blocked, id=13792, stack(0x0000000023020000,0x0000000023120000)]
  0x000000001785f800 JavaThread "jar transforms Thread 51" [_thread_blocked, id=16284, stack(0x0000000022f20000,0x0000000023020000)]
  0x0000000017862000 JavaThread "jar transforms Thread 50" [_thread_blocked, id=15640, stack(0x0000000022cf0000,0x0000000022df0000)]
  0x0000000017865000 JavaThread "jar transforms Thread 49" [_thread_blocked, id=11260, stack(0x0000000022e20000,0x0000000022f20000)]
  0x0000000017864800 JavaThread "jar transforms Thread 48" [_thread_blocked, id=9668, stack(0x0000000022bf0000,0x0000000022cf0000)]
  0x000000001785d800 JavaThread "jar transforms Thread 47" [_thread_blocked, id=11316, stack(0x0000000022af0000,0x0000000022bf0000)]
  0x0000000017863000 JavaThread "jar transforms Thread 46" [_thread_blocked, id=12136, stack(0x00000000229f0000,0x0000000022af0000)]
  0x000000001785f000 JavaThread "jar transforms Thread 45" [_thread_blocked, id=11580, stack(0x00000000228f0000,0x00000000229f0000)]
  0x000000001785c800 JavaThread "jar transforms Thread 44" [_thread_blocked, id=4720, stack(0x00000000227f0000,0x00000000228f0000)]
  0x0000000017861800 JavaThread "jar transforms Thread 43" [_thread_blocked, id=7788, stack(0x00000000226f0000,0x00000000227f0000)]
  0x0000000017858800 JavaThread "jar transforms Thread 42" [_thread_blocked, id=4072, stack(0x00000000225f0000,0x00000000226f0000)]
  0x0000000017857000 JavaThread "jar transforms Thread 41" [_thread_blocked, id=5116, stack(0x00000000224f0000,0x00000000225f0000)]
  0x000000001785c000 JavaThread "jar transforms Thread 40" [_thread_blocked, id=12248, stack(0x00000000223f0000,0x00000000224f0000)]
  0x0000000017859800 JavaThread "jar transforms Thread 39" [_thread_blocked, id=16264, stack(0x00000000222f0000,0x00000000223f0000)]
  0x000000001785b000 JavaThread "jar transforms Thread 38" [_thread_blocked, id=5672, stack(0x00000000221f0000,0x00000000222f0000)]
  0x0000000017858000 JavaThread "jar transforms Thread 37" [_thread_blocked, id=6580, stack(0x00000000220f0000,0x00000000221f0000)]
  0x000000001785a000 JavaThread "jar transforms Thread 36" [_thread_blocked, id=9736, stack(0x0000000021ff0000,0x00000000220f0000)]
  0x000000001785e000 JavaThread "jar transforms Thread 35" [_thread_blocked, id=16156, stack(0x0000000021ef0000,0x0000000021ff0000)]
  0x000000001ac70000 JavaThread "jar transforms Thread 34" [_thread_blocked, id=15656, stack(0x0000000021df0000,0x0000000021ef0000)]
  0x000000001ac6f800 JavaThread "jar transforms Thread 33" [_thread_blocked, id=15348, stack(0x0000000021cf0000,0x0000000021df0000)]
  0x000000001ac6e800 JavaThread "jar transforms Thread 32" [_thread_blocked, id=14340, stack(0x0000000021bf0000,0x0000000021cf0000)]
  0x000000001ac71800 JavaThread "jar transforms Thread 31" [_thread_blocked, id=10320, stack(0x0000000021af0000,0x0000000021bf0000)]
  0x000000001ac71000 JavaThread "jar transforms Thread 30" [_thread_blocked, id=2148, stack(0x00000000219f0000,0x0000000021af0000)]
  0x000000001ac66800 JavaThread "jar transforms Thread 29" [_thread_blocked, id=5136, stack(0x00000000218f0000,0x00000000219f0000)]
  0x000000001ac6d000 JavaThread "jar transforms Thread 28" [_thread_blocked, id=13528, stack(0x00000000217f0000,0x00000000218f0000)]
  0x000000001ac6c000 JavaThread "jar transforms Thread 27" [_thread_blocked, id=11752, stack(0x00000000216f0000,0x00000000217f0000)]
  0x000000001ac6d800 JavaThread "jar transforms Thread 26" [_thread_blocked, id=12692, stack(0x00000000215f0000,0x00000000216f0000)]
  0x000000001ac6b800 JavaThread "jar transforms Thread 25" [_thread_blocked, id=3248, stack(0x00000000214f0000,0x00000000215f0000)]
  0x000000001ac63800 JavaThread "jar transforms Thread 24" [_thread_blocked, id=2864, stack(0x00000000213f0000,0x00000000214f0000)]
  0x000000001ac6a800 JavaThread "jar transforms Thread 23" [_thread_blocked, id=8496, stack(0x00000000212f0000,0x00000000213f0000)]
  0x000000001ac66000 JavaThread "jar transforms Thread 22" [_thread_blocked, id=15436, stack(0x00000000211f0000,0x00000000212f0000)]
  0x000000001ac62800 JavaThread "jar transforms Thread 21" [_thread_blocked, id=14800, stack(0x00000000210f0000,0x00000000211f0000)]
  0x000000001ac67800 JavaThread "jar transforms Thread 20" [_thread_blocked, id=15892, stack(0x0000000020ff0000,0x00000000210f0000)]
  0x000000001ac6a000 JavaThread "jar transforms Thread 19" [_thread_blocked, id=11392, stack(0x0000000020ef0000,0x0000000020ff0000)]
  0x000000001ac65000 JavaThread "jar transforms Thread 18" [_thread_blocked, id=3440, stack(0x0000000020df0000,0x0000000020ef0000)]
  0x000000001ac69000 JavaThread "jar transforms Thread 17" [_thread_blocked, id=15072, stack(0x0000000020cf0000,0x0000000020df0000)]
  0x000000001ac64800 JavaThread "jar transforms Thread 16" [_thread_blocked, id=2008, stack(0x0000000020bf0000,0x0000000020cf0000)]
  0x000000001ac68000 JavaThread "jar transforms Thread 15" [_thread_blocked, id=6912, stack(0x0000000020af0000,0x0000000020bf0000)]
  0x000000001a5b8000 JavaThread "jar transforms Thread 14" [_thread_blocked, id=15540, stack(0x00000000209f0000,0x0000000020af0000)]
  0x000000001a5b0800 JavaThread "jar transforms Thread 13" [_thread_blocked, id=15612, stack(0x00000000208f0000,0x00000000209f0000)]
  0x000000001a5b3800 JavaThread "jar transforms Thread 12" [_thread_blocked, id=15008, stack(0x00000000207f0000,0x00000000208f0000)]
  0x000000001a5b6800 JavaThread "jar transforms Thread 11" [_thread_blocked, id=15792, stack(0x00000000206f0000,0x00000000207f0000)]
  0x000000001a5b2800 JavaThread "jar transforms Thread 10" [_thread_blocked, id=12020, stack(0x00000000205f0000,0x00000000206f0000)]
  0x000000001a5b5000 JavaThread "jar transforms Thread 9" [_thread_blocked, id=10892, stack(0x00000000204f0000,0x00000000205f0000)]
  0x000000001a5b7800 JavaThread "jar transforms Thread 8" [_thread_blocked, id=8652, stack(0x00000000203f0000,0x00000000204f0000)]
  0x000000001a5af800 JavaThread "jar transforms Thread 7" [_thread_blocked, id=3016, stack(0x00000000202f0000,0x00000000203f0000)]
  0x000000001a5b2000 JavaThread "jar transforms Thread 6" [_thread_blocked, id=14840, stack(0x00000000201f0000,0x00000000202f0000)]
  0x000000001a5b4800 JavaThread "jar transforms Thread 5" [_thread_blocked, id=15604, stack(0x00000000200f0000,0x00000000201f0000)]
  0x000000001a5b6000 JavaThread "jar transforms Thread 4" [_thread_blocked, id=6968, stack(0x000000001fff0000,0x00000000200f0000)]
  0x000000001a5ab000 JavaThread "jar transforms Thread 3" [_thread_blocked, id=7052, stack(0x000000001fef0000,0x000000001fff0000)]
  0x000000001a5af000 JavaThread "jar transforms Thread 2" [_thread_blocked, id=8548, stack(0x000000001fdf0000,0x000000001fef0000)]
  0x000000001a5b1000 JavaThread "Build operations Thread 4" [_thread_blocked, id=10736, stack(0x000000001fcf0000,0x000000001fdf0000)]
  0x000000001a5aa000 JavaThread "Build operations Thread 3" [_thread_blocked, id=14000, stack(0x000000001fbf0000,0x000000001fcf0000)]
  0x000000001a5ac800 JavaThread "Build operations Thread 2" [_thread_blocked, id=408, stack(0x000000001faf0000,0x000000001fbf0000)]
  0x000000001a5a9800 JavaThread "Build operations" [_thread_blocked, id=3408, stack(0x000000001f9f0000,0x000000001faf0000)]
  0x000000001a5ab800 JavaThread "Cache worker for Build Output Cleanup Cache (D:\sajiloapp\android\.gradle\buildOutputCleanup)" [_thread_blocked, id=13484, stack(0x000000001f6f0000,0x000000001f7f0000)]
  0x0000000015a86000 JavaThread "Cache worker for file content cache (C:\Users\acer\.gradle\caches\6.7\fileContent)" [_thread_blocked, id=14688, stack(0x000000001ef60000,0x000000001f060000)]
  0x0000000015a87000 JavaThread "jar transforms" [_thread_blocked, id=15392, stack(0x000000001ee60000,0x000000001ef60000)]
  0x0000000015a85800 JavaThread "Cache worker for execution history cache (C:\Users\acer\.gradle\caches\6.7\executionHistory)" [_thread_blocked, id=13796, stack(0x000000001e760000,0x000000001e860000)]
  0x0000000015a8a000 JavaThread "Cache worker for cache directory md-rule (C:\Users\acer\.gradle\caches\6.7\md-rule)" [_thread_blocked, id=10244, stack(0x000000001e660000,0x000000001e760000)]
  0x0000000015a89800 JavaThread "Cache worker for cache directory md-supplier (C:\Users\acer\.gradle\caches\6.7\md-supplier)" [_thread_blocked, id=14488, stack(0x000000001e560000,0x000000001e660000)]
  0x0000000015a88800 JavaThread "Cache worker for checksums cache (D:\sajiloapp\android\.gradle\checksums)" [_thread_blocked, id=6568, stack(0x000000001d1a0000,0x000000001d2a0000)]
  0x0000000015a87800 JavaThread "Cache worker for file hash cache (D:\sajiloapp\android\.gradle\6.7\fileHashes)" [_thread_blocked, id=15300, stack(0x000000001c000000,0x000000001c100000)]
  0x0000000015a83000 JavaThread "Cache worker for journal cache (C:\Users\acer\.gradle\caches\journal-1)" [_thread_blocked, id=14200, stack(0x000000001bd00000,0x000000001be00000)]
  0x0000000015a84800 JavaThread "File lock request listener" [_thread_in_native, id=7784, stack(0x0000000019980000,0x0000000019a80000)]
  0x0000000015a84000 JavaThread "Cache worker for file hash cache (C:\Users\acer\.gradle\caches\6.7\fileHashes)" [_thread_blocked, id=15184, stack(0x0000000019780000,0x0000000019880000)]
  0x00000000173c5000 JavaThread "Thread-9" [_thread_blocked, id=14820, stack(0x0000000019480000,0x0000000019580000)]
  0x0000000017384800 JavaThread "Stdin handler" [_thread_blocked, id=3216, stack(0x0000000019380000,0x0000000019480000)]
  0x0000000017386800 JavaThread "Asynchronous log dispatcher for DefaultDaemonConnection: socket connection from /127.0.0.1:64547 to /127.0.0.1:64548" [_thread_blocked, id=8728, stack(0x0000000019280000,0x0000000019380000)]
  0x0000000017388800 JavaThread "Daemon worker" [_thread_in_vm, id=15692, stack(0x0000000019180000,0x0000000019280000)]
  0x0000000017375000 JavaThread "Cancel handler" [_thread_blocked, id=12688, stack(0x0000000019080000,0x0000000019180000)]
  0x000000001736e800 JavaThread "Handler for socket connection from /127.0.0.1:64547 to /127.0.0.1:64548" [_thread_in_native, id=3492, stack(0x0000000018f80000,0x0000000019080000)]
  0x000000001734d000 JavaThread "Daemon" [_thread_blocked, id=2460, stack(0x0000000018c80000,0x0000000018d80000)]
  0x0000000017328000 JavaThread "Daemon periodic checks" [_thread_blocked, id=1636, stack(0x0000000018b80000,0x0000000018c80000)]
  0x00000000172cd000 JavaThread "Incoming local TCP Connector on port 64547" [_thread_in_native, id=3572, stack(0x0000000018940000,0x0000000018a40000)]
  0x00000000171fd800 JavaThread "Daemon health stats" [_thread_blocked, id=3712, stack(0x0000000018100000,0x0000000018200000)]
  0x00000000153a0800 JavaThread "Service Thread" daemon [_thread_blocked, id=14888, stack(0x0000000015760000,0x0000000015860000)]
  0x0000000013a2c000 JavaThread "C1 CompilerThread2" daemon [_thread_blocked, id=14572, stack(0x0000000015260000,0x0000000015360000)]
  0x0000000013a27800 JavaThread "C2 CompilerThread1" daemon [_thread_in_native, id=15324, stack(0x0000000015160000,0x0000000015260000)]
=>0x0000000013a2a800 JavaThread "C2 CompilerThread0" daemon [_thread_in_native, id=15200, stack(0x0000000015060000,0x0000000015160000)]
  0x0000000013a1f000 JavaThread "Attach Listener" daemon [_thread_blocked, id=6956, stack(0x0000000014f60000,0x0000000015060000)]
  0x0000000013a1d800 JavaThread "Signal Dispatcher" daemon [_thread_blocked, id=1528, stack(0x0000000014e60000,0x0000000014f60000)]
  0x000000000269e000 JavaThread "Finalizer" daemon [_thread_blocked, id=5816, stack(0x0000000014c60000,0x0000000014d60000)]
  0x00000000139f9000 JavaThread "Reference Handler" daemon [_thread_blocked, id=15404, stack(0x0000000014b60000,0x0000000014c60000)]
  0x00000000025a6000 JavaThread "main" [_thread_blocked, id=3592, stack(0x00000000024a0000,0x00000000025a0000)]

Other Threads:
  0x00000000139d6000 VMThread [stack: 0x0000000014a60000,0x0000000014b60000] [id=11164]
  0x0000000013a6a800 WatcherThread [stack: 0x0000000015860000,0x0000000015960000] [id=7104]

VM state:synchronizing (normal execution)

VM Mutex/Monitor currently owned by a thread:  ([mutex/lock_event])
[0x00000000025a25d0] Threads_lock - owner thread: 0x00000000139d6000

heap address: 0x00000000e0000000, size: 512 MB, Compressed Oops mode: 32-bit
Narrow klass base: 0x0000000000000000, Narrow klass shift: 3
Compressed class space size: 1073741824 Address: 0x0000000100000000

Heap:
 PSYoungGen      total 146432K, used 10037K [0x00000000f5580000, 0x0000000100000000, 0x0000000100000000)
  eden space 133632K, 7% used [0x00000000f5580000,0x00000000f5f4d4d8,0x00000000fd800000)
  from space 12800K, 0% used [0x00000000ff380000,0x00000000ff380000,0x0000000100000000)
  to   space 20480K, 0% used [0x00000000fd800000,0x00000000fd800000,0x00000000fec00000)
 ParOldGen       total 214528K, used 36132K [0x00000000e0000000, 0x00000000ed180000, 0x00000000f5580000)
  object space 214528K, 16% used [0x00000000e0000000,0x00000000e2349390,0x00000000ed180000)
 Metaspace       used 56804K, capacity 59382K, committed 59520K, reserved 1099776K
  class space    used 7947K, capacity 8543K, committed 8576K, reserved 1048576K

Card table byte_map: [0x0000000011a60000,0x0000000011b70000] byte_map_base: 0x0000000011360000

Marking Bits: (ParMarkBitMap*) 0x00000000719f3420
 Begin Bits: [0x0000000011f70000, 0x0000000012770000)
 End Bits:   [0x0000000012770000, 0x0000000012f70000)

Polling page: 0x0000000002270000

CodeCache: size=245760Kb used=16865Kb max_used=17042Kb free=228894Kb
 bounds [0x00000000026a0000, 0x0000000003760000, 0x00000000116a0000]
 total_blobs=5611 nmethods=4828 adapters=694
 compilation: enabled

Compilation events (10 events):
Event: 42.451 Thread 0x0000000013a27800 5398       4       java.util.jar.JarFile::getManifestFromReference (117 bytes)
Event: 42.454 Thread 0x0000000013a2c000 5399       3       com.google.common.reflect.TypeToken$SimpleTypeToken::<init> (7 bytes)
Event: 42.454 Thread 0x0000000013a2c000 nmethod 5399 0x0000000002a82b50 code [0x0000000002a82ce0, 0x0000000002a83128]
Event: 42.454 Thread 0x0000000013a2c000 5400       3       com.google.common.reflect.TypeToken::<init> (6 bytes)
Event: 42.455 Thread 0x0000000013a2c000 nmethod 5400 0x000000000283a890 code [0x000000000283aa20, 0x000000000283ae08]
Event: 42.455 Thread 0x0000000013a2c000 5401       3       com.google.common.reflect.TypeToken::<init> (16 bytes)
Event: 42.455 Thread 0x0000000013a2c000 nmethod 5401 0x0000000002cd92d0 code [0x0000000002cd9460, 0x0000000002cd97e8]
Event: 42.456 Thread 0x0000000013a2a800 5402       4       sun.reflect.generics.parser.SignatureParser::parseFieldTypeSignature (73 bytes)
Event: 42.468 Thread 0x0000000013a2c000 5404       3       sun.misc.ProxyGenerator::collectCompatibleTypes (93 bytes)
Event: 42.468 Thread 0x0000000013a2c000 nmethod 5404 0x0000000003156a90 code [0x0000000003156c40, 0x0000000003157208]

GC Heap History (10 events):
Event: 16.961 GC heap before
{Heap before GC invocations=9 (full 2):
 PSYoungGen      total 114688K, used 9708K [0x00000000f5580000, 0x0000000100000000, 0x0000000100000000)
  eden space 102400K, 0% used [0x00000000f5580000,0x00000000f5580000,0x00000000fb980000)
  from space 12288K, 79% used [0x00000000fb980000,0x00000000fc2fb3c8,0x00000000fc580000)
  to   space 12288K, 0% used [0x00000000ff400000,0x00000000ff400000,0x0000000100000000)
 ParOldGen       total 175104K, used 8192K [0x00000000e0000000, 0x00000000eab00000, 0x00000000f5580000)
  object space 175104K, 4% used [0x00000000e0000000,0x00000000e0800068,0x00000000eab00000)
 Metaspace       used 34316K, capacity 35458K, committed 35496K, reserved 1079296K
  class space    used 4792K, capacity 5107K, committed 5120K, reserved 1048576K
Event: 17.171 GC heap after
Heap after GC invocations=9 (full 2):
 PSYoungGen      total 114688K, used 0K [0x00000000f5580000, 0x0000000100000000, 0x0000000100000000)
  eden space 102400K, 0% used [0x00000000f5580000,0x00000000f5580000,0x00000000fb980000)
  from space 12288K, 0% used [0x00000000fb980000,0x00000000fb980000,0x00000000fc580000)
  to   space 12288K, 0% used [0x00000000ff400000,0x00000000ff400000,0x0000000100000000)
 ParOldGen       total 175104K, used 16497K [0x00000000e0000000, 0x00000000eab00000, 0x00000000f5580000)
  object space 175104K, 9% used [0x00000000e0000000,0x00000000e101c630,0x00000000eab00000)
 Metaspace       used 34316K, capacity 35458K, committed 35496K, reserved 1079296K
  class space    used 4792K, capacity 5107K, committed 5120K, reserved 1048576K
}
Event: 19.438 GC heap before
{Heap before GC invocations=10 (full 2):
 PSYoungGen      total 114688K, used 102400K [0x00000000f5580000, 0x0000000100000000, 0x0000000100000000)
  eden space 102400K, 100% used [0x00000000f5580000,0x00000000fb980000,0x00000000fb980000)
  from space 12288K, 0% used [0x00000000fb980000,0x00000000fb980000,0x00000000fc580000)
  to   space 12288K, 0% used [0x00000000ff400000,0x00000000ff400000,0x0000000100000000)
 ParOldGen       total 175104K, used 16497K [0x00000000e0000000, 0x00000000eab00000, 0x00000000f5580000)
  object space 175104K, 9% used [0x00000000e0000000,0x00000000e101c630,0x00000000eab00000)
 Metaspace       used 37679K, capacity 39246K, committed 39552K, reserved 1083392K
  class space    used 5270K, capacity 5633K, committed 5760K, reserved 1048576K
Event: 19.489 GC heap after
Heap after GC invocations=10 (full 2):
 PSYoungGen      total 161280K, used 5298K [0x00000000f5580000, 0x0000000100000000, 0x0000000100000000)
  eden space 148992K, 0% used [0x00000000f5580000,0x00000000f5580000,0x00000000fe700000)
  from space 12288K, 43% used [0x00000000ff400000,0x00000000ff92cb80,0x0000000100000000)
  to   space 12800K, 0% used [0x00000000fe700000,0x00000000fe700000,0x00000000ff380000)
 ParOldGen       total 175104K, used 16505K [0x00000000e0000000, 0x00000000eab00000, 0x00000000f5580000)
  object space 175104K, 9% used [0x00000000e0000000,0x00000000e101e630,0x00000000eab00000)
 Metaspace       used 37679K, capacity 39246K, committed 39552K, reserved 1083392K
  class space    used 5270K, capacity 5633K, committed 5760K, reserved 1048576K
}
Event: 29.835 GC heap before
{Heap before GC invocations=11 (full 2):
 PSYoungGen      total 161280K, used 154290K [0x00000000f5580000, 0x0000000100000000, 0x0000000100000000)
  eden space 148992K, 100% used [0x00000000f5580000,0x00000000fe700000,0x00000000fe700000)
  from space 12288K, 43% used [0x00000000ff400000,0x00000000ff92cb80,0x0000000100000000)
  to   space 12800K, 0% used [0x00000000fe700000,0x00000000fe700000,0x00000000ff380000)
 ParOldGen       total 175104K, used 16505K [0x00000000e0000000, 0x00000000eab00000, 0x00000000f5580000)
  object space 175104K, 9% used [0x00000000e0000000,0x00000000e101e630,0x00000000eab00000)
 Metaspace       used 51427K, capacity 53548K, committed 53632K, reserved 1095680K
  class space    used 7034K, capacity 7531K, committed 7552K, reserved 1048576K
Event: 29.873 GC heap after
Heap after GC invocations=11 (full 2):
 PSYoungGen      total 161792K, used 12781K [0x00000000f5580000, 0x0000000100000000, 0x0000000100000000)
  eden space 148992K, 0% used [0x00000000f5580000,0x00000000f5580000,0x00000000fe700000)
  from space 12800K, 99% used [0x00000000fe700000,0x00000000ff37b558,0x00000000ff380000)
  to   space 12800K, 0% used [0x00000000ff380000,0x00000000ff380000,0x0000000100000000)
 ParOldGen       total 175104K, used 24116K [0x00000000e0000000, 0x00000000eab00000, 0x00000000f5580000)
  object space 175104K, 13% used [0x00000000e0000000,0x00000000e178d3e0,0x00000000eab00000)
 Metaspace       used 51427K, capacity 53548K, committed 53632K, reserved 1095680K
  class space    used 7034K, capacity 7531K, committed 7552K, reserved 1048576K
}
Event: 40.853 GC heap before
{Heap before GC invocations=12 (full 2):
 PSYoungGen      total 161792K, used 105370K [0x00000000f5580000, 0x0000000100000000, 0x0000000100000000)
  eden space 148992K, 62% used [0x00000000f5580000,0x00000000fafeb678,0x00000000fe700000)
  from space 12800K, 99% used [0x00000000fe700000,0x00000000ff37b558,0x00000000ff380000)
  to   space 12800K, 0% used [0x00000000ff380000,0x00000000ff380000,0x0000000100000000)
 ParOldGen       total 175104K, used 24116K [0x00000000e0000000, 0x00000000eab00000, 0x00000000f5580000)
  object space 175104K, 13% used [0x00000000e0000000,0x00000000e178d3e0,0x00000000eab00000)
 Metaspace       used 56440K, capacity 58964K, committed 59136K, reserved 1099776K
  class space    used 7863K, capacity 8434K, committed 8448K, reserved 1048576K
Event: 40.888 GC heap after
Heap after GC invocations=12 (full 2):
 PSYoungGen      total 146432K, used 12771K [0x00000000f5580000, 0x0000000100000000, 0x0000000100000000)
  eden space 133632K, 0% used [0x00000000f5580000,0x00000000f5580000,0x00000000fd800000)
  from space 12800K, 99% used [0x00000000ff380000,0x00000000ffff8f68,0x0000000100000000)
  to   space 20480K, 0% used [0x00000000fd800000,0x00000000fd800000,0x00000000fec00000)
 ParOldGen       total 175104K, used 32498K [0x00000000e0000000, 0x00000000eab00000, 0x00000000f5580000)
  object space 175104K, 18% used [0x00000000e0000000,0x00000000e1fbcbd0,0x00000000eab00000)
 Metaspace       used 56440K, capacity 58964K, committed 59136K, reserved 1099776K
  class space    used 7863K, capacity 8434K, committed 8448K, reserved 1048576K
}
Event: 40.888 GC heap before
{Heap before GC invocations=13 (full 3):
 PSYoungGen      total 146432K, used 12771K [0x00000000f5580000, 0x0000000100000000, 0x0000000100000000)
  eden space 133632K, 0% used [0x00000000f5580000,0x00000000f5580000,0x00000000fd800000)
  from space 12800K, 99% used [0x00000000ff380000,0x00000000ffff8f68,0x0000000100000000)
  to   space 20480K, 0% used [0x00000000fd800000,0x00000000fd800000,0x00000000fec00000)
 ParOldGen       total 175104K, used 32498K [0x00000000e0000000, 0x00000000eab00000, 0x00000000f5580000)
  object space 175104K, 18% used [0x00000000e0000000,0x00000000e1fbcbd0,0x00000000eab00000)
 Metaspace       used 56440K, capacity 58964K, committed 59136K, reserved 1099776K
  class space    used 7863K, capacity 8434K, committed 8448K, reserved 1048576K
Event: 41.482 GC heap after
Heap after GC invocations=13 (full 3):
 PSYoungGen      total 146432K, used 0K [0x00000000f5580000, 0x0000000100000000, 0x0000000100000000)
  eden space 133632K, 0% used [0x00000000f5580000,0x00000000f5580000,0x00000000fd800000)
  from space 12800K, 0% used [0x00000000ff380000,0x00000000ff380000,0x0000000100000000)
  to   space 20480K, 0% used [0x00000000fd800000,0x00000000fd800000,0x00000000fec00000)
 ParOldGen       total 214528K, used 36132K [0x00000000e0000000, 0x00000000ed180000, 0x00000000f5580000)
  object space 214528K, 16% used [0x00000000e0000000,0x00000000e2349390,0x00000000ed180000)
 Metaspace       used 56440K, capacity 58964K, committed 59136K, reserved 1099776K
  class space    used 7863K, capacity 8434K, committed 8448K, reserved 1048576K
}

Deoptimization events (10 events):
Event: 30.375 Thread 0x0000000017388800 Uncommon trap: reason=unstable_if action=reinterpret pc=0x000000000303f93c method=groovy.lang.MetaClassImpl$1MOPIter.methodNameAction(Ljava/lang/Class;Lorg/codehaus/groovy/runtime/metaclass/MetaMethodIndex$Entry;)V @ 182
Event: 30.560 Thread 0x0000000017388800 Uncommon trap: reason=null_check action=make_not_entrant pc=0x00000000035bb954 method=java.lang.Class.searchMethods([Ljava/lang/reflect/Method;Ljava/lang/String;[Ljava/lang/Class;)Ljava/lang/reflect/Method; @ 59
Event: 30.560 Thread 0x0000000017388800 Uncommon trap: reason=null_check action=make_not_entrant pc=0x00000000028a3470 method=java.lang.Class.searchMethods([Ljava/lang/reflect/Method;Ljava/lang/String;[Ljava/lang/Class;)Ljava/lang/reflect/Method; @ 59
Event: 30.792 Thread 0x0000000017388800 Uncommon trap: reason=unstable_if action=reinterpret pc=0x00000000030e9124 method=org.codehaus.groovy.runtime.metaclass.MetaMethodIndex.addMethodToList(Ljava/lang/Object;Lgroovy/lang/MetaMethod;)Ljava/lang/Object; @ 256
Event: 30.913 Thread 0x0000000017388800 Uncommon trap: reason=unstable_if action=reinterpret pc=0x00000000033dd810 method=java.util.HashMap.getNode(ILjava/lang/Object;)Ljava/util/HashMap$Node; @ 84
Event: 30.913 Thread 0x0000000017388800 Uncommon trap: reason=unstable_if action=reinterpret pc=0x0000000003258094 method=java.util.HashMap.putVal(ILjava/lang/Object;Ljava/lang/Object;ZZ)Ljava/lang/Object; @ 109
Event: 30.913 Thread 0x0000000017388800 Uncommon trap: reason=unstable_if action=reinterpret pc=0x000000000345e224 method=java.util.HashMap.getNode(ILjava/lang/Object;)Ljava/util/HashMap$Node; @ 84
Event: 30.913 Thread 0x0000000017388800 Uncommon trap: reason=unstable_if action=reinterpret pc=0x00000000029d8f34 method=java.util.HashMap.resize()[Ljava/util/HashMap$Node; @ 206
Event: 31.116 Thread 0x0000000017388800 Uncommon trap: reason=class_check action=maybe_recompile pc=0x0000000002e22668 method=java.util.WeakHashMap.eq(Ljava/lang/Object;Ljava/lang/Object;)Z @ 7
Event: 34.695 Thread 0x0000000017388800 Uncommon trap: reason=unstable_if action=reinterpret pc=0x0000000002f80994 method=java.io.BufferedReader.readLine(Z)Ljava/lang/String; @ 192

Classes redefined (0 events):
No events

Internal exceptions (10 events):
Event: 34.762 Thread 0x0000000017388800 Exception <a 'java/lang/ClassNotFoundException': com/android/build/gradle/internal/api/DefaultAndroidSourceSetCustomizer> (0x00000000f904e5f0) thrown at [C:\cygwin64\tmp\build\source\java-1.8.0-openjdk\tmp\jdk8u\hotspot\src\share\vm\classfile\systemDictio
Event: 34.767 Thread 0x0000000017388800 Exception <a 'java/lang/ClassNotFoundException': com/android/build/gradle/internal/api/DefaultAndroidSourceSet_DecoratedCustomizer> (0x00000000f90f5040) thrown at [C:\cygwin64\tmp\build\source\java-1.8.0-openjdk\tmp\jdk8u\hotspot\src\share\vm\classfile\sy
Event: 34.773 Thread 0x0000000017388800 Exception <a 'java/lang/ClassNotFoundException': com/android/build/gradle/internal/api/DefaultAndroidSourceDirectorySetBeanInfo> (0x00000000f91943f8) thrown at [C:\cygwin64\tmp\build\source\java-1.8.0-openjdk\tmp\jdk8u\hotspot\src\share\vm\classfile\syste
Event: 34.775 Thread 0x0000000017388800 Exception <a 'java/lang/ClassNotFoundException': com/android/build/gradle/internal/api/DefaultAndroidSourceDirectorySetCustomizer> (0x00000000f91b7ed8) thrown at [C:\cygwin64\tmp\build\source\java-1.8.0-openjdk\tmp\jdk8u\hotspot\src\share\vm\classfile\sys
Event: 34.851 Thread 0x0000000017388800 Exception <a 'java/lang/ClassNotFoundException': com/google/common/collect/SingletonImmutableSetBeanInfo> (0x00000000f930d058) thrown at [C:\cygwin64\tmp\build\source\java-1.8.0-openjdk\tmp\jdk8u\hotspot\src\share\vm\classfile\systemDictionary.cpp, line 2
Event: 34.852 Thread 0x0000000017388800 Exception <a 'java/lang/ClassNotFoundException': com/google/common/collect/ImmutableSetBeanInfo> (0x00000000f9327130) thrown at [C:\cygwin64\tmp\build\source\java-1.8.0-openjdk\tmp\jdk8u\hotspot\src\share\vm\classfile\systemDictionary.cpp, line 217]
Event: 34.852 Thread 0x0000000017388800 Exception <a 'java/lang/ClassNotFoundException': com/google/common/collect/ImmutableCollectionBeanInfo> (0x00000000f9343e20) thrown at [C:\cygwin64\tmp\build\source\java-1.8.0-openjdk\tmp\jdk8u\hotspot\src\share\vm\classfile\systemDictionary.cpp, line 217
Event: 34.853 Thread 0x0000000017388800 Exception <a 'java/lang/ClassNotFoundException': com/google/common/collect/ImmutableCollectionCustomizer> (0x00000000f9360c68) thrown at [C:\cygwin64\tmp\build\source\java-1.8.0-openjdk\tmp\jdk8u\hotspot\src\share\vm\classfile\systemDictionary.cpp, line 2
Event: 34.853 Thread 0x0000000017388800 Exception <a 'java/lang/ClassNotFoundException': com/google/common/collect/ImmutableSetCustomizer> (0x00000000f938ff20) thrown at [C:\cygwin64\tmp\build\source\java-1.8.0-openjdk\tmp\jdk8u\hotspot\src\share\vm\classfile\systemDictionary.cpp, line 217]
Event: 34.854 Thread 0x0000000017388800 Exception <a 'java/lang/ClassNotFoundException': com/google/common/collect/SingletonImmutableSetCustomizer> (0x00000000f93ce788) thrown at [C:\cygwin64\tmp\build\source\java-1.8.0-openjdk\tmp\jdk8u\hotspot\src\share\vm\classfile\systemDictionary.cpp, line

Events (10 events):
Event: 42.464 loading class org/gradle/work/InputChanges
Event: 42.464 loading class org/gradle/work/InputChanges done
Event: 42.464 loading class com/android/builder/files/SerializableFileChanges
Event: 42.464 loading class com/android/builder/files/SerializableFileChanges done
Event: 42.465 loading class org/gradle/work/Incremental
Event: 42.465 loading class org/gradle/work/Incremental done
Event: 42.467 loading class org/gradle/api/tasks/CompileClasspath
Event: 42.467 loading class org/gradle/api/tasks/CompileClasspath done
Event: 42.469 loading class org/gradle/api/artifacts/transform/InputArtifactDependencies
Event: 42.469 loading class org/gradle/api/artifacts/transform/InputArtifactDependencies done


Dynamic libraries:
0x00007ff6856f0000 - 0x00007ff685725000 	C:\Program Files\OpenJDK\openjdk-8u292-b10\bin\java.exe
0x00007ff9d0390000 - 0x00007ff9d0585000 	C:\WINDOWS\SYSTEM32\ntdll.dll
0x00007ff9d0010000 - 0x00007ff9d00cd000 	C:\WINDOWS\System32\KERNEL32.DLL
0x00007ff9cdd20000 - 0x00007ff9cdfe8000 	C:\WINDOWS\System32\KERNELBASE.dll
0x00007ff9ce870000 - 0x00007ff9ce91c000 	C:\WINDOWS\System32\ADVAPI32.dll
0x00007ff9d0180000 - 0x00007ff9d021e000 	C:\WINDOWS\System32\msvcrt.dll
0x00007ff9cedf0000 - 0x00007ff9cee8b000 	C:\WINDOWS\System32\sechost.dll
0x00007ff9cf770000 - 0x00007ff9cf89b000 	C:\WINDOWS\System32\RPCRT4.dll
0x00007ff9cef20000 - 0x00007ff9cf0c0000 	C:\WINDOWS\System32\USER32.dll
0x00007ff9ce1d0000 - 0x00007ff9ce1f2000 	C:\WINDOWS\System32\win32u.dll
0x00007ff9cf740000 - 0x00007ff9cf76a000 	C:\WINDOWS\System32\GDI32.dll
0x00007ff9ce200000 - 0x00007ff9ce30b000 	C:\WINDOWS\System32\gdi32full.dll
0x00007ff9cdad0000 - 0x00007ff9cdb6d000 	C:\WINDOWS\System32\msvcp_win.dll
0x00007ff9ce0a0000 - 0x00007ff9ce1a0000 	C:\WINDOWS\System32\ucrtbase.dll
0x00007ff9b5ee0000 - 0x00007ff9b617a000 	C:\WINDOWS\WinSxS\amd64_microsoft.windows.common-controls_6595b64144ccf1df_6.0.19041.844_none_ca00b6081b84eb1d\COMCTL32.dll
0x00007ff9cf120000 - 0x00007ff9cf150000 	C:\WINDOWS\System32\IMM32.DLL
0x0000000071a80000 - 0x0000000071b52000 	C:\Program Files\OpenJDK\openjdk-8u292-b10\jre\bin\msvcr100.dll
0x00000000711e0000 - 0x0000000071a75000 	C:\Program Files\OpenJDK\openjdk-8u292-b10\jre\bin\server\jvm.dll
0x00007ff9cf5f0000 - 0x00007ff9cf5f8000 	C:\WINDOWS\System32\PSAPI.DLL
0x00007ff9a5880000 - 0x00007ff9a5889000 	C:\WINDOWS\SYSTEM32\WSOCK32.dll
0x00007ff9cf150000 - 0x00007ff9cf1bb000 	C:\WINDOWS\System32\WS2_32.dll
0x00007ff9c4d00000 - 0x00007ff9c4d27000 	C:\WINDOWS\SYSTEM32\WINMM.dll
0x00007ff9c5780000 - 0x00007ff9c578a000 	C:\WINDOWS\SYSTEM32\VERSION.dll
0x00007ff9cad00000 - 0x00007ff9cad0f000 	C:\Program Files\OpenJDK\openjdk-8u292-b10\jre\bin\verify.dll
0x00007ff9bcbd0000 - 0x00007ff9bcbf9000 	C:\Program Files\OpenJDK\openjdk-8u292-b10\jre\bin\java.dll
0x00007ff9bf3a0000 - 0x00007ff9bf3b6000 	C:\Program Files\OpenJDK\openjdk-8u292-b10\jre\bin\zip.dll
0x00007ff9cf8c0000 - 0x00007ff9d0002000 	C:\WINDOWS\System32\SHELL32.dll
0x00007ff9cba80000 - 0x00007ff9cc211000 	C:\WINDOWS\SYSTEM32\windows.storage.dll
0x00007ff9ce3f0000 - 0x00007ff9ce745000 	C:\WINDOWS\System32\combase.dll
0x00007ff9cd470000 - 0x00007ff9cd49c000 	C:\WINDOWS\SYSTEM32\Wldp.dll
0x00007ff9d00d0000 - 0x00007ff9d017e000 	C:\WINDOWS\System32\SHCORE.dll
0x00007ff9cf0c0000 - 0x00007ff9cf115000 	C:\WINDOWS\System32\shlwapi.dll
0x00007ff9cda10000 - 0x00007ff9cda2f000 	C:\WINDOWS\SYSTEM32\profapi.dll
0x00007ff9bdce0000 - 0x00007ff9bdcfb000 	C:\Program Files\OpenJDK\openjdk-8u292-b10\jre\bin\net.dll
0x00007ff9cd1e0000 - 0x00007ff9cd24a000 	C:\WINDOWS\system32\mswsock.dll
0x00007ff9bb830000 - 0x00007ff9bb842000 	C:\Program Files\OpenJDK\openjdk-8u292-b10\jre\bin\nio.dll
0x00007ff9bb800000 - 0x00007ff9bb826000 	C:\Users\acer\.gradle\native\fdc75f09e3144964f2cf3f50f0aa648679c211496f362492102eb8c894070792\windows-amd64\native-platform.dll
0x00007ff99c8c0000 - 0x00007ff99ca51000 	C:\Users\acer\.gradle\native\12488b8bf47d2d4c9fbf2f6322a914ad602e24e48041cd04a747c6da556b65c4\windows-amd64\native-platform-file-events.dll
0x00007ff9c9e30000 - 0x00007ff9c9e3d000 	C:\Program Files\OpenJDK\openjdk-8u292-b10\jre\bin\management.dll
0x00007ff9cd3b0000 - 0x00007ff9cd3c8000 	C:\WINDOWS\SYSTEM32\CRYPTSP.dll
0x00007ff9ccb80000 - 0x00007ff9ccbb4000 	C:\WINDOWS\system32\rsaenh.dll
0x00007ff9ce1a0000 - 0x00007ff9ce1c7000 	C:\WINDOWS\System32\bcrypt.dll
0x00007ff9cd960000 - 0x00007ff9cd98e000 	C:\WINDOWS\SYSTEM32\USERENV.dll
0x00007ff9ce310000 - 0x00007ff9ce390000 	C:\WINDOWS\System32\bcryptprimitives.dll
0x00007ff9cd3d0000 - 0x00007ff9cd3dc000 	C:\WINDOWS\SYSTEM32\CRYPTBASE.dll
0x00007ff9cced0000 - 0x00007ff9ccf0b000 	C:\WINDOWS\SYSTEM32\IPHLPAPI.DLL
0x00007ff9cef10000 - 0x00007ff9cef18000 	C:\WINDOWS\System32\NSI.dll
0x00007ff9c0810000 - 0x00007ff9c0827000 	C:\WINDOWS\SYSTEM32\dhcpcsvc6.DLL
0x00007ff9c6bb0000 - 0x00007ff9c6bcd000 	C:\WINDOWS\SYSTEM32\dhcpcsvc.DLL
0x00007ff9ccf10000 - 0x00007ff9ccfdc000 	C:\WINDOWS\SYSTEM32\DNSAPI.dll
0x00007ff9c6cb0000 - 0x00007ff9c6cbb000 	C:\WINDOWS\SYSTEM32\WINNSI.DLL

VM Arguments:
jvm_args: -XX:MaxMetaspaceSize=256m -XX:+HeapDumpOnOutOfMemoryError -Xms256m -Xmx512m -Dfile.encoding=windows-1252 -Duser.country=US -Duser.language=en -Duser.variant 
java_command: org.gradle.launcher.daemon.bootstrap.GradleDaemon 6.7
java_class_path (initial): C:\Users\acer\.gradle\wrapper\dists\gradle-6.7-all\cuy9mc7upwgwgeb72wkcrupxe\gradle-6.7\lib\gradle-launcher-6.7.jar
Launcher Type: SUN_STANDARD

Environment Variables:
JAVA_HOME=C:\Program Files\OpenJDK\openjdk-8u292-b10
CLASSPATH=D:\sajiloapp\android\\gradle\wrapper\gradle-wrapper.jar
PATH=D:\sajiloapp\android\node_modules\.bin;D:\sajiloapp\node_modules\.bin;D:\node_modules\.bin;C:\Program Files\nodejs;D:\sajiloapp\node_modules\.bin;C:\Users\acer\AppData\Roaming\npm\node_modules\npm\node_modules\npm-lifecycle\node-gyp-bin;D:\sajiloapp\node_modules\.bin;C:\Program Files\Git\mingw64\bin;C:\Program Files\Git\usr\bin;C:\Users\acer\bin;C:\Program Files (x86)\Common Files\Oracle\Java\javapath;C:\ProgramData\Oracle\Java\javapath;C:\WINDOWS\system32;C:\WINDOWS;C:\WINDOWS\System32\Wbem;C:\WINDOWS\System32\WindowsPowerShell\v1.0;C:\Program Files\Microsoft SQL Server\120\Tools\Binn;C:\Program Files (x86)\GTK2-Runtime\lib;C:\WINDOWS\System32\OpenSSH;C:\Program Files\Microsoft SQL Server\Client SDK\ODBC\130\Tools\Binn;C:\Program Files (x86)\Microsoft SQL Server\140\Tools\Binn;C:\Program Files\Microsoft SQL Server\140\Tools\Binn;C:\Program Files\Microsoft SQL Server\140\DTS\Binn;C:\Program Files (x86)\Microsoft SQL Server\Client SDK\ODBC\130\Tools\Binn;C:\Program Files (x86)\Microsoft SQL Server\140\DTS\Binn;C:\Program Files (x86)\Microsoft SQL Server\140\Tools\Binn\ManagementStudio;C:\Program Files (x86)\Brackets\command;C:\Program Files\Git\cmd;C:\Users\acer\AppData\Roaming\nvm;C:\Program Files\nodejs;C:\ProgramData\chocolatey\bin;C:\Program Files\Java\jdk1.8.0_211\bin;C:\Program Files\nodejs;C:\Program Files\OpenJDK\openjdk-8u292-b10\bin;C:\Users\acer\AppData\Local\Programs\Python\Python37\Scripts;C:\Users\acer\AppData\Local\Programs\Python\Python37;C:\Program Files\aircrack-ng-1.2-rc4-win\bin\64bit;C:\Users\acer\AppData\Local\Microsoft\WindowsApps;C:\Users\acer\AppData\Local\atom\bin;C:\Users\acer\AppData\Local\Programs\Microsoft VS Code\bin;C:\xampp\php;C:\Program Files\MongoDB\Server\4.4\bin;C:\Users\acer\AppData\Roaming\nvm;C:\Program Files\nodejs;C:\Users\acer\AppData\Local\Android\Sdk\platform-tools;C:\Users\acer\AppData\Roaming\npm
USERNAME=acer
OS=Windows_NT
PROCESSOR_IDENTIFIER=Intel64 Family 6 Model 78 Stepping 3, GenuineIntel



---------------  S Y S T E M  ---------------

OS: Windows 10.0 , 64 bit Build 19041 (10.0.19041.928)

CPU:total 4 (initial active 4) (2 cores per cpu, 2 threads per core) family 6 model 78 stepping 3, cmov, cx8, fxsr, mmx, sse, sse2, sse3, ssse3, sse4.1, sse4.2, popcnt, avx, avx2, aes, clmul, erms, 3dnowpref, lzcnt, ht, tsc, tscinvbit, bmi1, bmi2, adx

Memory: 4k page, physical 12460960k(1046492k free), swap 12460960k(6536k free)

vm_info: OpenJDK 64-Bit Server VM (25.292-b10) for windows-amd64 JRE (1.8.0_292-b10), built on Apr  9 2021 12:12:51 by "build" with MS VC++ 10.0 (VS2010)

time: Mon May 10 14:25:44 2021
timezone: Nepal Standard Time
elapsed time: 42.520661 seconds (0d 0h 0m 42s)

