#
# There is insufficient memory for the Java Runtime Environment to continue.
# Native memory allocation (malloc) failed to allocate 32744 bytes for ChunkPool::allocate
# Possible reasons:
#   The system is out of physical RAM or swap space
#   The process is running with CompressedOops enabled, and the Java Heap may be blocking the growth of the native heap
# Possible solutions:
#   Reduce memory load on the system
#   Increase physical memory or swap space
#   Check if swap backing store is full
#   Decrease Java heap size (-Xmx/-Xms)
#   Decrease number of Java threads
#   Decrease Java thread stack sizes (-Xss)
#   Set larger code cache with -XX:ReservedCodeCacheSize=
#   JVM is running with Unscaled Compressed Oops mode in which the Java heap is
#     placed in the first 4GB address space. The Java Heap base address is the
#     maximum limit for the native heap growth. Please use -XX:HeapBaseMinAddress
#     to set the Java Heap base and to place the Java Heap above 4GB virtual address.
# This output file may be truncated or incomplete.
#
#  Out of Memory Error (allocation.cpp:272), pid=15896, tid=0x0000000000003e6c
#
# JRE version: OpenJDK Runtime Environment (8.0_292-b10) (build 1.8.0_292-b10)
# Java VM: OpenJDK 64-Bit Server VM (25.292-b10 mixed mode windows-amd64 compressed oops)
# Failed to write core dump. Minidumps are not enabled by default on client versions of Windows
#

---------------  T H R E A D  ---------------

Current thread (0x0000000013f66000):  VMThread [stack: 0x0000000015000000,0x0000000015100000] [id=15980]

Stack: [0x0000000015000000,0x0000000015100000]
[error occurred during error reporting (printing stack bounds), id 0xc0000005]

Native frames: (J=compiled Java code, j=interpreted, Vv=VM code, C=native code)

VM_Operation (0x00000000188491f0): BulkRevokeBias, mode: safepoint, requested by thread 0x00000000172e6800


---------------  P R O C E S S  ---------------

Java Threads: ( => current thread )
  0x0000000016000800 JavaThread "Cache worker for file content cache (C:\Users\acer\.gradle\caches\6.7\fileContent)" [_thread_blocked, id=4148, stack(0x000000001e0f0000,0x000000001e1f0000)]
  0x00000000193bb000 JavaThread "jar transforms" [_thread_blocked, id=15364, stack(0x000000001dff0000,0x000000001e0f0000)]
  0x00000000193b5800 JavaThread "Cache worker for execution history cache (C:\Users\acer\.gradle\caches\6.7\executionHistory)" [_thread_blocked, id=4624, stack(0x000000001baf0000,0x000000001bbf0000)]
  0x00000000193ba000 JavaThread "Cache worker for cache directory md-rule (C:\Users\acer\.gradle\caches\6.7\md-rule)" [_thread_blocked, id=12076, stack(0x000000001b9f0000,0x000000001baf0000)]
  0x00000000193b7000 JavaThread "Cache worker for cache directory md-supplier (C:\Users\acer\.gradle\caches\6.7\md-supplier)" [_thread_blocked, id=2404, stack(0x000000001b8f0000,0x000000001b9f0000)]
  0x00000000193bc800 JavaThread "Cache worker for checksums cache (D:\sajiloapp\android\.gradle\checksums)" [_thread_blocked, id=9440, stack(0x000000001b5f0000,0x000000001b6f0000)]
  0x00000000193b9800 JavaThread "Cache worker for file hash cache (D:\sajiloapp\android\.gradle\6.7\fileHashes)" [_thread_blocked, id=16368, stack(0x000000001b4f0000,0x000000001b5f0000)]
  0x00000000193b8800 JavaThread "Cache worker for journal cache (C:\Users\acer\.gradle\caches\journal-1)" [_thread_blocked, id=16328, stack(0x000000001aff0000,0x000000001b0f0000)]
  0x00000000193bc000 JavaThread "File lock request listener" [_thread_in_native, id=16312, stack(0x0000000019f20000,0x000000001a020000)]
  0x00000000193b6800 JavaThread "Cache worker for file hash cache (C:\Users\acer\.gradle\caches\6.7\fileHashes)" [_thread_blocked, id=16308, stack(0x0000000019d20000,0x0000000019e20000)]
  0x00000000172db800 JavaThread "Thread-9" [_thread_blocked, id=16280, stack(0x0000000018a50000,0x0000000018b50000)]
  0x00000000172da800 JavaThread "Stdin handler" [_thread_blocked, id=16276, stack(0x0000000018950000,0x0000000018a50000)]
  0x00000000172ce800 JavaThread "Asynchronous log dispatcher for DefaultDaemonConnection: socket connection from /127.0.0.1:63870 to /127.0.0.1:63871" [_thread_blocked, id=16272, stack(0x0000000018850000,0x0000000018950000)]
  0x00000000172e6800 JavaThread "Daemon worker" [_thread_blocked, id=16260, stack(0x0000000018750000,0x0000000018850000)]
  0x00000000172b7000 JavaThread "Cancel handler" [_thread_blocked, id=16256, stack(0x0000000018650000,0x0000000018750000)]
  0x0000000016af5800 JavaThread "Handler for socket connection from /127.0.0.1:63870 to /127.0.0.1:63871" [_thread_in_native, id=16252, stack(0x0000000018350000,0x0000000018450000)]
  0x0000000016af5000 JavaThread "Daemon" [_thread_blocked, id=16248, stack(0x0000000018250000,0x0000000018350000)]
  0x0000000016e2b800 JavaThread "Daemon periodic checks" [_thread_blocked, id=16240, stack(0x0000000018150000,0x0000000018250000)]
  0x0000000016e2b000 JavaThread "Incoming local TCP Connector on port 63870" [_thread_in_native, id=16236, stack(0x0000000017f10000,0x0000000018010000)]
  0x000000001658a800 JavaThread "Daemon health stats" [_thread_blocked, id=16212, stack(0x00000000176d0000,0x00000000177d0000)]
  0x0000000015940000 JavaThread "Service Thread" daemon [_thread_blocked, id=16012, stack(0x0000000015d00000,0x0000000015e00000)]
  0x0000000013fbf000 JavaThread "C1 CompilerThread2" daemon [_thread_blocked, id=16008, stack(0x0000000015800000,0x0000000015900000)]
  0x0000000013fba800 JavaThread "C2 CompilerThread1" daemon [_thread_blocked, id=16004, stack(0x0000000015700000,0x0000000015800000)]
  0x0000000013fbd800 JavaThread "C2 CompilerThread0" daemon [_thread_blocked, id=16000, stack(0x0000000015600000,0x0000000015700000)]
  0x0000000013fb2000 JavaThread "Attach Listener" daemon [_thread_blocked, id=15996, stack(0x0000000015500000,0x0000000015600000)]
  0x0000000013faf800 JavaThread "Signal Dispatcher" daemon [_thread_blocked, id=15992, stack(0x0000000015400000,0x0000000015500000)]
  0x0000000002b79800 JavaThread "Finalizer" daemon [_thread_blocked, id=15988, stack(0x0000000015200000,0x0000000015300000)]
  0x0000000013f89000 JavaThread "Reference Handler" daemon [_thread_blocked, id=15984, stack(0x0000000015100000,0x0000000015200000)]
  0x0000000002a86000 JavaThread "main" [_thread_blocked, id=15960, stack(0x0000000002980000,0x0000000002a80000)]

Other Threads:
=>0x0000000013f66000 VMThread [stack: 0x0000000015000000,0x0000000015100000] [id=15980]
  0x0000000013ffc800 WatcherThread [stack: 0x0000000015e00000,0x0000000015f00000] [id=16016]

VM state:at safepoint (normal execution)

VM Mutex/Monitor currently owned by a thread:  ([mutex/lock_event])
[0x0000000002a818d0] Threads_lock - owner thread: 0x0000000013f66000

heap address: 0x00000000e0000000, size: 512 MB, Compressed Oops mode: 32-bit
Narrow klass base: 0x0000000000000000, Narrow klass shift: 3
Compressed class space size: 1073741824 Address: 0x0000000100000000

Heap:
 PSYoungGen      total 72704K, used 35596K [0x00000000f5580000, 0x00000000fab00000, 0x0000000100000000)
  eden space 64000K, 42% used [0x00000000f5580000,0x00000000f701baa0,0x00000000f9400000)
  from space 8704K, 95% used [0x00000000f9580000,0x00000000f9da7870,0x00000000f9e00000)
  to   space 11776K, 0% used [0x00000000f9f80000,0x00000000f9f80000,0x00000000fab00000)
 ParOldGen       total 175104K, used 8269K [0x00000000e0000000, 0x00000000eab00000, 0x00000000f5580000)
  object space 175104K, 4% used [0x00000000e0000000,0x00000000e0813660,0x00000000eab00000)
 Metaspace       used 30423K, capacity 31376K, committed 31616K, reserved 1077248K
  class space    used 4254K, capacity 4467K, committed 4480K, reserved 1048576K

Card table byte_map: [0x0000000011f40000,0x0000000012050000] byte_map_base: 0x0000000011840000

Marking Bits: (ParMarkBitMap*) 0x00000000719f3420
 Begin Bits: [0x0000000012500000, 0x0000000012d00000)
 End Bits:   [0x0000000012d00000, 0x0000000013500000)

Polling page: 0x0000000001120000

CodeCache: size=245760Kb used=8826Kb max_used=8826Kb free=236933Kb
 bounds [0x0000000002b80000, 0x0000000003430000, 0x0000000011b80000]
 total_blobs=3020 nmethods=2346 adapters=586
 compilation: enabled

Compilation events (10 events):
Event: 48.926 Thread 0x0000000013fbf000 2550       3       sun.reflect.generics.repository.MethodRepository::getReturnType (41 bytes)
Event: 48.927 Thread 0x0000000013fbf000 nmethod 2550 0x0000000003420b90 code [0x0000000003420d40, 0x0000000003421468]
Event: 48.927 Thread 0x0000000013fbf000 2552       3       org.codehaus.groovy.util.ComplexKeyHashMap::<init> (11 bytes)
Event: 48.927 Thread 0x0000000013fbf000 nmethod 2552 0x00000000034216d0 code [0x0000000003421840, 0x0000000003421b70]
Event: 48.927 Thread 0x0000000013fbf000 2553       3       org.codehaus.groovy.util.ComplexKeyHashMap::init (20 bytes)
Event: 48.928 Thread 0x0000000013fbf000 nmethod 2553 0x0000000003421c90 code [0x0000000003421de0, 0x0000000003422010]
Event: 48.928 Thread 0x0000000013fbf000 2551       3       org.codehaus.groovy.util.SingleKeyHashMap::<init> (5 bytes)
Event: 48.928 Thread 0x0000000013fbf000 nmethod 2551 0x00000000034220d0 code [0x0000000003422240, 0x00000000034225d0]
Event: 48.928 Thread 0x0000000013fbf000 2554       3       java.util.ComparableTimSort::binarySort (223 bytes)
Event: 48.929 Thread 0x0000000013fbf000 nmethod 2554 0x0000000003422710 code [0x0000000003422900, 0x00000000034233d8]

GC Heap History (10 events):
Event: 30.256 GC heap before
{Heap before GC invocations=2 (full 0):
 PSYoungGen      total 76288K, used 71337K [0x00000000f5580000, 0x00000000faa80000, 0x0000000100000000)
  eden space 65536K, 100% used [0x00000000f5580000,0x00000000f9580000,0x00000000f9580000)
  from space 10752K, 53% used [0x00000000f9580000,0x00000000f9b2a778,0x00000000fa000000)
  to   space 10752K, 0% used [0x00000000fa000000,0x00000000fa000000,0x00000000faa80000)
 ParOldGen       total 175104K, used 16K [0x00000000e0000000, 0x00000000eab00000, 0x00000000f5580000)
  object space 175104K, 0% used [0x00000000e0000000,0x00000000e0004000,0x00000000eab00000)
 Metaspace       used 14025K, capacity 14486K, committed 14720K, reserved 1062912K
  class space    used 1969K, capacity 2099K, committed 2176K, reserved 1048576K
Event: 30.274 GC heap after
Heap after GC invocations=2 (full 0):
 PSYoungGen      total 76288K, used 9233K [0x00000000f5580000, 0x00000000faa80000, 0x0000000100000000)
  eden space 65536K, 0% used [0x00000000f5580000,0x00000000f5580000,0x00000000f9580000)
  from space 10752K, 85% used [0x00000000fa000000,0x00000000fa904638,0x00000000faa80000)
  to   space 10752K, 0% used [0x00000000f9580000,0x00000000f9580000,0x00000000fa000000)
 ParOldGen       total 175104K, used 24K [0x00000000e0000000, 0x00000000eab00000, 0x00000000f5580000)
  object space 175104K, 0% used [0x00000000e0000000,0x00000000e0006000,0x00000000eab00000)
 Metaspace       used 14025K, capacity 14486K, committed 14720K, reserved 1062912K
  class space    used 1969K, capacity 2099K, committed 2176K, reserved 1048576K
}
Event: 38.722 GC heap before
{Heap before GC invocations=3 (full 0):
 PSYoungGen      total 76288K, used 74769K [0x00000000f5580000, 0x00000000faa80000, 0x0000000100000000)
  eden space 65536K, 100% used [0x00000000f5580000,0x00000000f9580000,0x00000000f9580000)
  from space 10752K, 85% used [0x00000000fa000000,0x00000000fa904638,0x00000000faa80000)
  to   space 10752K, 0% used [0x00000000f9580000,0x00000000f9580000,0x00000000fa000000)
 ParOldGen       total 175104K, used 24K [0x00000000e0000000, 0x00000000eab00000, 0x00000000f5580000)
  object space 175104K, 0% used [0x00000000e0000000,0x00000000e0006000,0x00000000eab00000)
 Metaspace       used 19125K, capacity 19738K, committed 19968K, reserved 1067008K
  class space    used 2771K, capacity 2963K, committed 3072K, reserved 1048576K
Event: 38.742 GC heap after
Heap after GC invocations=3 (full 0):
 PSYoungGen      total 76288K, used 10740K [0x00000000f5580000, 0x00000000faa80000, 0x0000000100000000)
  eden space 65536K, 0% used [0x00000000f5580000,0x00000000f5580000,0x00000000f9580000)
  from space 10752K, 99% used [0x00000000f9580000,0x00000000f9ffd378,0x00000000fa000000)
  to   space 10752K, 0% used [0x00000000fa000000,0x00000000fa000000,0x00000000faa80000)
 ParOldGen       total 175104K, used 586K [0x00000000e0000000, 0x00000000eab00000, 0x00000000f5580000)
  object space 175104K, 0% used [0x00000000e0000000,0x00000000e00929d0,0x00000000eab00000)
 Metaspace       used 19125K, capacity 19738K, committed 19968K, reserved 1067008K
  class space    used 2771K, capacity 2963K, committed 3072K, reserved 1048576K
}
Event: 40.658 GC heap before
{Heap before GC invocations=4 (full 0):
 PSYoungGen      total 76288K, used 33591K [0x00000000f5580000, 0x00000000faa80000, 0x0000000100000000)
  eden space 65536K, 34% used [0x00000000f5580000,0x00000000f6bd0b50,0x00000000f9580000)
  from space 10752K, 99% used [0x00000000f9580000,0x00000000f9ffd378,0x00000000fa000000)
  to   space 10752K, 0% used [0x00000000fa000000,0x00000000fa000000,0x00000000faa80000)
 ParOldGen       total 175104K, used 586K [0x00000000e0000000, 0x00000000eab00000, 0x00000000f5580000)
  object space 175104K, 0% used [0x00000000e0000000,0x00000000e00929d0,0x00000000eab00000)
 Metaspace       used 20547K, capacity 21150K, committed 21296K, reserved 1067008K
  class space    used 3008K, capacity 3171K, committed 3200K, reserved 1048576K
Event: 40.668 GC heap after
Heap after GC invocations=4 (full 0):
 PSYoungGen      total 76288K, used 8416K [0x00000000f5580000, 0x00000000faa80000, 0x0000000100000000)
  eden space 65536K, 0% used [0x00000000f5580000,0x00000000f5580000,0x00000000f9580000)
  from space 10752K, 78% used [0x00000000fa000000,0x00000000fa838190,0x00000000faa80000)
  to   space 10752K, 0% used [0x00000000f9580000,0x00000000f9580000,0x00000000fa000000)
 ParOldGen       total 175104K, used 594K [0x00000000e0000000, 0x00000000eab00000, 0x00000000f5580000)
  object space 175104K, 0% used [0x00000000e0000000,0x00000000e00949d0,0x00000000eab00000)
 Metaspace       used 20547K, capacity 21150K, committed 21296K, reserved 1067008K
  class space    used 3008K, capacity 3171K, committed 3200K, reserved 1048576K
}
Event: 40.668 GC heap before
{Heap before GC invocations=5 (full 1):
 PSYoungGen      total 76288K, used 8416K [0x00000000f5580000, 0x00000000faa80000, 0x0000000100000000)
  eden space 65536K, 0% used [0x00000000f5580000,0x00000000f5580000,0x00000000f9580000)
  from space 10752K, 78% used [0x00000000fa000000,0x00000000fa838190,0x00000000faa80000)
  to   space 10752K, 0% used [0x00000000f9580000,0x00000000f9580000,0x00000000fa000000)
 ParOldGen       total 175104K, used 594K [0x00000000e0000000, 0x00000000eab00000, 0x00000000f5580000)
  object space 175104K, 0% used [0x00000000e0000000,0x00000000e00949d0,0x00000000eab00000)
 Metaspace       used 20547K, capacity 21150K, committed 21296K, reserved 1067008K
  class space    used 3008K, capacity 3171K, committed 3200K, reserved 1048576K
Event: 40.869 GC heap after
Heap after GC invocations=5 (full 1):
 PSYoungGen      total 76288K, used 0K [0x00000000f5580000, 0x00000000faa80000, 0x0000000100000000)
  eden space 65536K, 0% used [0x00000000f5580000,0x00000000f5580000,0x00000000f9580000)
  from space 10752K, 0% used [0x00000000fa000000,0x00000000fa000000,0x00000000faa80000)
  to   space 10752K, 0% used [0x00000000f9580000,0x00000000f9580000,0x00000000fa000000)
 ParOldGen       total 175104K, used 8261K [0x00000000e0000000, 0x00000000eab00000, 0x00000000f5580000)
  object space 175104K, 4% used [0x00000000e0000000,0x00000000e0811660,0x00000000eab00000)
 Metaspace       used 20547K, capacity 21150K, committed 21296K, reserved 1067008K
  class space    used 3008K, capacity 3171K, committed 3200K, reserved 1048576K
}
Event: 46.377 GC heap before
{Heap before GC invocations=6 (full 1):
 PSYoungGen      total 76288K, used 65536K [0x00000000f5580000, 0x00000000faa80000, 0x0000000100000000)
  eden space 65536K, 100% used [0x00000000f5580000,0x00000000f9580000,0x00000000f9580000)
  from space 10752K, 0% used [0x00000000fa000000,0x00000000fa000000,0x00000000faa80000)
  to   space 10752K, 0% used [0x00000000f9580000,0x00000000f9580000,0x00000000fa000000)
 ParOldGen       total 175104K, used 8261K [0x00000000e0000000, 0x00000000eab00000, 0x00000000f5580000)
  object space 175104K, 4% used [0x00000000e0000000,0x00000000e0811660,0x00000000eab00000)
 Metaspace       used 28561K, capacity 29450K, committed 29696K, reserved 1075200K
  class space    used 4109K, capacity 4348K, committed 4352K, reserved 1048576K
Event: 46.386 GC heap after
Heap after GC invocations=6 (full 1):
 PSYoungGen      total 72704K, used 8350K [0x00000000f5580000, 0x00000000fab00000, 0x0000000100000000)
  eden space 64000K, 0% used [0x00000000f5580000,0x00000000f5580000,0x00000000f9400000)
  from space 8704K, 95% used [0x00000000f9580000,0x00000000f9da7870,0x00000000f9e00000)
  to   space 11776K, 0% used [0x00000000f9f80000,0x00000000f9f80000,0x00000000fab00000)
 ParOldGen       total 175104K, used 8269K [0x00000000e0000000, 0x00000000eab00000, 0x00000000f5580000)
  object space 175104K, 4% used [0x00000000e0000000,0x00000000e0813660,0x00000000eab00000)
 Metaspace       used 28561K, capacity 29450K, committed 29696K, reserved 1075200K
  class space    used 4109K, capacity 4348K, committed 4352K, reserved 1048576K
}

Deoptimization events (10 events):
Event: 45.521 Thread 0x00000000172e6800 Uncommon trap: reason=class_check action=maybe_recompile pc=0x00000000031f42d4 method=java.io.DataInputStream.readInt()I @ 4
Event: 45.521 Thread 0x00000000172e6800 Uncommon trap: reason=class_check action=maybe_recompile pc=0x00000000031f42d4 method=java.io.DataInputStream.readInt()I @ 4
Event: 45.764 Thread 0x00000000193b8800 Uncommon trap: reason=class_check action=maybe_recompile pc=0x00000000031f42d4 method=java.io.DataInputStream.readInt()I @ 4
Event: 45.764 Thread 0x00000000193b8800 Uncommon trap: reason=class_check action=maybe_recompile pc=0x00000000031f42d4 method=java.io.DataInputStream.readInt()I @ 4
Event: 46.373 Thread 0x00000000172e6800 Uncommon trap: reason=unstable_if action=reinterpret pc=0x0000000003201040 method=java.net.URLClassLoader.defineClass(Ljava/lang/String;Lsun/misc/Resource;)Ljava/lang/Class; @ 21
Event: 46.376 Thread 0x00000000172e6800 Uncommon trap: reason=unstable_if action=reinterpret pc=0x0000000002d36ab4 method=java.lang.ClassLoader.getClassLoadingLock(Ljava/lang/String;)Ljava/lang/Object; @ 6
Event: 46.389 Thread 0x0000000013f89000 Uncommon trap: reason=unstable_if action=reinterpret pc=0x0000000003101f7c method=java.lang.ref.Reference.tryHandlePending(Z)Z @ 104
Event: 47.611 Thread 0x00000000172e6800 Uncommon trap: reason=unstable_if action=reinterpret pc=0x0000000002e31f3c method=sun.nio.cs.UTF_8$Decoder.decode([BII[C)I @ 30
Event: 47.612 Thread 0x00000000172e6800 Uncommon trap: reason=unstable_if action=reinterpret pc=0x0000000002d75050 method=sun.nio.cs.UTF_8$Encoder.encode([CII[B)I @ 33
Event: 48.767 Thread 0x00000000172e6800 Uncommon trap: reason=unstable_if action=reinterpret pc=0x000000000322e868 method=java.net.URLClassLoader.defineClass(Ljava/lang/String;Lsun/misc/Resource;)Ljava/lang/Class; @ 21

Classes redefined (0 events):
No events

Internal exceptions (10 events):
Event: 48.838 Thread 0x00000000172e6800 Exception <a 'java/lang/ClassNotFoundException': org/codehaus/groovy/runtime/GStringImplBeanInfo> (0x00000000f6cde838) thrown at [C:\cygwin64\tmp\build\source\java-1.8.0-openjdk\tmp\jdk8u\hotspot\src\share\vm\classfile\systemDictionary.cpp, line 217]
Event: 48.845 Thread 0x00000000172e6800 Exception <a 'java/lang/ClassNotFoundException': org/codehaus/groovy/runtime/GStringImplCustomizer> (0x00000000f6d0b9b0) thrown at [C:\cygwin64\tmp\build\source\java-1.8.0-openjdk\tmp\jdk8u\hotspot\src\share\vm\classfile\systemDictionary.cpp, line 217]
Event: 48.874 Thread 0x00000000172e6800 Exception <a 'java/lang/ClassNotFoundException': ReactNativeModulesBeanInfo> (0x00000000f6d4b7f8) thrown at [C:\cygwin64\tmp\build\source\java-1.8.0-openjdk\tmp\jdk8u\hotspot\src\share\vm\classfile\systemDictionary.cpp, line 217]
Event: 48.874 Thread 0x00000000172e6800 Exception <a 'java/lang/ClassNotFoundException': ReactNativeModulesCustomizer> (0x00000000f6d50788) thrown at [C:\cygwin64\tmp\build\source\java-1.8.0-openjdk\tmp\jdk8u\hotspot\src\share\vm\classfile\systemDictionary.cpp, line 217]
Event: 48.914 Thread 0x00000000172e6800 Exception <a 'java/lang/ClassNotFoundException': java/util/ArrayListBeanInfo> (0x00000000f6eb8418) thrown at [C:\cygwin64\tmp\build\source\java-1.8.0-openjdk\tmp\jdk8u\hotspot\src\share\vm\classfile\systemDictionary.cpp, line 217]
Event: 48.914 Thread 0x00000000172e6800 Exception <a 'java/lang/ClassNotFoundException': java/util/AbstractListBeanInfo> (0x00000000f6ebc2e0) thrown at [C:\cygwin64\tmp\build\source\java-1.8.0-openjdk\tmp\jdk8u\hotspot\src\share\vm\classfile\systemDictionary.cpp, line 217]
Event: 48.914 Thread 0x00000000172e6800 Exception <a 'java/lang/ClassNotFoundException': java/util/AbstractCollectionBeanInfo> (0x00000000f6ec0270) thrown at [C:\cygwin64\tmp\build\source\java-1.8.0-openjdk\tmp\jdk8u\hotspot\src\share\vm\classfile\systemDictionary.cpp, line 217]
Event: 48.915 Thread 0x00000000172e6800 Exception <a 'java/lang/ClassNotFoundException': java/util/AbstractCollectionCustomizer> (0x00000000f6ec4238) thrown at [C:\cygwin64\tmp\build\source\java-1.8.0-openjdk\tmp\jdk8u\hotspot\src\share\vm\classfile\systemDictionary.cpp, line 217]
Event: 48.918 Thread 0x00000000172e6800 Exception <a 'java/lang/ClassNotFoundException': java/util/AbstractListCustomizer> (0x00000000f6ed2ad0) thrown at [C:\cygwin64\tmp\build\source\java-1.8.0-openjdk\tmp\jdk8u\hotspot\src\share\vm\classfile\systemDictionary.cpp, line 217]
Event: 48.925 Thread 0x00000000172e6800 Exception <a 'java/lang/ClassNotFoundException': java/util/ArrayListCustomizer> (0x00000000f6ee47d0) thrown at [C:\cygwin64\tmp\build\source\java-1.8.0-openjdk\tmp\jdk8u\hotspot\src\share\vm\classfile\systemDictionary.cpp, line 217]

Events (10 events):
Event: 48.918 loading class java/util/AbstractListCustomizer done
Event: 48.918 loading class java/util/AbstractListCustomizer
Event: 48.918 loading class java/util/AbstractListCustomizer done
Event: 48.924 loading class java/util/ArrayListCustomizer
Event: 48.924 loading class java/util/ArrayListCustomizer done
Event: 48.925 loading class java/util/ArrayListCustomizer
Event: 48.925 loading class java/util/ArrayListCustomizer done
Event: 48.927 loading class groovy/runtime/metaclass/java/util/HashMapMetaClass
Event: 48.927 loading class groovy/runtime/metaclass/java/util/HashMapMetaClass done
Event: 48.931 Executing VM operation: BulkRevokeBias


Dynamic libraries:
0x00007ff786e00000 - 0x00007ff786e35000 	C:\Program Files\OpenJDK\openjdk-8u292-b10\bin\java.exe
0x00007ff9d0390000 - 0x00007ff9d0585000 	C:\WINDOWS\SYSTEM32\ntdll.dll
0x00007ff9d0010000 - 0x00007ff9d00cd000 	C:\WINDOWS\System32\KERNEL32.DLL
0x00007ff9cdd20000 - 0x00007ff9cdfe8000 	C:\WINDOWS\System32\KERNELBASE.dll
0x00007ff9ce870000 - 0x00007ff9ce91c000 	C:\WINDOWS\System32\ADVAPI32.dll
0x00007ff9d0180000 - 0x00007ff9d021e000 	C:\WINDOWS\System32\msvcrt.dll
0x00007ff9cedf0000 - 0x00007ff9cee8b000 	C:\WINDOWS\System32\sechost.dll
0x00007ff9cf770000 - 0x00007ff9cf89b000 	C:\WINDOWS\System32\RPCRT4.dll
0x00007ff9cef20000 - 0x00007ff9cf0c0000 	C:\WINDOWS\System32\USER32.dll
0x00007ff9ce1d0000 - 0x00007ff9ce1f2000 	C:\WINDOWS\System32\win32u.dll
0x00007ff9cf740000 - 0x00007ff9cf76a000 	C:\WINDOWS\System32\GDI32.dll
0x00007ff9ce200000 - 0x00007ff9ce30b000 	C:\WINDOWS\System32\gdi32full.dll
0x00007ff9cdad0000 - 0x00007ff9cdb6d000 	C:\WINDOWS\System32\msvcp_win.dll
0x00007ff9ce0a0000 - 0x00007ff9ce1a0000 	C:\WINDOWS\System32\ucrtbase.dll
0x00007ff9b5ee0000 - 0x00007ff9b617a000 	C:\WINDOWS\WinSxS\amd64_microsoft.windows.common-controls_6595b64144ccf1df_6.0.19041.844_none_ca00b6081b84eb1d\COMCTL32.dll
0x00007ff9cf120000 - 0x00007ff9cf150000 	C:\WINDOWS\System32\IMM32.DLL
0x0000000071a80000 - 0x0000000071b52000 	C:\Program Files\OpenJDK\openjdk-8u292-b10\jre\bin\msvcr100.dll
0x00000000711e0000 - 0x0000000071a75000 	C:\Program Files\OpenJDK\openjdk-8u292-b10\jre\bin\server\jvm.dll
0x00007ff9cf5f0000 - 0x00007ff9cf5f8000 	C:\WINDOWS\System32\PSAPI.DLL
0x00007ff9c5780000 - 0x00007ff9c578a000 	C:\WINDOWS\SYSTEM32\VERSION.dll
0x00007ff9a5880000 - 0x00007ff9a5889000 	C:\WINDOWS\SYSTEM32\WSOCK32.dll
0x00007ff9c4d00000 - 0x00007ff9c4d27000 	C:\WINDOWS\SYSTEM32\WINMM.dll
0x00007ff9cf150000 - 0x00007ff9cf1bb000 	C:\WINDOWS\System32\WS2_32.dll
0x00007ff9bb7f0000 - 0x00007ff9bb7ff000 	C:\Program Files\OpenJDK\openjdk-8u292-b10\jre\bin\verify.dll
0x00007ff9ad0b0000 - 0x00007ff9ad0d9000 	C:\Program Files\OpenJDK\openjdk-8u292-b10\jre\bin\java.dll
0x00007ff9ba4b0000 - 0x00007ff9ba4c6000 	C:\Program Files\OpenJDK\openjdk-8u292-b10\jre\bin\zip.dll
0x00007ff9cf8c0000 - 0x00007ff9d0002000 	C:\WINDOWS\System32\SHELL32.dll
0x00007ff9cba80000 - 0x00007ff9cc211000 	C:\WINDOWS\SYSTEM32\windows.storage.dll
0x00007ff9ce3f0000 - 0x00007ff9ce745000 	C:\WINDOWS\System32\combase.dll
0x00007ff9cd470000 - 0x00007ff9cd49c000 	C:\WINDOWS\SYSTEM32\Wldp.dll
0x00007ff9d00d0000 - 0x00007ff9d017e000 	C:\WINDOWS\System32\SHCORE.dll
0x00007ff9cf0c0000 - 0x00007ff9cf115000 	C:\WINDOWS\System32\shlwapi.dll
0x00007ff9cda10000 - 0x00007ff9cda2f000 	C:\WINDOWS\SYSTEM32\profapi.dll
0x00007ff9cad00000 - 0x00007ff9cad1b000 	C:\Program Files\OpenJDK\openjdk-8u292-b10\jre\bin\net.dll
0x00007ff9cd1e0000 - 0x00007ff9cd24a000 	C:\WINDOWS\system32\mswsock.dll
0x00007ff9bf3a0000 - 0x00007ff9bf3b2000 	C:\Program Files\OpenJDK\openjdk-8u292-b10\jre\bin\nio.dll
0x00007ff9aba70000 - 0x00007ff9aba96000 	C:\Users\acer\.gradle\native\fdc75f09e3144964f2cf3f50f0aa648679c211496f362492102eb8c894070792\windows-amd64\native-platform.dll
0x00007ff9a09b0000 - 0x00007ff9a0b41000 	C:\Users\acer\.gradle\native\12488b8bf47d2d4c9fbf2f6322a914ad602e24e48041cd04a747c6da556b65c4\windows-amd64\native-platform-file-events.dll
0x00007ff9cad30000 - 0x00007ff9cad3d000 	C:\Program Files\OpenJDK\openjdk-8u292-b10\jre\bin\management.dll
0x00007ff9cd3b0000 - 0x00007ff9cd3c8000 	C:\WINDOWS\SYSTEM32\CRYPTSP.dll
0x00007ff9ccb80000 - 0x00007ff9ccbb4000 	C:\WINDOWS\system32\rsaenh.dll
0x00007ff9ce1a0000 - 0x00007ff9ce1c7000 	C:\WINDOWS\System32\bcrypt.dll
0x00007ff9cd960000 - 0x00007ff9cd98e000 	C:\WINDOWS\SYSTEM32\USERENV.dll
0x00007ff9ce310000 - 0x00007ff9ce390000 	C:\WINDOWS\System32\bcryptprimitives.dll
0x00007ff9cd3d0000 - 0x00007ff9cd3dc000 	C:\WINDOWS\SYSTEM32\CRYPTBASE.dll
0x00007ff9cced0000 - 0x00007ff9ccf0b000 	C:\WINDOWS\SYSTEM32\IPHLPAPI.DLL
0x00007ff9cef10000 - 0x00007ff9cef18000 	C:\WINDOWS\System32\NSI.dll
0x00007ff9c0810000 - 0x00007ff9c0827000 	C:\WINDOWS\SYSTEM32\dhcpcsvc6.DLL
0x00007ff9c6bb0000 - 0x00007ff9c6bcd000 	C:\WINDOWS\SYSTEM32\dhcpcsvc.DLL
0x00007ff9ccf10000 - 0x00007ff9ccfdc000 	C:\WINDOWS\SYSTEM32\DNSAPI.dll
0x00007ff9c6cb0000 - 0x00007ff9c6cbb000 	C:\WINDOWS\SYSTEM32\WINNSI.DLL

VM Arguments:
jvm_args: -XX:MaxMetaspaceSize=256m -XX:+HeapDumpOnOutOfMemoryError -Xms256m -Xmx512m -Dfile.encoding=windows-1252 -Duser.country=US -Duser.language=en -Duser.variant 
java_command: org.gradle.launcher.daemon.bootstrap.GradleDaemon 6.7
java_class_path (initial): C:\Users\acer\.gradle\wrapper\dists\gradle-6.7-all\cuy9mc7upwgwgeb72wkcrupxe\gradle-6.7\lib\gradle-launcher-6.7.jar
Launcher Type: SUN_STANDARD

Environment Variables:
JAVA_HOME=C:\Program Files\OpenJDK\openjdk-8u292-b10
CLASSPATH=D:\sajiloapp\android\\gradle\wrapper\gradle-wrapper.jar
PATH=D:\sajiloapp\android\node_modules\.bin;D:\sajiloapp\node_modules\.bin;D:\node_modules\.bin;C:\Program Files\nodejs;D:\sajiloapp\node_modules\.bin;C:\Users\acer\AppData\Roaming\npm\node_modules\npm\node_modules\npm-lifecycle\node-gyp-bin;D:\sajiloapp\node_modules\.bin;C:\Program Files\Git\mingw64\bin;C:\Program Files\Git\usr\bin;C:\Users\acer\bin;C:\Program Files (x86)\Common Files\Oracle\Java\javapath;C:\ProgramData\Oracle\Java\javapath;C:\WINDOWS\system32;C:\WINDOWS;C:\WINDOWS\System32\Wbem;C:\WINDOWS\System32\WindowsPowerShell\v1.0;C:\Program Files\Microsoft SQL Server\120\Tools\Binn;C:\Program Files (x86)\GTK2-Runtime\lib;C:\WINDOWS\System32\OpenSSH;C:\Program Files\Microsoft SQL Server\Client SDK\ODBC\130\Tools\Binn;C:\Program Files (x86)\Microsoft SQL Server\140\Tools\Binn;C:\Program Files\Microsoft SQL Server\140\Tools\Binn;C:\Program Files\Microsoft SQL Server\140\DTS\Binn;C:\Program Files (x86)\Microsoft SQL Server\Client SDK\ODBC\130\Tools\Binn;C:\Program Files (x86)\Microsoft SQL Server\140\DTS\Binn;C:\Program Files (x86)\Microsoft SQL Server\140\Tools\Binn\ManagementStudio;C:\Program Files (x86)\Brackets\command;C:\Program Files\Git\cmd;C:\Users\acer\AppData\Roaming\nvm;C:\Program Files\nodejs;C:\ProgramData\chocolatey\bin;C:\Program Files\Java\jdk1.8.0_211\bin;C:\Program Files\nodejs;C:\Program Files\OpenJDK\openjdk-8u292-b10\bin;C:\Users\acer\AppData\Local\Programs\Python\Python37\Scripts;C:\Users\acer\AppData\Local\Programs\Python\Python37;C:\Program Files\aircrack-ng-1.2-rc4-win\bin\64bit;C:\Users\acer\AppData\Local\Microsoft\WindowsApps;C:\Users\acer\AppData\Local\atom\bin;C:\Users\acer\AppData\Local\Programs\Microsoft VS Code\bin;C:\xampp\php;C:\Program Files\MongoDB\Server\4.4\bin;C:\Users\acer\AppData\Roaming\nvm;C:\Program Files\nodejs;C:\Users\acer\AppData\Local\Android\Sdk\platform-tools;C:\Users\acer\AppData\Roaming\npm
USERNAME=acer
OS=Windows_NT
PROCESSOR_IDENTIFIER=Intel64 Family 6 Model 78 Stepping 3, GenuineIntel



---------------  S Y S T E M  ---------------

OS: Windows 10.0 , 64 bit Build 19041 (10.0.19041.928)

CPU:total 4 (initial active 4) (2 cores per cpu, 2 threads per core) family 6 model 78 stepping 3, cmov, cx8, fxsr, mmx, sse, sse2, sse3, ssse3, sse4.1, sse4.2, popcnt, avx, avx2, aes, clmul, erms, 3dnowpref, lzcnt, ht, tsc, tscinvbit, bmi1, bmi2, adx

Memory: 4k page, physical 12460960k(2391104k free), swap 12460960k(3736k free)

vm_info: OpenJDK 64-Bit Server VM (25.292-b10) for windows-amd64 JRE (1.8.0_292-b10), built on Apr  9 2021 12:12:51 by "build" with MS VC++ 10.0 (VS2010)

time: Mon May 10 14:00:22 2021
timezone: Nepal Standard Time
elapsed time: 49.027159 seconds (0d 0h 0m 49s)

