#
# There is insufficient memory for the Java Runtime Environment to continue.
# Native memory allocation (malloc) failed to allocate 743856 bytes for Chunk::new
# Possible reasons:
#   The system is out of physical RAM or swap space
#   The process is running with CompressedOops enabled, and the Java Heap may be blocking the growth of the native heap
# Possible solutions:
#   Reduce memory load on the system
#   Increase physical memory or swap space
#   Check if swap backing store is full
#   Decrease Java heap size (-Xmx/-Xms)
#   Decrease number of Java threads
#   Decrease Java thread stack sizes (-Xss)
#   Set larger code cache with -XX:ReservedCodeCacheSize=
#   JVM is running with Unscaled Compressed Oops mode in which the Java heap is
#     placed in the first 4GB address space. The Java Heap base address is the
#     maximum limit for the native heap growth. Please use -XX:HeapBaseMinAddress
#     to set the Java Heap base and to place the Java Heap above 4GB virtual address.
# This output file may be truncated or incomplete.
#
#  Out of Memory Error (allocation.cpp:389), pid=8676, tid=0x0000000000003788
#
# JRE version: OpenJDK Runtime Environment (8.0_292-b10) (build 1.8.0_292-b10)
# Java VM: OpenJDK 64-Bit Server VM (25.292-b10 mixed mode windows-amd64 compressed oops)
# Failed to write core dump. Minidumps are not enabled by default on client versions of Windows
#

---------------  T H R E A D  ---------------

Current thread (0x0000000013dba800):  JavaThread "C2 CompilerThread1" daemon [_thread_in_native, id=14216, stack(0x0000000015500000,0x0000000015600000)]

Stack: [0x0000000015500000,0x0000000015600000]
[error occurred during error reporting (printing stack bounds), id 0xc0000005]

Native frames: (J=compiled Java code, j=interpreted, Vv=VM code, C=native code)


Current CompileTask:
C2:  20603 1511   !   4       java.net.URLClassLoader$1::run (63 bytes)


---------------  P R O C E S S  ---------------

Java Threads: ( => current thread )
  0x00000000194f5000 JavaThread "File lock request listener" [_thread_in_native, id=16168, stack(0x0000000019c20000,0x0000000019d20000)]
  0x00000000194f2000 JavaThread "Cache worker for file hash cache (C:\Users\acer\.gradle\caches\6.7\fileHashes)" [_thread_blocked, id=16172, stack(0x0000000019b20000,0x0000000019c20000)]
  0x0000000016433000 JavaThread "Thread-9" [_thread_blocked, id=12244, stack(0x0000000018850000,0x0000000018950000)]
  0x0000000016a93800 JavaThread "Stdin handler" [_thread_blocked, id=15288, stack(0x0000000018750000,0x0000000018850000)]
  0x00000000163b0800 JavaThread "Asynchronous log dispatcher for DefaultDaemonConnection: socket connection from /127.0.0.1:64132 to /127.0.0.1:64133" [_thread_blocked, id=5704, stack(0x0000000018650000,0x0000000018750000)]
  0x00000000163ab800 JavaThread "Daemon worker" [_thread_in_native, id=2240, stack(0x0000000018550000,0x0000000018650000)]
  0x000000001709e800 JavaThread "Cancel handler" [_thread_blocked, id=3852, stack(0x0000000018450000,0x0000000018550000)]
  0x000000001709a000 JavaThread "Handler for socket connection from /127.0.0.1:64132 to /127.0.0.1:64133" [_thread_in_native, id=11796, stack(0x0000000018150000,0x0000000018250000)]
  0x0000000017099000 JavaThread "Daemon" [_thread_blocked, id=4256, stack(0x0000000018050000,0x0000000018150000)]
  0x00000000158f3800 JavaThread "Daemon periodic checks" [_thread_blocked, id=10464, stack(0x0000000017f50000,0x0000000018050000)]
  0x00000000158f2800 JavaThread "Incoming local TCP Connector on port 64132" [_thread_in_native, id=10744, stack(0x0000000017d10000,0x0000000017e10000)]
  0x000000001704f000 JavaThread "Daemon health stats" [_thread_blocked, id=7156, stack(0x00000000174d0000,0x00000000175d0000)]
  0x0000000015738800 JavaThread "Service Thread" daemon [_thread_blocked, id=15960, stack(0x0000000015b00000,0x0000000015c00000)]
  0x0000000013dbb800 JavaThread "C1 CompilerThread2" daemon [_thread_blocked, id=15632, stack(0x0000000015600000,0x0000000015700000)]
=>0x0000000013dba800 JavaThread "C2 CompilerThread1" daemon [_thread_in_native, id=14216, stack(0x0000000015500000,0x0000000015600000)]
  0x0000000013dbd800 JavaThread "C2 CompilerThread0" daemon [_thread_in_native, id=16240, stack(0x0000000015400000,0x0000000015500000)]
  0x0000000013db2800 JavaThread "Attach Listener" daemon [_thread_blocked, id=2740, stack(0x0000000015300000,0x0000000015400000)]
  0x0000000013d8f800 JavaThread "Signal Dispatcher" daemon [_thread_blocked, id=5864, stack(0x0000000015200000,0x0000000015300000)]
  0x0000000013d8a000 JavaThread "Finalizer" daemon [_thread_blocked, id=15928, stack(0x0000000015000000,0x0000000015100000)]
  0x0000000013d89000 JavaThread "Reference Handler" daemon [_thread_blocked, id=15920, stack(0x0000000014f00000,0x0000000015000000)]
  0x0000000002866000 JavaThread "main" [_thread_blocked, id=13804, stack(0x0000000002720000,0x0000000002820000)]

Other Threads:
  0x0000000013d66000 VMThread [stack: 0x0000000014e00000,0x0000000014f00000] [id=13644]
  0x0000000013dc4800 WatcherThread [stack: 0x0000000015c00000,0x0000000015d00000] [id=3996]

VM state:not at safepoint (normal execution)

VM Mutex/Monitor currently owned by a thread: None

heap address: 0x00000000e0000000, size: 512 MB, Compressed Oops mode: 32-bit
Narrow klass base: 0x0000000000000000, Narrow klass shift: 3
Compressed class space size: 1073741824 Address: 0x0000000100000000

Heap:
 PSYoungGen      total 76288K, used 12664K [0x00000000f5580000, 0x00000000faa80000, 0x0000000100000000)
  eden space 65536K, 5% used [0x00000000f5580000,0x00000000f58d5bc0,0x00000000f9580000)
  from space 10752K, 86% used [0x00000000fa000000,0x00000000fa9085b8,0x00000000faa80000)
  to   space 10752K, 0% used [0x00000000f9580000,0x00000000f9580000,0x00000000fa000000)
 ParOldGen       total 175104K, used 16K [0x00000000e0000000, 0x00000000eab00000, 0x00000000f5580000)
  object space 175104K, 0% used [0x00000000e0000000,0x00000000e0004000,0x00000000eab00000)
 Metaspace       used 14314K, capacity 14738K, committed 14976K, reserved 1062912K
  class space    used 2007K, capacity 2133K, committed 2176K, reserved 1048576K

Card table byte_map: [0x0000000011df0000,0x0000000011f00000] byte_map_base: 0x00000000116f0000

Marking Bits: (ParMarkBitMap*) 0x00000000719f3420
 Begin Bits: [0x0000000012300000, 0x0000000012b00000)
 End Bits:   [0x0000000012b00000, 0x0000000013300000)

Polling page: 0x0000000000ed0000

CodeCache: size=245760Kb used=4929Kb max_used=5072Kb free=240830Kb
 bounds [0x0000000002a30000, 0x0000000002f30000, 0x0000000011a30000]
 total_blobs=1774 nmethods=1394 adapters=292
 compilation: enabled

Compilation events (10 events):
Event: 20.481 Thread 0x0000000013dbd800 1510       4       java.net.URLClassLoader$1::run (5 bytes)
Event: 20.481 Thread 0x0000000013dba800 1511   !   4       java.net.URLClassLoader$1::run (63 bytes)
Event: 20.482 Thread 0x0000000013dbb800 1512       3       java.lang.Class::isAnnotation (17 bytes)
Event: 20.482 Thread 0x0000000013dbb800 nmethod 1512 0x0000000002bd2710 code [0x0000000002bd2880, 0x0000000002bd2ae8]
Event: 20.482 Thread 0x0000000013dbb800 1514       3       org.gradle.internal.service.DefaultServiceRegistry::assertValidServiceType (51 bytes)
Event: 20.483 Thread 0x0000000013dbb800 nmethod 1514 0x0000000002d7f2d0 code [0x0000000002d7f4a0, 0x0000000002d7fba8]
Event: 20.483 Thread 0x0000000013dbb800 1513       1       java.util.Collections$EmptyList::isEmpty (2 bytes)
Event: 20.483 Thread 0x0000000013dbb800 nmethod 1513 0x0000000002b86150 code [0x0000000002b862a0, 0x0000000002b863b0]
Event: 20.549 Thread 0x0000000013dbb800 1516   !   3       java.lang.ClassLoader::definePackage (77 bytes)
Event: 20.550 Thread 0x0000000013dbb800 nmethod 1516 0x0000000002b56790 code [0x0000000002b56940, 0x0000000002b56fd8]

GC Heap History (4 events):
Event: 12.993 GC heap before
{Heap before GC invocations=1 (full 0):
 PSYoungGen      total 76288K, used 65536K [0x00000000f5580000, 0x00000000faa80000, 0x0000000100000000)
  eden space 65536K, 100% used [0x00000000f5580000,0x00000000f9580000,0x00000000f9580000)
  from space 10752K, 0% used [0x00000000fa000000,0x00000000fa000000,0x00000000faa80000)
  to   space 10752K, 0% used [0x00000000f9580000,0x00000000f9580000,0x00000000fa000000)
 ParOldGen       total 175104K, used 0K [0x00000000e0000000, 0x00000000eab00000, 0x00000000f5580000)
  object space 175104K, 0% used [0x00000000e0000000,0x00000000e0000000,0x00000000eab00000)
 Metaspace       used 7362K, capacity 7614K, committed 7680K, reserved 1056768K
  class space    used 915K, capacity 1005K, committed 1024K, reserved 1048576K
Event: 13.018 GC heap after
Heap after GC invocations=1 (full 0):
 PSYoungGen      total 76288K, used 5759K [0x00000000f5580000, 0x00000000faa80000, 0x0000000100000000)
  eden space 65536K, 0% used [0x00000000f5580000,0x00000000f5580000,0x00000000f9580000)
  from space 10752K, 53% used [0x00000000f9580000,0x00000000f9b1ff98,0x00000000fa000000)
  to   space 10752K, 0% used [0x00000000fa000000,0x00000000fa000000,0x00000000faa80000)
 ParOldGen       total 175104K, used 8K [0x00000000e0000000, 0x00000000eab00000, 0x00000000f5580000)
  object space 175104K, 0% used [0x00000000e0000000,0x00000000e0002000,0x00000000eab00000)
 Metaspace       used 7362K, capacity 7614K, committed 7680K, reserved 1056768K
  class space    used 915K, capacity 1005K, committed 1024K, reserved 1048576K
}
Event: 20.442 GC heap before
{Heap before GC invocations=2 (full 0):
 PSYoungGen      total 76288K, used 71295K [0x00000000f5580000, 0x00000000faa80000, 0x0000000100000000)
  eden space 65536K, 100% used [0x00000000f5580000,0x00000000f9580000,0x00000000f9580000)
  from space 10752K, 53% used [0x00000000f9580000,0x00000000f9b1ff98,0x00000000fa000000)
  to   space 10752K, 0% used [0x00000000fa000000,0x00000000fa000000,0x00000000faa80000)
 ParOldGen       total 175104K, used 8K [0x00000000e0000000, 0x00000000eab00000, 0x00000000f5580000)
  object space 175104K, 0% used [0x00000000e0000000,0x00000000e0002000,0x00000000eab00000)
 Metaspace       used 14027K, capacity 14502K, committed 14720K, reserved 1062912K
  class space    used 1971K, capacity 2099K, committed 2176K, reserved 1048576K
Event: 20.457 GC heap after
Heap after GC invocations=2 (full 0):
 PSYoungGen      total 76288K, used 9249K [0x00000000f5580000, 0x00000000faa80000, 0x0000000100000000)
  eden space 65536K, 0% used [0x00000000f5580000,0x00000000f5580000,0x00000000f9580000)
  from space 10752K, 86% used [0x00000000fa000000,0x00000000fa9085b8,0x00000000faa80000)
  to   space 10752K, 0% used [0x00000000f9580000,0x00000000f9580000,0x00000000fa000000)
 ParOldGen       total 175104K, used 16K [0x00000000e0000000, 0x00000000eab00000, 0x00000000f5580000)
  object space 175104K, 0% used [0x00000000e0000000,0x00000000e0004000,0x00000000eab00000)
 Metaspace       used 14027K, capacity 14502K, committed 14720K, reserved 1062912K
  class space    used 1971K, capacity 2099K, committed 2176K, reserved 1048576K
}

Deoptimization events (10 events):
Event: 17.540 Thread 0x00000000163ab800 Uncommon trap: reason=bimorphic action=maybe_recompile pc=0x0000000002cace98 method=java.util.HashMap.putVal(ILjava/lang/Object;Ljava/lang/Object;ZZ)Ljava/lang/Object; @ 253
Event: 17.540 Thread 0x00000000163ab800 Uncommon trap: reason=bimorphic action=maybe_recompile pc=0x0000000002cace98 method=java.util.HashMap.putVal(ILjava/lang/Object;Ljava/lang/Object;ZZ)Ljava/lang/Object; @ 253
Event: 17.541 Thread 0x00000000163ab800 Uncommon trap: reason=class_check action=maybe_recompile pc=0x0000000002cad050 method=java.util.HashMap.putVal(ILjava/lang/Object;Ljava/lang/Object;ZZ)Ljava/lang/Object; @ 203
Event: 17.541 Thread 0x00000000163ab800 Uncommon trap: reason=class_check action=maybe_recompile pc=0x0000000002cad050 method=java.util.HashMap.putVal(ILjava/lang/Object;Ljava/lang/Object;ZZ)Ljava/lang/Object; @ 203
Event: 17.541 Thread 0x00000000163ab800 Uncommon trap: reason=bimorphic action=maybe_recompile pc=0x0000000002cace98 method=java.util.HashMap.putVal(ILjava/lang/Object;Ljava/lang/Object;ZZ)Ljava/lang/Object; @ 253
Event: 17.541 Thread 0x00000000163ab800 Uncommon trap: reason=bimorphic action=maybe_recompile pc=0x0000000002cace98 method=java.util.HashMap.putVal(ILjava/lang/Object;Ljava/lang/Object;ZZ)Ljava/lang/Object; @ 253
Event: 20.383 Thread 0x00000000163ab800 Uncommon trap: reason=class_check action=maybe_recompile pc=0x0000000002d6a5c8 method=java.util.regex.Matcher.match(II)Z @ 86
Event: 20.421 Thread 0x00000000163ab800 Uncommon trap: reason=class_check action=maybe_recompile pc=0x0000000002d6a5c8 method=java.util.regex.Matcher.match(II)Z @ 86
Event: 20.422 Thread 0x00000000163ab800 Uncommon trap: reason=class_check action=maybe_recompile pc=0x0000000002d6a5c8 method=java.util.regex.Matcher.match(II)Z @ 86
Event: 20.423 Thread 0x00000000163ab800 Uncommon trap: reason=class_check action=maybe_recompile pc=0x0000000002be2754 method=java.util.regex.Matcher.match(II)Z @ 86

Classes redefined (0 events):
No events

Internal exceptions (10 events):
Event: 0.886 Thread 0x0000000002866000 Exception <a 'java/lang/ArrayIndexOutOfBoundsException'> (0x00000000f694f6d0) thrown at [C:\cygwin64\tmp\build\source\java-1.8.0-openjdk\tmp\jdk8u\hotspot\src\share\vm\runtime\sharedRuntime.cpp, line 609]
Event: 0.886 Thread 0x0000000002866000 Exception <a 'java/lang/ArrayIndexOutOfBoundsException'> (0x00000000f6951408) thrown at [C:\cygwin64\tmp\build\source\java-1.8.0-openjdk\tmp\jdk8u\hotspot\src\share\vm\runtime\sharedRuntime.cpp, line 609]
Event: 1.422 Thread 0x0000000002866000 Exception <a 'java/lang/ArrayIndexOutOfBoundsException'> (0x00000000f6c38880) thrown at [C:\cygwin64\tmp\build\source\java-1.8.0-openjdk\tmp\jdk8u\hotspot\src\share\vm\runtime\sharedRuntime.cpp, line 609]
Event: 1.422 Thread 0x0000000002866000 Exception <a 'java/lang/ArrayIndexOutOfBoundsException'> (0x00000000f6c444a0) thrown at [C:\cygwin64\tmp\build\source\java-1.8.0-openjdk\tmp\jdk8u\hotspot\src\share\vm\runtime\sharedRuntime.cpp, line 609]
Event: 1.450 Thread 0x0000000002866000 Exception <a 'java/lang/ArrayIndexOutOfBoundsException'> (0x00000000f6c53c18) thrown at [C:\cygwin64\tmp\build\source\java-1.8.0-openjdk\tmp\jdk8u\hotspot\src\share\vm\runtime\sharedRuntime.cpp, line 609]
Event: 1.453 Thread 0x0000000002866000 Exception <a 'java/lang/ArrayIndexOutOfBoundsException'> (0x00000000f6c68ec0) thrown at [C:\cygwin64\tmp\build\source\java-1.8.0-openjdk\tmp\jdk8u\hotspot\src\share\vm\runtime\sharedRuntime.cpp, line 609]
Event: 1.471 Thread 0x0000000002866000 Exception <a 'java/lang/ArrayIndexOutOfBoundsException'> (0x00000000f6c76b20) thrown at [C:\cygwin64\tmp\build\source\java-1.8.0-openjdk\tmp\jdk8u\hotspot\src\share\vm\runtime\sharedRuntime.cpp, line 609]
Event: 1.472 Thread 0x0000000002866000 Exception <a 'java/lang/ArrayIndexOutOfBoundsException'> (0x00000000f6c85fd0) thrown at [C:\cygwin64\tmp\build\source\java-1.8.0-openjdk\tmp\jdk8u\hotspot\src\share\vm\runtime\sharedRuntime.cpp, line 609]
Event: 16.584 Thread 0x0000000002866000 Exception <a 'java/io/IOException'> (0x00000000f74a8c88) thrown at [C:\cygwin64\tmp\build\source\java-1.8.0-openjdk\tmp\jdk8u\hotspot\src\share\vm\prims\jni.cpp, line 711]
Event: 19.911 Thread 0x00000000163ab800 Exception <a 'java/lang/NoSuchMethodError': java.lang.Object.lambda$static$0(Lorg/gradle/internal/state/ModelObject;)Ljava/lang/String;> (0x00000000f8c24670) thrown at [C:\cygwin64\tmp\build\source\java-1.8.0-openjdk\tmp\jdk8u\hotspot\src\share\vm\interpr

Events (10 events):
Event: 20.565 loading class org/gradle/cache/internal/InMemoryDecoratedCache
Event: 20.565 loading class org/gradle/cache/internal/InMemoryDecoratedCache done
Event: 20.565 loading class org/gradle/cache/internal/InMemoryCacheController
Event: 20.565 loading class org/gradle/cache/internal/InMemoryCacheController done
Event: 20.566 loading class org/gradle/cache/internal/CrossProcessSynchronizingCache
Event: 20.566 loading class org/gradle/cache/internal/CrossProcessSynchronizingCache done
Event: 20.567 loading class org/gradle/internal/Factories
Event: 20.567 loading class org/gradle/internal/Factories done
Event: 20.567 loading class org/gradle/internal/Factories$1
Event: 20.567 loading class org/gradle/internal/Factories$1 done


Dynamic libraries:
0x00007ff6856f0000 - 0x00007ff685725000 	C:\Program Files\OpenJDK\openjdk-8u292-b10\bin\java.exe
0x00007ff9d0390000 - 0x00007ff9d0585000 	C:\WINDOWS\SYSTEM32\ntdll.dll
0x00007ff9d0010000 - 0x00007ff9d00cd000 	C:\WINDOWS\System32\KERNEL32.DLL
0x00007ff9cdd20000 - 0x00007ff9cdfe8000 	C:\WINDOWS\System32\KERNELBASE.dll
0x00007ff9ce870000 - 0x00007ff9ce91c000 	C:\WINDOWS\System32\ADVAPI32.dll
0x00007ff9d0180000 - 0x00007ff9d021e000 	C:\WINDOWS\System32\msvcrt.dll
0x00007ff9cedf0000 - 0x00007ff9cee8b000 	C:\WINDOWS\System32\sechost.dll
0x00007ff9cf770000 - 0x00007ff9cf89b000 	C:\WINDOWS\System32\RPCRT4.dll
0x00007ff9cef20000 - 0x00007ff9cf0c0000 	C:\WINDOWS\System32\USER32.dll
0x00007ff9ce1d0000 - 0x00007ff9ce1f2000 	C:\WINDOWS\System32\win32u.dll
0x00007ff9cf740000 - 0x00007ff9cf76a000 	C:\WINDOWS\System32\GDI32.dll
0x00007ff9ce200000 - 0x00007ff9ce30b000 	C:\WINDOWS\System32\gdi32full.dll
0x00007ff9cdad0000 - 0x00007ff9cdb6d000 	C:\WINDOWS\System32\msvcp_win.dll
0x00007ff9ce0a0000 - 0x00007ff9ce1a0000 	C:\WINDOWS\System32\ucrtbase.dll
0x00007ff9b5ee0000 - 0x00007ff9b617a000 	C:\WINDOWS\WinSxS\amd64_microsoft.windows.common-controls_6595b64144ccf1df_6.0.19041.844_none_ca00b6081b84eb1d\COMCTL32.dll
0x00007ff9cf120000 - 0x00007ff9cf150000 	C:\WINDOWS\System32\IMM32.DLL
0x0000000071a80000 - 0x0000000071b52000 	C:\Program Files\OpenJDK\openjdk-8u292-b10\jre\bin\msvcr100.dll
0x00000000711e0000 - 0x0000000071a75000 	C:\Program Files\OpenJDK\openjdk-8u292-b10\jre\bin\server\jvm.dll
0x00007ff9cf5f0000 - 0x00007ff9cf5f8000 	C:\WINDOWS\System32\PSAPI.DLL
0x00007ff9c4d00000 - 0x00007ff9c4d27000 	C:\WINDOWS\SYSTEM32\WINMM.dll
0x00007ff9c5780000 - 0x00007ff9c578a000 	C:\WINDOWS\SYSTEM32\VERSION.dll
0x00007ff9a5880000 - 0x00007ff9a5889000 	C:\WINDOWS\SYSTEM32\WSOCK32.dll
0x00007ff9cf150000 - 0x00007ff9cf1bb000 	C:\WINDOWS\System32\WS2_32.dll
0x00007ff9caca0000 - 0x00007ff9cacaf000 	C:\Program Files\OpenJDK\openjdk-8u292-b10\jre\bin\verify.dll
0x00007ff9b4d20000 - 0x00007ff9b4d49000 	C:\Program Files\OpenJDK\openjdk-8u292-b10\jre\bin\java.dll
0x00007ff9bf3a0000 - 0x00007ff9bf3b6000 	C:\Program Files\OpenJDK\openjdk-8u292-b10\jre\bin\zip.dll
0x00007ff9cf8c0000 - 0x00007ff9d0002000 	C:\WINDOWS\System32\SHELL32.dll
0x00007ff9cba80000 - 0x00007ff9cc211000 	C:\WINDOWS\SYSTEM32\windows.storage.dll
0x00007ff9ce3f0000 - 0x00007ff9ce745000 	C:\WINDOWS\System32\combase.dll
0x00007ff9cd470000 - 0x00007ff9cd49c000 	C:\WINDOWS\SYSTEM32\Wldp.dll
0x00007ff9d00d0000 - 0x00007ff9d017e000 	C:\WINDOWS\System32\SHCORE.dll
0x00007ff9cf0c0000 - 0x00007ff9cf115000 	C:\WINDOWS\System32\shlwapi.dll
0x00007ff9cda10000 - 0x00007ff9cda2f000 	C:\WINDOWS\SYSTEM32\profapi.dll
0x00007ff9bdce0000 - 0x00007ff9bdcfb000 	C:\Program Files\OpenJDK\openjdk-8u292-b10\jre\bin\net.dll
0x00007ff9cd1e0000 - 0x00007ff9cd24a000 	C:\WINDOWS\system32\mswsock.dll
0x00007ff9bd1c0000 - 0x00007ff9bd1d2000 	C:\Program Files\OpenJDK\openjdk-8u292-b10\jre\bin\nio.dll
0x00007ff9bcbd0000 - 0x00007ff9bcbf6000 	C:\Users\acer\.gradle\native\fdc75f09e3144964f2cf3f50f0aa648679c211496f362492102eb8c894070792\windows-amd64\native-platform.dll
0x00007ff9a09b0000 - 0x00007ff9a0b41000 	C:\Users\acer\.gradle\native\12488b8bf47d2d4c9fbf2f6322a914ad602e24e48041cd04a747c6da556b65c4\windows-amd64\native-platform-file-events.dll
0x00007ff9c9d70000 - 0x00007ff9c9d7d000 	C:\Program Files\OpenJDK\openjdk-8u292-b10\jre\bin\management.dll
0x00007ff9cd3b0000 - 0x00007ff9cd3c8000 	C:\WINDOWS\SYSTEM32\CRYPTSP.dll
0x00007ff9ccb80000 - 0x00007ff9ccbb4000 	C:\WINDOWS\system32\rsaenh.dll
0x00007ff9ce1a0000 - 0x00007ff9ce1c7000 	C:\WINDOWS\System32\bcrypt.dll
0x00007ff9cd960000 - 0x00007ff9cd98e000 	C:\WINDOWS\SYSTEM32\USERENV.dll
0x00007ff9ce310000 - 0x00007ff9ce390000 	C:\WINDOWS\System32\bcryptprimitives.dll
0x00007ff9cd3d0000 - 0x00007ff9cd3dc000 	C:\WINDOWS\SYSTEM32\CRYPTBASE.dll
0x00007ff9cced0000 - 0x00007ff9ccf0b000 	C:\WINDOWS\SYSTEM32\IPHLPAPI.DLL
0x00007ff9cef10000 - 0x00007ff9cef18000 	C:\WINDOWS\System32\NSI.dll
0x00007ff9c0810000 - 0x00007ff9c0827000 	C:\WINDOWS\SYSTEM32\dhcpcsvc6.DLL
0x00007ff9c6bb0000 - 0x00007ff9c6bcd000 	C:\WINDOWS\SYSTEM32\dhcpcsvc.DLL
0x00007ff9ccf10000 - 0x00007ff9ccfdc000 	C:\WINDOWS\SYSTEM32\DNSAPI.dll
0x00007ff9c6cb0000 - 0x00007ff9c6cbb000 	C:\WINDOWS\SYSTEM32\WINNSI.DLL

VM Arguments:
jvm_args: -XX:MaxMetaspaceSize=256m -XX:+HeapDumpOnOutOfMemoryError -Xms256m -Xmx512m -Dfile.encoding=windows-1252 -Duser.country=US -Duser.language=en -Duser.variant 
java_command: org.gradle.launcher.daemon.bootstrap.GradleDaemon 6.7
java_class_path (initial): C:\Users\acer\.gradle\wrapper\dists\gradle-6.7-all\cuy9mc7upwgwgeb72wkcrupxe\gradle-6.7\lib\gradle-launcher-6.7.jar
Launcher Type: SUN_STANDARD

Environment Variables:
JAVA_HOME=C:\Program Files\OpenJDK\openjdk-8u292-b10
CLASSPATH=D:\sajiloapp\android\\gradle\wrapper\gradle-wrapper.jar
PATH=D:\sajiloapp\android\node_modules\.bin;D:\sajiloapp\node_modules\.bin;D:\node_modules\.bin;C:\Program Files\nodejs;D:\sajiloapp\node_modules\.bin;C:\Users\acer\AppData\Roaming\npm\node_modules\npm\node_modules\npm-lifecycle\node-gyp-bin;D:\sajiloapp\node_modules\.bin;C:\Program Files\Git\mingw64\bin;C:\Program Files\Git\usr\bin;C:\Users\acer\bin;C:\Program Files (x86)\Common Files\Oracle\Java\javapath;C:\ProgramData\Oracle\Java\javapath;C:\WINDOWS\system32;C:\WINDOWS;C:\WINDOWS\System32\Wbem;C:\WINDOWS\System32\WindowsPowerShell\v1.0;C:\Program Files\Microsoft SQL Server\120\Tools\Binn;C:\Program Files (x86)\GTK2-Runtime\lib;C:\WINDOWS\System32\OpenSSH;C:\Program Files\Microsoft SQL Server\Client SDK\ODBC\130\Tools\Binn;C:\Program Files (x86)\Microsoft SQL Server\140\Tools\Binn;C:\Program Files\Microsoft SQL Server\140\Tools\Binn;C:\Program Files\Microsoft SQL Server\140\DTS\Binn;C:\Program Files (x86)\Microsoft SQL Server\Client SDK\ODBC\130\Tools\Binn;C:\Program Files (x86)\Microsoft SQL Server\140\DTS\Binn;C:\Program Files (x86)\Microsoft SQL Server\140\Tools\Binn\ManagementStudio;C:\Program Files (x86)\Brackets\command;C:\Program Files\Git\cmd;C:\Users\acer\AppData\Roaming\nvm;C:\Program Files\nodejs;C:\ProgramData\chocolatey\bin;C:\Program Files\Java\jdk1.8.0_211\bin;C:\Program Files\nodejs;C:\Program Files\OpenJDK\openjdk-8u292-b10\bin;C:\Users\acer\AppData\Local\Programs\Python\Python37\Scripts;C:\Users\acer\AppData\Local\Programs\Python\Python37;C:\Program Files\aircrack-ng-1.2-rc4-win\bin\64bit;C:\Users\acer\AppData\Local\Microsoft\WindowsApps;C:\Users\acer\AppData\Local\atom\bin;C:\Users\acer\AppData\Local\Programs\Microsoft VS Code\bin;C:\xampp\php;C:\Program Files\MongoDB\Server\4.4\bin;C:\Users\acer\AppData\Roaming\nvm;C:\Program Files\nodejs;C:\Users\acer\AppData\Local\Android\Sdk\platform-tools;C:\Users\acer\AppData\Roaming\npm
USERNAME=acer
OS=Windows_NT
PROCESSOR_IDENTIFIER=Intel64 Family 6 Model 78 Stepping 3, GenuineIntel



---------------  S Y S T E M  ---------------

OS: Windows 10.0 , 64 bit Build 19041 (10.0.19041.928)

CPU:total 4 (initial active 4) (2 cores per cpu, 2 threads per core) family 6 model 78 stepping 3, cmov, cx8, fxsr, mmx, sse, sse2, sse3, ssse3, sse4.1, sse4.2, popcnt, avx, avx2, aes, clmul, erms, 3dnowpref, lzcnt, ht, tsc, tscinvbit, bmi1, bmi2, adx

Memory: 4k page, physical 12460960k(808012k free), swap 12460960k(5128k free)

vm_info: OpenJDK 64-Bit Server VM (25.292-b10) for windows-amd64 JRE (1.8.0_292-b10), built on Apr  9 2021 12:12:51 by "build" with MS VC++ 10.0 (VS2010)

time: Mon May 10 14:07:49 2021
timezone: Nepal Standard Time
elapsed time: 20.653447 seconds (0d 0h 0m 20s)

