#
# There is insufficient memory for the Java Runtime Environment to continue.
# Native memory allocation (malloc) failed to allocate 1059376 bytes for Chunk::new
# Possible reasons:
#   The system is out of physical RAM or swap space
#   The process is running with CompressedOops enabled, and the Java Heap may be blocking the growth of the native heap
# Possible solutions:
#   Reduce memory load on the system
#   Increase physical memory or swap space
#   Check if swap backing store is full
#   Decrease Java heap size (-Xmx/-Xms)
#   Decrease number of Java threads
#   Decrease Java thread stack sizes (-Xss)
#   Set larger code cache with -XX:ReservedCodeCacheSize=
#   JVM is running with Unscaled Compressed Oops mode in which the Java heap is
#     placed in the first 4GB address space. The Java Heap base address is the
#     maximum limit for the native heap growth. Please use -XX:HeapBaseMinAddress
#     to set the Java Heap base and to place the Java Heap above 4GB virtual address.
# This output file may be truncated or incomplete.
#
#  Out of Memory Error (allocation.cpp:389), pid=9956, tid=0x00000000000037d8
#
# JRE version: OpenJDK Runtime Environment (8.0_292-b10) (build 1.8.0_292-b10)
# Java VM: OpenJDK 64-Bit Server VM (25.292-b10 mixed mode windows-amd64 compressed oops)
# Failed to write core dump. Minidumps are not enabled by default on client versions of Windows
#

---------------  T H R E A D  ---------------

Current thread (0x0000000013acc800):  JavaThread "C2 CompilerThread0" daemon [_thread_in_native, id=14296, stack(0x0000000015120000,0x0000000015220000)]

Stack: [0x0000000015120000,0x0000000015220000]
[error occurred during error reporting (printing stack bounds), id 0xc0000005]

Native frames: (J=compiled Java code, j=interpreted, Vv=VM code, C=native code)


Current CompileTask:
C2:  43930 4366   !   4       java.util.jar.Attributes::read (380 bytes)


---------------  P R O C E S S  ---------------

Java Threads: ( => current thread )
  0x000000001a1c6800 JavaThread "Memory manager" [_thread_blocked, id=10348, stack(0x0000000025e90000,0x0000000025f90000)]
  0x000000001a1be800 JavaThread "jar transforms Thread 92" [_thread_blocked, id=7280, stack(0x0000000025790000,0x0000000025890000)]
  0x000000001a1c4000 JavaThread "jar transforms Thread 91" [_thread_blocked, id=14928, stack(0x0000000025690000,0x0000000025790000)]
  0x000000001a1c5800 JavaThread "jar transforms Thread 90" [_thread_blocked, id=13528, stack(0x0000000025590000,0x0000000025690000)]
  0x000000001a1c3000 JavaThread "jar transforms Thread 89" [_thread_blocked, id=15916, stack(0x0000000025490000,0x0000000025590000)]
  0x000000001a1c1000 JavaThread "jar transforms Thread 88" [_thread_blocked, id=12228, stack(0x0000000025390000,0x0000000025490000)]
  0x000000001a1c5000 JavaThread "jar transforms Thread 87" [_thread_blocked, id=11056, stack(0x0000000025290000,0x0000000025390000)]
  0x000000001a1c2800 JavaThread "jar transforms Thread 86" [_thread_blocked, id=8712, stack(0x0000000025190000,0x0000000025290000)]
  0x000000001a1c1800 JavaThread "jar transforms Thread 85" [_thread_blocked, id=3484, stack(0x0000000025090000,0x0000000025190000)]
  0x000000001a1c0000 JavaThread "jar transforms Thread 84" [_thread_blocked, id=14496, stack(0x0000000024f90000,0x0000000025090000)]
  0x000000001a1b9000 JavaThread "jar transforms Thread 83" [_thread_blocked, id=10152, stack(0x0000000024d90000,0x0000000024e90000)]
  0x000000001a1bc000 JavaThread "jar transforms Thread 82" [_thread_blocked, id=9440, stack(0x0000000024c90000,0x0000000024d90000)]
  0x000000001a1bd800 JavaThread "jar transforms Thread 81" [_thread_blocked, id=2552, stack(0x0000000024b90000,0x0000000024c90000)]
  0x000000001a1bb800 JavaThread "jar transforms Thread 80" [_thread_blocked, id=12684, stack(0x0000000024a90000,0x0000000024b90000)]
  0x000000001a1bd000 JavaThread "jar transforms Thread 79" [_thread_blocked, id=2504, stack(0x0000000024990000,0x0000000024a90000)]
  0x000000001a1ba000 JavaThread "jar transforms Thread 78" [_thread_blocked, id=16256, stack(0x0000000024890000,0x0000000024990000)]
  0x000000001a1b8000 JavaThread "jar transforms Thread 77" [_thread_blocked, id=15784, stack(0x0000000024790000,0x0000000024890000)]
  0x000000001a1ba800 JavaThread "jar transforms Thread 76" [_thread_blocked, id=5784, stack(0x0000000024690000,0x0000000024790000)]
  0x000000001a1bf800 JavaThread "jar transforms Thread 75" [_thread_blocked, id=15872, stack(0x0000000024590000,0x0000000024690000)]
  0x000000001aa72000 JavaThread "jar transforms Thread 74" [_thread_blocked, id=7844, stack(0x0000000024490000,0x0000000024590000)]
  0x000000001aa6e800 JavaThread "jar transforms Thread 73" [_thread_blocked, id=14424, stack(0x0000000024390000,0x0000000024490000)]
  0x000000001aa70800 JavaThread "jar transforms Thread 72" [_thread_blocked, id=16340, stack(0x0000000024290000,0x0000000024390000)]
  0x000000001aa6d800 JavaThread "jar transforms Thread 71" [_thread_blocked, id=15880, stack(0x0000000024190000,0x0000000024290000)]
  0x000000001aa70000 JavaThread "jar transforms Thread 70" [_thread_blocked, id=9972, stack(0x0000000024090000,0x0000000024190000)]
  0x000000001aa6c800 JavaThread "jar transforms Thread 69" [_thread_blocked, id=15732, stack(0x0000000023f90000,0x0000000024090000)]
  0x000000001aa71800 JavaThread "jar transforms Thread 68" [_thread_blocked, id=14600, stack(0x0000000023e90000,0x0000000023f90000)]
  0x000000001aa6f000 JavaThread "jar transforms Thread 67" [_thread_blocked, id=7224, stack(0x0000000023d90000,0x0000000023e90000)]
  0x000000001aa6c000 JavaThread "jar transforms Thread 66" [_thread_blocked, id=14056, stack(0x0000000023c90000,0x0000000023d90000)]
  0x000000001aa65000 JavaThread "jar transforms Thread 65" [_thread_blocked, id=14812, stack(0x0000000023b90000,0x0000000023c90000)]
  0x000000001aa6b000 JavaThread "jar transforms Thread 64" [_thread_blocked, id=6004, stack(0x0000000023a90000,0x0000000023b90000)]
  0x000000001aa63800 JavaThread "jar transforms Thread 63" [_thread_blocked, id=14676, stack(0x0000000023990000,0x0000000023a90000)]
  0x000000001aa6a800 JavaThread "jar transforms Thread 62" [_thread_blocked, id=13052, stack(0x0000000023890000,0x0000000023990000)]
  0x000000001aa64000 JavaThread "jar transforms Thread 61" [_thread_blocked, id=2064, stack(0x0000000023790000,0x0000000023890000)]
  0x000000001aa66800 JavaThread "jar transforms Thread 60" [_thread_blocked, id=13916, stack(0x0000000023690000,0x0000000023790000)]
  0x000000001aa69800 JavaThread "jar transforms Thread 59" [_thread_blocked, id=12972, stack(0x0000000023590000,0x0000000023690000)]
  0x000000001aa69000 JavaThread "jar transforms Thread 58" [_thread_blocked, id=14568, stack(0x0000000023490000,0x0000000023590000)]
  0x000000001aa67000 JavaThread "jar transforms Thread 57" [_thread_blocked, id=12932, stack(0x0000000023390000,0x0000000023490000)]
  0x000000001aa68000 JavaThread "jar transforms Thread 56" [_thread_blocked, id=13832, stack(0x0000000023290000,0x0000000023390000)]
  0x000000001aa65800 JavaThread "jar transforms Thread 55" [_thread_blocked, id=13728, stack(0x0000000023190000,0x0000000023290000)]
  0x000000001a778000 JavaThread "jar transforms Thread 54" [_thread_blocked, id=11240, stack(0x0000000023090000,0x0000000023190000)]
  0x000000001a77a800 JavaThread "jar transforms Thread 53" [_thread_blocked, id=2016, stack(0x0000000022f90000,0x0000000023090000)]
  0x000000001a779800 JavaThread "jar transforms Thread 52" [_thread_blocked, id=3516, stack(0x0000000022e90000,0x0000000022f90000)]
  0x000000001a779000 JavaThread "jar transforms Thread 51" [_thread_blocked, id=12912, stack(0x0000000022d90000,0x0000000022e90000)]
  0x000000001a777800 JavaThread "jar transforms Thread 50" [_thread_blocked, id=5132, stack(0x0000000022c90000,0x0000000022d90000)]
  0x000000001a77b000 JavaThread "jar transforms Thread 49" [_thread_blocked, id=9660, stack(0x0000000022b90000,0x0000000022c90000)]
  0x000000001a773800 JavaThread "jar transforms Thread 48" [_thread_blocked, id=10196, stack(0x0000000022a90000,0x0000000022b90000)]
  0x000000001a776800 JavaThread "jar transforms Thread 47" [_thread_blocked, id=11852, stack(0x0000000022990000,0x0000000022a90000)]
  0x000000001a76e800 JavaThread "jar transforms Thread 46" [_thread_blocked, id=12560, stack(0x0000000022890000,0x0000000022990000)]
  0x000000001a772000 JavaThread "jar transforms Thread 45" [_thread_blocked, id=7256, stack(0x0000000022790000,0x0000000022890000)]
  0x000000001a775800 JavaThread "jar transforms Thread 44" [_thread_blocked, id=11400, stack(0x0000000022690000,0x0000000022790000)]
  0x000000001a771000 JavaThread "jar transforms Thread 43" [_thread_blocked, id=6932, stack(0x0000000022590000,0x0000000022690000)]
  0x000000001a775000 JavaThread "jar transforms Thread 42" [_thread_blocked, id=15908, stack(0x0000000022490000,0x0000000022590000)]
  0x000000001a774000 JavaThread "jar transforms Thread 41" [_thread_blocked, id=16008, stack(0x0000000022390000,0x0000000022490000)]
  0x000000001a770000 JavaThread "jar transforms Thread 40" [_thread_blocked, id=1716, stack(0x0000000022290000,0x0000000022390000)]
  0x000000001a76e000 JavaThread "jar transforms Thread 39" [_thread_blocked, id=16372, stack(0x0000000022190000,0x0000000022290000)]
  0x000000001a76d000 JavaThread "jar transforms Thread 38" [_thread_blocked, id=15452, stack(0x0000000022090000,0x0000000022190000)]
  0x000000001a76c800 JavaThread "jar transforms Thread 37" [_thread_blocked, id=15956, stack(0x0000000021f90000,0x0000000022090000)]
  0x000000001a772800 JavaThread "jar transforms Thread 36" [_thread_blocked, id=3576, stack(0x0000000021e90000,0x0000000021f90000)]
  0x000000001a76f800 JavaThread "jar transforms Thread 35" [_thread_blocked, id=2324, stack(0x0000000021d90000,0x0000000021e90000)]
  0x00000000167a2000 JavaThread "jar transforms Thread 34" [_thread_blocked, id=12176, stack(0x0000000021c90000,0x0000000021d90000)]
  0x00000000167a0800 JavaThread "jar transforms Thread 33" [_thread_blocked, id=2884, stack(0x0000000021b90000,0x0000000021c90000)]
  0x00000000167a1000 JavaThread "jar transforms Thread 32" [_thread_blocked, id=7800, stack(0x0000000021a90000,0x0000000021b90000)]
  0x000000001679f800 JavaThread "jar transforms Thread 31" [_thread_blocked, id=1120, stack(0x0000000021990000,0x0000000021a90000)]
  0x000000001679e800 JavaThread "jar transforms Thread 30" [_thread_blocked, id=8784, stack(0x0000000021890000,0x0000000021990000)]
  0x0000000016797000 JavaThread "jar transforms Thread 29" [_thread_blocked, id=11640, stack(0x0000000021790000,0x0000000021890000)]
  0x000000001679e000 JavaThread "jar transforms Thread 28" [_thread_blocked, id=8568, stack(0x0000000021690000,0x0000000021790000)]
  0x0000000016796000 JavaThread "jar transforms Thread 27" [_thread_blocked, id=16192, stack(0x0000000021590000,0x0000000021690000)]
  0x000000001679b800 JavaThread "jar transforms Thread 26" [_thread_blocked, id=12048, stack(0x0000000021490000,0x0000000021590000)]
  0x000000001679d000 JavaThread "jar transforms Thread 25" [_thread_blocked, id=16112, stack(0x0000000021390000,0x0000000021490000)]
  0x000000001679c800 JavaThread "jar transforms Thread 24" [_thread_blocked, id=15628, stack(0x0000000021290000,0x0000000021390000)]
  0x0000000016793800 JavaThread "jar transforms Thread 23" [_thread_blocked, id=2648, stack(0x0000000021190000,0x0000000021290000)]
  0x000000001679b000 JavaThread "jar transforms Thread 22" [_thread_blocked, id=16188, stack(0x0000000021090000,0x0000000021190000)]
  0x0000000016795800 JavaThread "jar transforms Thread 21" [_thread_blocked, id=9820, stack(0x0000000020f90000,0x0000000021090000)]
  0x0000000016797800 JavaThread "jar transforms Thread 20" [_thread_blocked, id=3928, stack(0x0000000020e90000,0x0000000020f90000)]
  0x0000000016793000 JavaThread "jar transforms Thread 19" [_thread_blocked, id=5812, stack(0x0000000020d90000,0x0000000020e90000)]
  0x000000001679a000 JavaThread "jar transforms Thread 18" [_thread_blocked, id=5188, stack(0x0000000020c90000,0x0000000020d90000)]
  0x0000000016799000 JavaThread "jar transforms Thread 17" [_thread_blocked, id=6972, stack(0x0000000020b90000,0x0000000020c90000)]
  0x0000000016794800 JavaThread "jar transforms Thread 16" [_thread_blocked, id=14432, stack(0x0000000020a90000,0x0000000020b90000)]
  0x0000000016798800 JavaThread "jar transforms Thread 15" [_thread_blocked, id=6904, stack(0x0000000020990000,0x0000000020a90000)]
  0x0000000017c9c800 JavaThread "jar transforms Thread 14" [_thread_blocked, id=15968, stack(0x0000000020890000,0x0000000020990000)]
  0x0000000017c9b800 JavaThread "jar transforms Thread 13" [_thread_blocked, id=2808, stack(0x0000000020790000,0x0000000020890000)]
  0x0000000017c9b000 JavaThread "jar transforms Thread 12" [_thread_blocked, id=13648, stack(0x0000000020690000,0x0000000020790000)]
  0x0000000017c93000 JavaThread "jar transforms Thread 11" [_thread_blocked, id=3620, stack(0x0000000020590000,0x0000000020690000)]
  0x0000000017c99800 JavaThread "jar transforms Thread 10" [_thread_blocked, id=5432, stack(0x000000001f430000,0x000000001f530000)]
  0x0000000017c9a000 JavaThread "jar transforms Thread 9" [_thread_blocked, id=5216, stack(0x000000001f330000,0x000000001f430000)]
  0x0000000017c98800 JavaThread "jar transforms Thread 8" [_thread_blocked, id=8728, stack(0x000000001f230000,0x000000001f330000)]
  0x0000000017c98000 JavaThread "jar transforms Thread 7" [_thread_blocked, id=16228, stack(0x000000001f130000,0x000000001f230000)]
  0x0000000017c90000 JavaThread "jar transforms Thread 6" [_thread_blocked, id=5796, stack(0x000000001f030000,0x000000001f130000)]
  0x0000000017c96000 JavaThread "jar transforms Thread 5" [_thread_blocked, id=3408, stack(0x000000001ef30000,0x000000001f030000)]
  0x0000000017c91800 JavaThread "jar transforms Thread 4" [_thread_blocked, id=11900, stack(0x000000001ee30000,0x000000001ef30000)]
  0x0000000017c97000 JavaThread "jar transforms Thread 3" [_thread_blocked, id=9756, stack(0x000000001ed30000,0x000000001ee30000)]
  0x0000000017c92800 JavaThread "jar transforms Thread 2" [_thread_blocked, id=4360, stack(0x000000001ec30000,0x000000001ed30000)]
  0x0000000017c8e800 JavaThread "Build operations Thread 4" [_thread_blocked, id=10164, stack(0x000000001db60000,0x000000001dc60000)]
  0x0000000017c95800 JavaThread "Build operations Thread 3" [_thread_blocked, id=140, stack(0x000000001da60000,0x000000001db60000)]
  0x0000000017c8f000 JavaThread "Build operations Thread 2" [_thread_blocked, id=15376, stack(0x000000001d960000,0x000000001da60000)]
  0x0000000017c94800 JavaThread "Build operations" [_thread_blocked, id=3116, stack(0x000000001d860000,0x000000001d960000)]
  0x0000000017c90800 JavaThread "Cache worker for Build Output Cleanup Cache (D:\sajiloapp\android\.gradle\buildOutputCleanup)" [_thread_blocked, id=3808, stack(0x000000001d560000,0x000000001d660000)]
  0x0000000015807800 JavaThread "Cache worker for file content cache (C:\Users\acer\.gradle\caches\6.7\fileContent)" [_thread_blocked, id=14392, stack(0x000000001ce60000,0x000000001cf60000)]
  0x0000000015807000 JavaThread "jar transforms" [_thread_blocked, id=3216, stack(0x000000001cd60000,0x000000001ce60000)]
  0x0000000015806000 JavaThread "Cache worker for execution history cache (C:\Users\acer\.gradle\caches\6.7\executionHistory)" [_thread_blocked, id=14820, stack(0x000000001b610000,0x000000001b710000)]
  0x0000000015805800 JavaThread "Cache worker for cache directory md-rule (C:\Users\acer\.gradle\caches\6.7\md-rule)" [_thread_blocked, id=16236, stack(0x000000001b510000,0x000000001b610000)]
  0x0000000015803000 JavaThread "Cache worker for cache directory md-supplier (C:\Users\acer\.gradle\caches\6.7\md-supplier)" [_thread_blocked, id=15268, stack(0x000000001b410000,0x000000001b510000)]
  0x0000000015804800 JavaThread "Cache worker for checksums cache (D:\sajiloapp\android\.gradle\checksums)" [_thread_blocked, id=2144, stack(0x000000001b110000,0x000000001b210000)]
  0x0000000015808800 JavaThread "Cache worker for file hash cache (D:\sajiloapp\android\.gradle\6.7\fileHashes)" [_thread_blocked, id=11636, stack(0x000000001b010000,0x000000001b110000)]
  0x0000000015803800 JavaThread "Cache worker for journal cache (C:\Users\acer\.gradle\caches\journal-1)" [_thread_blocked, id=14768, stack(0x000000001ab10000,0x000000001ac10000)]
  0x0000000015809000 JavaThread "File lock request listener" [_thread_in_native, id=5204, stack(0x0000000019a40000,0x0000000019b40000)]
  0x0000000015802000 JavaThread "Cache worker for file hash cache (C:\Users\acer\.gradle\caches\6.7\fileHashes)" [_thread_blocked, id=15112, stack(0x0000000019840000,0x0000000019940000)]
  0x00000000175c0000 JavaThread "Thread-9" [_thread_blocked, id=14796, stack(0x0000000019540000,0x0000000019640000)]
  0x00000000175be800 JavaThread "Stdin handler" [_thread_blocked, id=14696, stack(0x0000000019440000,0x0000000019540000)]
  0x00000000175ab800 JavaThread "Asynchronous log dispatcher for DefaultDaemonConnection: socket connection from /127.0.0.1:64370 to /127.0.0.1:64371" [_thread_blocked, id=14956, stack(0x0000000019340000,0x0000000019440000)]
  0x0000000017584800 JavaThread "Daemon worker" [_thread_in_native, id=16288, stack(0x0000000019240000,0x0000000019340000)]
  0x0000000017583800 JavaThread "Cancel handler" [_thread_blocked, id=15128, stack(0x0000000019140000,0x0000000019240000)]
  0x000000001757f800 JavaThread "Handler for socket connection from /127.0.0.1:64370 to /127.0.0.1:64371" [_thread_in_native, id=14880, stack(0x0000000019040000,0x0000000019140000)]
  0x000000001757f000 JavaThread "Daemon" [_thread_blocked, id=11764, stack(0x0000000018d40000,0x0000000018e40000)]
  0x000000001757a000 JavaThread "Daemon periodic checks" [_thread_blocked, id=3536, stack(0x0000000018c40000,0x0000000018d40000)]
  0x0000000017533000 JavaThread "Incoming local TCP Connector on port 64370" [_thread_in_native, id=14976, stack(0x0000000018a00000,0x0000000018b00000)]
  0x000000001714b800 JavaThread "Daemon health stats" [_thread_blocked, id=13384, stack(0x00000000171f0000,0x00000000172f0000)]
  0x0000000013aca800 JavaThread "Service Thread" daemon [_thread_blocked, id=6368, stack(0x0000000015820000,0x0000000015920000)]
  0x0000000013ac9000 JavaThread "C1 CompilerThread2" daemon [_thread_blocked, id=9448, stack(0x0000000015320000,0x0000000015420000)]
  0x0000000013ac7800 JavaThread "C2 CompilerThread1" daemon [_thread_in_native, id=14580, stack(0x0000000015220000,0x0000000015320000)]
=>0x0000000013acc800 JavaThread "C2 CompilerThread0" daemon [_thread_in_native, id=14296, stack(0x0000000015120000,0x0000000015220000)]
  0x0000000013ac1000 JavaThread "Attach Listener" daemon [_thread_blocked, id=16012, stack(0x0000000015020000,0x0000000015120000)]
  0x0000000013a9f000 JavaThread "Signal Dispatcher" daemon [_thread_blocked, id=13152, stack(0x0000000014f20000,0x0000000015020000)]
  0x000000000273e000 JavaThread "Finalizer" daemon [_thread_blocked, id=4380, stack(0x0000000014d20000,0x0000000014e20000)]
  0x0000000013a99000 JavaThread "Reference Handler" daemon [_thread_blocked, id=13624, stack(0x0000000014c20000,0x0000000014d20000)]
  0x0000000002646000 JavaThread "main" [_thread_blocked, id=15056, stack(0x0000000002450000,0x0000000002550000)]

Other Threads:
  0x0000000013a76000 VMThread [stack: 0x0000000014b20000,0x0000000014c20000] [id=5632]
  0x0000000015454800 WatcherThread [stack: 0x0000000015920000,0x0000000015a20000] [id=11820]

VM state:not at safepoint (normal execution)

VM Mutex/Monitor currently owned by a thread: None

heap address: 0x00000000e0000000, size: 512 MB, Compressed Oops mode: 32-bit
Narrow klass base: 0x0000000000000000, Narrow klass shift: 3
Compressed class space size: 1073741824 Address: 0x0000000100000000

Heap:
 PSYoungGen      total 109056K, used 19051K [0x00000000f5580000, 0x00000000fce80000, 0x0000000100000000)
  eden space 96768K, 6% used [0x00000000f5580000,0x00000000f5c1d4b8,0x00000000fb400000)
  from space 12288K, 99% used [0x00000000fb400000,0x00000000fbffd7f0,0x00000000fc000000)
  to   space 12288K, 0% used [0x00000000fc000000,0x00000000fc000000,0x00000000fcc00000)
 ParOldGen       total 211456K, used 17344K [0x00000000e0000000, 0x00000000ece80000, 0x00000000f5580000)
  object space 211456K, 8% used [0x00000000e0000000,0x00000000e10f02e8,0x00000000ece80000)
 Metaspace       used 46222K, capacity 48120K, committed 48384K, reserved 1091584K
  class space    used 6395K, capacity 6862K, committed 6912K, reserved 1048576K

Card table byte_map: [0x0000000011b00000,0x0000000011c10000] byte_map_base: 0x0000000011400000

Marking Bits: (ParMarkBitMap*) 0x00000000719f3420
 Begin Bits: [0x0000000012010000, 0x0000000012810000)
 End Bits:   [0x0000000012810000, 0x0000000013010000)

Polling page: 0x0000000000df0000

CodeCache: size=245760Kb used=13862Kb max_used=13866Kb free=231897Kb
 bounds [0x0000000002740000, 0x00000000034e0000, 0x0000000011740000]
 total_blobs=4836 nmethods=4075 adapters=670
 compilation: enabled

Compilation events (10 events):
Event: 43.907 Thread 0x0000000013ac9000 4382       3       com.google.common.collect.ImmutableMap$Builder::<init> (25 bytes)
Event: 43.907 Thread 0x0000000013ac9000 nmethod 4382 0x0000000002b44090 code [0x0000000002b44200, 0x0000000002b44470]
Event: 43.908 Thread 0x0000000013ac9000 4383       3       com.google.common.collect.ImmutableMap$Builder::build (21 bytes)
Event: 43.908 Thread 0x0000000013ac9000 nmethod 4383 0x0000000002b43c90 code [0x0000000002b43e00, 0x0000000002b43fd8]
Event: 43.909 Thread 0x0000000013ac9000 4384       3       com.google.common.collect.ImmutableMap$Builder::sortEntries (156 bytes)
Event: 43.910 Thread 0x0000000013ac9000 nmethod 4384 0x00000000034c8290 code [0x00000000034c8520, 0x00000000034c9818]
Event: 43.910 Thread 0x0000000013ac9000 4385   !   3       org.gradle.internal.event.DefaultListenerManager$EventBroadcast$ListenerDispatch::dispatch (55 bytes)
Event: 43.911 Thread 0x0000000013ac9000 nmethod 4385 0x0000000002beb510 code [0x0000000002beb700, 0x0000000002bebe28]
Event: 43.919 Thread 0x0000000013ac7800 nmethod 4375 0x00000000034cca90 code [0x00000000034ccce0, 0x00000000034cdeb0]
Event: 43.919 Thread 0x0000000013ac7800 4378       4       java.lang.ThreadLocal::get (38 bytes)

GC Heap History (10 events):
Event: 28.195 GC heap before
{Heap before GC invocations=7 (full 1):
 PSYoungGen      total 76288K, used 73836K [0x00000000f5580000, 0x00000000fb800000, 0x0000000100000000)
  eden space 65536K, 100% used [0x00000000f5580000,0x00000000f9580000,0x00000000f9580000)
  from space 10752K, 77% used [0x00000000f9580000,0x00000000f9d9b378,0x00000000fa000000)
  to   space 11776K, 0% used [0x00000000fac80000,0x00000000fac80000,0x00000000fb800000)
 ParOldGen       total 175104K, used 8207K [0x00000000e0000000, 0x00000000eab00000, 0x00000000f5580000)
  object space 175104K, 4% used [0x00000000e0000000,0x00000000e0803c70,0x00000000eab00000)
 Metaspace       used 32731K, capacity 33746K, committed 33920K, reserved 1079296K
  class space    used 4636K, capacity 4924K, committed 4992K, reserved 1048576K
Event: 28.210 GC heap after
Heap after GC invocations=7 (full 1):
 PSYoungGen      total 88064K, used 10072K [0x00000000f5580000, 0x00000000fb800000, 0x0000000100000000)
  eden space 76288K, 0% used [0x00000000f5580000,0x00000000f5580000,0x00000000fa000000)
  from space 11776K, 85% used [0x00000000fac80000,0x00000000fb656128,0x00000000fb800000)
  to   space 12288K, 0% used [0x00000000fa000000,0x00000000fa000000,0x00000000fac00000)
 ParOldGen       total 175104K, used 8215K [0x00000000e0000000, 0x00000000eab00000, 0x00000000f5580000)
  object space 175104K, 4% used [0x00000000e0000000,0x00000000e0805c70,0x00000000eab00000)
 Metaspace       used 32731K, capacity 33746K, committed 33920K, reserved 1079296K
  class space    used 4636K, capacity 4924K, committed 4992K, reserved 1048576K
}
Event: 29.140 GC heap before
{Heap before GC invocations=8 (full 1):
 PSYoungGen      total 88064K, used 43153K [0x00000000f5580000, 0x00000000fb800000, 0x0000000100000000)
  eden space 76288K, 43% used [0x00000000f5580000,0x00000000f75ce320,0x00000000fa000000)
  from space 11776K, 85% used [0x00000000fac80000,0x00000000fb656128,0x00000000fb800000)
  to   space 12288K, 0% used [0x00000000fa000000,0x00000000fa000000,0x00000000fac00000)
 ParOldGen       total 175104K, used 8215K [0x00000000e0000000, 0x00000000eab00000, 0x00000000f5580000)
  object space 175104K, 4% used [0x00000000e0000000,0x00000000e0805c70,0x00000000eab00000)
 Metaspace       used 34285K, capacity 35466K, committed 35496K, reserved 1079296K
  class space    used 4791K, capacity 5107K, committed 5120K, reserved 1048576K
Event: 29.156 GC heap after
Heap after GC invocations=8 (full 1):
 PSYoungGen      total 88576K, used 9648K [0x00000000f5580000, 0x00000000fcc00000, 0x0000000100000000)
  eden space 76288K, 0% used [0x00000000f5580000,0x00000000f5580000,0x00000000fa000000)
  from space 12288K, 78% used [0x00000000fa000000,0x00000000fa96c2d0,0x00000000fac00000)
  to   space 12288K, 0% used [0x00000000fc000000,0x00000000fc000000,0x00000000fcc00000)
 ParOldGen       total 175104K, used 8223K [0x00000000e0000000, 0x00000000eab00000, 0x00000000f5580000)
  object space 175104K, 4% used [0x00000000e0000000,0x00000000e0807c70,0x00000000eab00000)
 Metaspace       used 34285K, capacity 35466K, committed 35496K, reserved 1079296K
  class space    used 4791K, capacity 5107K, committed 5120K, reserved 1048576K
}
Event: 29.157 GC heap before
{Heap before GC invocations=9 (full 2):
 PSYoungGen      total 88576K, used 9648K [0x00000000f5580000, 0x00000000fcc00000, 0x0000000100000000)
  eden space 76288K, 0% used [0x00000000f5580000,0x00000000f5580000,0x00000000fa000000)
  from space 12288K, 78% used [0x00000000fa000000,0x00000000fa96c2d0,0x00000000fac00000)
  to   space 12288K, 0% used [0x00000000fc000000,0x00000000fc000000,0x00000000fcc00000)
 ParOldGen       total 175104K, used 8223K [0x00000000e0000000, 0x00000000eab00000, 0x00000000f5580000)
  object space 175104K, 4% used [0x00000000e0000000,0x00000000e0807c70,0x00000000eab00000)
 Metaspace       used 34285K, capacity 35466K, committed 35496K, reserved 1079296K
  class space    used 4791K, capacity 5107K, committed 5120K, reserved 1048576K
Event: 29.265 GC heap after
Heap after GC invocations=9 (full 2):
 PSYoungGen      total 88576K, used 0K [0x00000000f5580000, 0x00000000fcc00000, 0x0000000100000000)
  eden space 76288K, 0% used [0x00000000f5580000,0x00000000f5580000,0x00000000fa000000)
  from space 12288K, 0% used [0x00000000fa000000,0x00000000fa000000,0x00000000fac00000)
  to   space 12288K, 0% used [0x00000000fc000000,0x00000000fc000000,0x00000000fcc00000)
 ParOldGen       total 211456K, used 16451K [0x00000000e0000000, 0x00000000ece80000, 0x00000000f5580000)
  object space 211456K, 7% used [0x00000000e0000000,0x00000000e1010f20,0x00000000ece80000)
 Metaspace       used 34285K, capacity 35466K, committed 35496K, reserved 1079296K
  class space    used 4791K, capacity 5107K, committed 5120K, reserved 1048576K
}
Event: 33.274 GC heap before
{Heap before GC invocations=10 (full 2):
 PSYoungGen      total 88576K, used 76288K [0x00000000f5580000, 0x00000000fcc00000, 0x0000000100000000)
  eden space 76288K, 100% used [0x00000000f5580000,0x00000000fa000000,0x00000000fa000000)
  from space 12288K, 0% used [0x00000000fa000000,0x00000000fa000000,0x00000000fac00000)
  to   space 12288K, 0% used [0x00000000fc000000,0x00000000fc000000,0x00000000fcc00000)
 ParOldGen       total 211456K, used 16451K [0x00000000e0000000, 0x00000000ece80000, 0x00000000f5580000)
  object space 211456K, 7% used [0x00000000e0000000,0x00000000e1010f20,0x00000000ece80000)
 Metaspace       used 37559K, capacity 39144K, committed 39296K, reserved 1083392K
  class space    used 5269K, capacity 5636K, committed 5760K, reserved 1048576K
Event: 33.283 GC heap after
Heap after GC invocations=10 (full 2):
 PSYoungGen      total 109056K, used 5063K [0x00000000f5580000, 0x00000000fce80000, 0x0000000100000000)
  eden space 96768K, 0% used [0x00000000f5580000,0x00000000f5580000,0x00000000fb400000)
  from space 12288K, 41% used [0x00000000fc000000,0x00000000fc4f1f30,0x00000000fcc00000)
  to   space 12288K, 0% used [0x00000000fb400000,0x00000000fb400000,0x00000000fc000000)
 ParOldGen       total 211456K, used 16459K [0x00000000e0000000, 0x00000000ece80000, 0x00000000f5580000)
  object space 211456K, 7% used [0x00000000e0000000,0x00000000e1012f20,0x00000000ece80000)
 Metaspace       used 37559K, capacity 39144K, committed 39296K, reserved 1083392K
  class space    used 5269K, capacity 5636K, committed 5760K, reserved 1048576K
}
Event: 43.762 GC heap before
{Heap before GC invocations=11 (full 2):
 PSYoungGen      total 109056K, used 101831K [0x00000000f5580000, 0x00000000fce80000, 0x0000000100000000)
  eden space 96768K, 100% used [0x00000000f5580000,0x00000000fb400000,0x00000000fb400000)
  from space 12288K, 41% used [0x00000000fc000000,0x00000000fc4f1f30,0x00000000fcc00000)
  to   space 12288K, 0% used [0x00000000fb400000,0x00000000fb400000,0x00000000fc000000)
 ParOldGen       total 211456K, used 16459K [0x00000000e0000000, 0x00000000ece80000, 0x00000000f5580000)
  object space 211456K, 7% used [0x00000000e0000000,0x00000000e1012f20,0x00000000ece80000)
 Metaspace       used 46051K, capacity 47954K, committed 48128K, reserved 1091584K
  class space    used 6373K, capacity 6829K, committed 6912K, reserved 1048576K
Event: 43.782 GC heap after
Heap after GC invocations=11 (full 2):
 PSYoungGen      total 109056K, used 12277K [0x00000000f5580000, 0x00000000fce80000, 0x0000000100000000)
  eden space 96768K, 0% used [0x00000000f5580000,0x00000000f5580000,0x00000000fb400000)
  from space 12288K, 99% used [0x00000000fb400000,0x00000000fbffd7f0,0x00000000fc000000)
  to   space 12288K, 0% used [0x00000000fc000000,0x00000000fc000000,0x00000000fcc00000)
 ParOldGen       total 211456K, used 17344K [0x00000000e0000000, 0x00000000ece80000, 0x00000000f5580000)
  object space 211456K, 8% used [0x00000000e0000000,0x00000000e10f02e8,0x00000000ece80000)
 Metaspace       used 46051K, capacity 47954K, committed 48128K, reserved 1091584K
  class space    used 6373K, capacity 6829K, committed 6912K, reserved 1048576K
}

Deoptimization events (10 events):
Event: 43.157 Thread 0x0000000017584800 Uncommon trap: reason=array_check action=maybe_recompile pc=0x000000000347a85c method=java.util.AbstractCollection.toArray([Ljava/lang/Object;)[Ljava/lang/Object; @ 119
Event: 43.227 Thread 0x0000000017584800 Uncommon trap: reason=array_check action=maybe_recompile pc=0x000000000347a85c method=java.util.AbstractCollection.toArray([Ljava/lang/Object;)[Ljava/lang/Object; @ 119
Event: 43.227 Thread 0x0000000017584800 Uncommon trap: reason=array_check action=maybe_recompile pc=0x000000000347a85c method=java.util.AbstractCollection.toArray([Ljava/lang/Object;)[Ljava/lang/Object; @ 119
Event: 43.227 Thread 0x0000000017584800 Uncommon trap: reason=array_check action=maybe_recompile pc=0x000000000347a85c method=java.util.AbstractCollection.toArray([Ljava/lang/Object;)[Ljava/lang/Object; @ 119
Event: 43.420 Thread 0x0000000017584800 Uncommon trap: reason=unstable_if action=reinterpret pc=0x00000000032be240 method=java.util.jar.JarFile.maybeInstantiateVerifier()V @ 48
Event: 43.531 Thread 0x0000000017584800 Uncommon trap: reason=unstable_if action=reinterpret pc=0x0000000003401134 method=java.lang.ThreadLocal.get()Ljava/lang/Object; @ 11
Event: 43.667 Thread 0x0000000017584800 Uncommon trap: reason=unstable_if action=reinterpret pc=0x0000000002ca1410 method=java.lang.String.regionMatches(ZILjava/lang/String;II)Z @ 41
Event: 43.685 Thread 0x0000000017584800 Uncommon trap: reason=unstable_if action=reinterpret pc=0x00000000030a0500 method=java.util.HashMap.putVal(ILjava/lang/Object;Ljava/lang/Object;ZZ)Ljava/lang/Object; @ 236
Event: 43.749 Thread 0x0000000017584800 Uncommon trap: reason=unstable_if action=reinterpret pc=0x00000000032ecbf8 method=java.util.jar.JarFile.maybeInstantiateVerifier()V @ 48
Event: 43.820 Thread 0x0000000017584800 Uncommon trap: reason=unstable_if action=reinterpret pc=0x00000000033791bc method=java.util.LinkedHashMap.get(Ljava/lang/Object;)Ljava/lang/Object; @ 20

Classes redefined (0 events):
No events

Internal exceptions (10 events):
Event: 38.417 Thread 0x0000000017584800 Exception <a 'java/lang/ClassNotFoundException': org/gradle/api/internal/artifacts/repositories/AbstractArtifactRepositoryCustomizer> (0x00000000f69dd018) thrown at [C:\cygwin64\tmp\build\source\java-1.8.0-openjdk\tmp\jdk8u\hotspot\src\share\vm\classfile\
Event: 38.420 Thread 0x0000000017584800 Exception <a 'java/lang/ClassNotFoundException': org/gradle/api/internal/artifacts/repositories/AbstractResolutionAwareArtifactRepositoryCustomizer> (0x00000000f6a7af00) thrown at [C:\cygwin64\tmp\build\source\java-1.8.0-openjdk\tmp\jdk8u\hotspot\src\shar
Event: 38.421 Thread 0x0000000017584800 Exception <a 'java/lang/ClassNotFoundException': org/gradle/api/internal/artifacts/repositories/AbstractAuthenticationSupportedRepositoryCustomizer> (0x00000000f6affd30) thrown at [C:\cygwin64\tmp\build\source\java-1.8.0-openjdk\tmp\jdk8u\hotspot\src\shar
Event: 38.423 Thread 0x0000000017584800 Exception <a 'java/lang/ClassNotFoundException': org/gradle/api/internal/artifacts/repositories/DefaultMavenArtifactRepositoryCustomizer> (0x00000000f6b88400) thrown at [C:\cygwin64\tmp\build\source\java-1.8.0-openjdk\tmp\jdk8u\hotspot\src\share\vm\classf
Event: 38.425 Thread 0x0000000017584800 Exception <a 'java/lang/ClassNotFoundException': org/gradle/api/internal/artifacts/repositories/DefaultMavenArtifactRepository_DecoratedCustomizer> (0x00000000f6c23b70) thrown at [C:\cygwin64\tmp\build\source\java-1.8.0-openjdk\tmp\jdk8u\hotspot\src\share
Event: 38.922 Thread 0x0000000017584800 Exception <a 'java/lang/ClassNotFoundException': build_e2ftdqe2mwml0ipsyfaegba38BeanInfo> (0x00000000f6e30240) thrown at [C:\cygwin64\tmp\build\source\java-1.8.0-openjdk\tmp\jdk8u\hotspot\src\share\vm\classfile\systemDictionary.cpp, line 217]
Event: 38.923 Thread 0x0000000017584800 Exception <a 'java/lang/ClassNotFoundException': build_e2ftdqe2mwml0ipsyfaegba38Customizer> (0x00000000f6e3ca50) thrown at [C:\cygwin64\tmp\build\source\java-1.8.0-openjdk\tmp\jdk8u\hotspot\src\share\vm\classfile\systemDictionary.cpp, line 217]
Event: 43.073 Thread 0x0000000017584800 Implicit null exception at 0x000000000317adcd to 0x000000000317ec39
Event: 43.073 Thread 0x0000000017584800 Implicit null exception at 0x00000000030fb1d5 to 0x00000000030fb4bd
Event: 43.531 Thread 0x0000000017584800 Implicit null exception at 0x0000000003400bc8 to 0x000000000340111d

Events (10 events):
Event: 43.897 loading class org/bouncycastle/jcajce/provider/config/ConfigurableProvider
Event: 43.897 loading class org/bouncycastle/jcajce/provider/config/ConfigurableProvider done
Event: 43.905 loading class com/android/prefs/AndroidLocation
Event: 43.905 loading class com/android/prefs/AndroidLocation done
Event: 43.906 loading class com/android/prefs/AndroidLocation$Global
Event: 43.906 loading class com/android/prefs/AndroidLocation$Global done
Event: 43.911 loading class com/android/build/api/dsl/VectorDrawables
Event: 43.911 loading class com/android/build/api/dsl/VectorDrawables done
Event: 43.912 loading class com/android/builder/core/DefaultVectorDrawablesOptions
Event: 43.912 loading class com/android/builder/core/DefaultVectorDrawablesOptions done


Dynamic libraries:
0x00007ff6856f0000 - 0x00007ff685725000 	C:\Program Files\OpenJDK\openjdk-8u292-b10\bin\java.exe
0x00007ff9d0390000 - 0x00007ff9d0585000 	C:\WINDOWS\SYSTEM32\ntdll.dll
0x00007ff9d0010000 - 0x00007ff9d00cd000 	C:\WINDOWS\System32\KERNEL32.DLL
0x00007ff9cdd20000 - 0x00007ff9cdfe8000 	C:\WINDOWS\System32\KERNELBASE.dll
0x00007ff9ce870000 - 0x00007ff9ce91c000 	C:\WINDOWS\System32\ADVAPI32.dll
0x00007ff9d0180000 - 0x00007ff9d021e000 	C:\WINDOWS\System32\msvcrt.dll
0x00007ff9cedf0000 - 0x00007ff9cee8b000 	C:\WINDOWS\System32\sechost.dll
0x00007ff9cf770000 - 0x00007ff9cf89b000 	C:\WINDOWS\System32\RPCRT4.dll
0x00007ff9cef20000 - 0x00007ff9cf0c0000 	C:\WINDOWS\System32\USER32.dll
0x00007ff9ce1d0000 - 0x00007ff9ce1f2000 	C:\WINDOWS\System32\win32u.dll
0x00007ff9cf740000 - 0x00007ff9cf76a000 	C:\WINDOWS\System32\GDI32.dll
0x00007ff9ce200000 - 0x00007ff9ce30b000 	C:\WINDOWS\System32\gdi32full.dll
0x00007ff9cdad0000 - 0x00007ff9cdb6d000 	C:\WINDOWS\System32\msvcp_win.dll
0x00007ff9ce0a0000 - 0x00007ff9ce1a0000 	C:\WINDOWS\System32\ucrtbase.dll
0x00007ff9b5ee0000 - 0x00007ff9b617a000 	C:\WINDOWS\WinSxS\amd64_microsoft.windows.common-controls_6595b64144ccf1df_6.0.19041.844_none_ca00b6081b84eb1d\COMCTL32.dll
0x00007ff9cf120000 - 0x00007ff9cf150000 	C:\WINDOWS\System32\IMM32.DLL
0x0000000071a80000 - 0x0000000071b52000 	C:\Program Files\OpenJDK\openjdk-8u292-b10\jre\bin\msvcr100.dll
0x00000000711e0000 - 0x0000000071a75000 	C:\Program Files\OpenJDK\openjdk-8u292-b10\jre\bin\server\jvm.dll
0x00007ff9cf5f0000 - 0x00007ff9cf5f8000 	C:\WINDOWS\System32\PSAPI.DLL
0x00007ff9a5880000 - 0x00007ff9a5889000 	C:\WINDOWS\SYSTEM32\WSOCK32.dll
0x00007ff9c4d00000 - 0x00007ff9c4d27000 	C:\WINDOWS\SYSTEM32\WINMM.dll
0x00007ff9c5780000 - 0x00007ff9c578a000 	C:\WINDOWS\SYSTEM32\VERSION.dll
0x00007ff9cf150000 - 0x00007ff9cf1bb000 	C:\WINDOWS\System32\WS2_32.dll
0x00007ff9cad10000 - 0x00007ff9cad1f000 	C:\Program Files\OpenJDK\openjdk-8u292-b10\jre\bin\verify.dll
0x00007ff9bcbd0000 - 0x00007ff9bcbf9000 	C:\Program Files\OpenJDK\openjdk-8u292-b10\jre\bin\java.dll
0x00007ff9bf3a0000 - 0x00007ff9bf3b6000 	C:\Program Files\OpenJDK\openjdk-8u292-b10\jre\bin\zip.dll
0x00007ff9cf8c0000 - 0x00007ff9d0002000 	C:\WINDOWS\System32\SHELL32.dll
0x00007ff9cba80000 - 0x00007ff9cc211000 	C:\WINDOWS\SYSTEM32\windows.storage.dll
0x00007ff9ce3f0000 - 0x00007ff9ce745000 	C:\WINDOWS\System32\combase.dll
0x00007ff9cd470000 - 0x00007ff9cd49c000 	C:\WINDOWS\SYSTEM32\Wldp.dll
0x00007ff9d00d0000 - 0x00007ff9d017e000 	C:\WINDOWS\System32\SHCORE.dll
0x00007ff9cf0c0000 - 0x00007ff9cf115000 	C:\WINDOWS\System32\shlwapi.dll
0x00007ff9cda10000 - 0x00007ff9cda2f000 	C:\WINDOWS\SYSTEM32\profapi.dll
0x00007ff9bdce0000 - 0x00007ff9bdcfb000 	C:\Program Files\OpenJDK\openjdk-8u292-b10\jre\bin\net.dll
0x00007ff9cd1e0000 - 0x00007ff9cd24a000 	C:\WINDOWS\system32\mswsock.dll
0x00007ff9ba4b0000 - 0x00007ff9ba4c2000 	C:\Program Files\OpenJDK\openjdk-8u292-b10\jre\bin\nio.dll
0x00007ff9b8810000 - 0x00007ff9b8836000 	C:\Users\acer\.gradle\native\fdc75f09e3144964f2cf3f50f0aa648679c211496f362492102eb8c894070792\windows-amd64\native-platform.dll
0x00007ff99c8c0000 - 0x00007ff99ca51000 	C:\Users\acer\.gradle\native\12488b8bf47d2d4c9fbf2f6322a914ad602e24e48041cd04a747c6da556b65c4\windows-amd64\native-platform-file-events.dll
0x00007ff9c9d70000 - 0x00007ff9c9d7d000 	C:\Program Files\OpenJDK\openjdk-8u292-b10\jre\bin\management.dll
0x00007ff9cd3b0000 - 0x00007ff9cd3c8000 	C:\WINDOWS\SYSTEM32\CRYPTSP.dll
0x00007ff9ccb80000 - 0x00007ff9ccbb4000 	C:\WINDOWS\system32\rsaenh.dll
0x00007ff9ce1a0000 - 0x00007ff9ce1c7000 	C:\WINDOWS\System32\bcrypt.dll
0x00007ff9cd960000 - 0x00007ff9cd98e000 	C:\WINDOWS\SYSTEM32\USERENV.dll
0x00007ff9ce310000 - 0x00007ff9ce390000 	C:\WINDOWS\System32\bcryptprimitives.dll
0x00007ff9cd3d0000 - 0x00007ff9cd3dc000 	C:\WINDOWS\SYSTEM32\CRYPTBASE.dll
0x00007ff9cced0000 - 0x00007ff9ccf0b000 	C:\WINDOWS\SYSTEM32\IPHLPAPI.DLL
0x00007ff9cef10000 - 0x00007ff9cef18000 	C:\WINDOWS\System32\NSI.dll
0x00007ff9c0810000 - 0x00007ff9c0827000 	C:\WINDOWS\SYSTEM32\dhcpcsvc6.DLL
0x00007ff9c6bb0000 - 0x00007ff9c6bcd000 	C:\WINDOWS\SYSTEM32\dhcpcsvc.DLL
0x00007ff9ccf10000 - 0x00007ff9ccfdc000 	C:\WINDOWS\SYSTEM32\DNSAPI.dll
0x00007ff9c6cb0000 - 0x00007ff9c6cbb000 	C:\WINDOWS\SYSTEM32\WINNSI.DLL

VM Arguments:
jvm_args: -XX:MaxMetaspaceSize=256m -XX:+HeapDumpOnOutOfMemoryError -Xms256m -Xmx512m -Dfile.encoding=windows-1252 -Duser.country=US -Duser.language=en -Duser.variant 
java_command: org.gradle.launcher.daemon.bootstrap.GradleDaemon 6.7
java_class_path (initial): C:\Users\acer\.gradle\wrapper\dists\gradle-6.7-all\cuy9mc7upwgwgeb72wkcrupxe\gradle-6.7\lib\gradle-launcher-6.7.jar
Launcher Type: SUN_STANDARD

Environment Variables:
JAVA_HOME=C:\Program Files\OpenJDK\openjdk-8u292-b10
CLASSPATH=D:\sajiloapp\android\\gradle\wrapper\gradle-wrapper.jar
PATH=D:\sajiloapp\android\node_modules\.bin;D:\sajiloapp\node_modules\.bin;D:\node_modules\.bin;C:\Program Files\nodejs;D:\sajiloapp\node_modules\.bin;C:\Users\acer\AppData\Roaming\npm\node_modules\npm\node_modules\npm-lifecycle\node-gyp-bin;D:\sajiloapp\node_modules\.bin;C:\Program Files\Git\mingw64\bin;C:\Program Files\Git\usr\bin;C:\Users\acer\bin;C:\Program Files (x86)\Common Files\Oracle\Java\javapath;C:\ProgramData\Oracle\Java\javapath;C:\WINDOWS\system32;C:\WINDOWS;C:\WINDOWS\System32\Wbem;C:\WINDOWS\System32\WindowsPowerShell\v1.0;C:\Program Files\Microsoft SQL Server\120\Tools\Binn;C:\Program Files (x86)\GTK2-Runtime\lib;C:\WINDOWS\System32\OpenSSH;C:\Program Files\Microsoft SQL Server\Client SDK\ODBC\130\Tools\Binn;C:\Program Files (x86)\Microsoft SQL Server\140\Tools\Binn;C:\Program Files\Microsoft SQL Server\140\Tools\Binn;C:\Program Files\Microsoft SQL Server\140\DTS\Binn;C:\Program Files (x86)\Microsoft SQL Server\Client SDK\ODBC\130\Tools\Binn;C:\Program Files (x86)\Microsoft SQL Server\140\DTS\Binn;C:\Program Files (x86)\Microsoft SQL Server\140\Tools\Binn\ManagementStudio;C:\Program Files (x86)\Brackets\command;C:\Program Files\Git\cmd;C:\Users\acer\AppData\Roaming\nvm;C:\Program Files\nodejs;C:\ProgramData\chocolatey\bin;C:\Program Files\Java\jdk1.8.0_211\bin;C:\Program Files\nodejs;C:\Program Files\OpenJDK\openjdk-8u292-b10\bin;C:\Users\acer\AppData\Local\Programs\Python\Python37\Scripts;C:\Users\acer\AppData\Local\Programs\Python\Python37;C:\Program Files\aircrack-ng-1.2-rc4-win\bin\64bit;C:\Users\acer\AppData\Local\Microsoft\WindowsApps;C:\Users\acer\AppData\Local\atom\bin;C:\Users\acer\AppData\Local\Programs\Microsoft VS Code\bin;C:\xampp\php;C:\Program Files\MongoDB\Server\4.4\bin;C:\Users\acer\AppData\Roaming\nvm;C:\Program Files\nodejs;C:\Users\acer\AppData\Local\Android\Sdk\platform-tools;C:\Users\acer\AppData\Roaming\npm
USERNAME=acer
OS=Windows_NT
PROCESSOR_IDENTIFIER=Intel64 Family 6 Model 78 Stepping 3, GenuineIntel



---------------  S Y S T E M  ---------------

OS: Windows 10.0 , 64 bit Build 19041 (10.0.19041.928)

CPU:total 4 (initial active 4) (2 cores per cpu, 2 threads per core) family 6 model 78 stepping 3, cmov, cx8, fxsr, mmx, sse, sse2, sse3, ssse3, sse4.1, sse4.2, popcnt, avx, avx2, aes, clmul, erms, 3dnowpref, lzcnt, ht, tsc, tscinvbit, bmi1, bmi2, adx

Memory: 4k page, physical 12460960k(789920k free), swap 12460960k(4200k free)

vm_info: OpenJDK 64-Bit Server VM (25.292-b10) for windows-amd64 JRE (1.8.0_292-b10), built on Apr  9 2021 12:12:51 by "build" with MS VC++ 10.0 (VS2010)

time: Mon May 10 14:20:21 2021
timezone: Nepal Standard Time
elapsed time: 43.975855 seconds (0d 0h 0m 43s)

