#
# There is insufficient memory for the Java Runtime Environment to continue.
# Native memory allocation (malloc) failed to allocate 32784 bytes for Chunk::new
# Possible reasons:
#   The system is out of physical RAM or swap space
#   The process is running with CompressedOops enabled, and the Java Heap may be blocking the growth of the native heap
# Possible solutions:
#   Reduce memory load on the system
#   Increase physical memory or swap space
#   Check if swap backing store is full
#   Decrease Java heap size (-Xmx/-Xms)
#   Decrease number of Java threads
#   Decrease Java thread stack sizes (-Xss)
#   Set larger code cache with -XX:ReservedCodeCacheSize=
#   JVM is running with Unscaled Compressed Oops mode in which the Java heap is
#     placed in the first 4GB address space. The Java Heap base address is the
#     maximum limit for the native heap growth. Please use -XX:HeapBaseMinAddress
#     to set the Java Heap base and to place the Java Heap above 4GB virtual address.
# This output file may be truncated or incomplete.
#
#  Out of Memory Error (allocation.cpp:389), pid=7184, tid=0x0000000000002484
#
# JRE version: OpenJDK Runtime Environment (8.0_292-b10) (build 1.8.0_292-b10)
# Java VM: OpenJDK 64-Bit Server VM (25.292-b10 mixed mode windows-amd64 compressed oops)
# Failed to write core dump. Minidumps are not enabled by default on client versions of Windows
#

---------------  T H R E A D  ---------------

Current thread (0x0000000012d8a800):  JavaThread "C2 CompilerThread0" daemon [_thread_in_native, id=9348, stack(0x00000000143e0000,0x00000000144e0000)]

Stack: [0x00000000143e0000,0x00000000144e0000]
[error occurred during error reporting (printing stack bounds), id 0xc0000005]

Native frames: (J=compiled Java code, j=interpreted, Vv=VM code, C=native code)


Current CompileTask:
C2:   9445 1025       4       java.io.DataInputStream::readUTF (501 bytes)


---------------  P R O C E S S  ---------------

Java Threads: ( => current thread )
  0x00000000152ce000 JavaThread "pool-1-thread-1" [_thread_blocked, id=7156, stack(0x00000000164c0000,0x00000000165c0000)]
  0x0000000014728800 JavaThread "Service Thread" daemon [_thread_blocked, id=6608, stack(0x0000000014ae0000,0x0000000014be0000)]
  0x0000000012d86000 JavaThread "C1 CompilerThread2" daemon [_thread_in_native, id=3228, stack(0x00000000145e0000,0x00000000146e0000)]
  0x0000000012d85800 JavaThread "C2 CompilerThread1" daemon [_thread_blocked, id=13240, stack(0x00000000144e0000,0x00000000145e0000)]
=>0x0000000012d8a800 JavaThread "C2 CompilerThread0" daemon [_thread_in_native, id=9348, stack(0x00000000143e0000,0x00000000144e0000)]
  0x0000000012d7f000 JavaThread "Attach Listener" daemon [_thread_blocked, id=14232, stack(0x00000000142e0000,0x00000000143e0000)]
  0x0000000012d64800 JavaThread "Signal Dispatcher" daemon [_thread_blocked, id=13340, stack(0x00000000141e0000,0x00000000142e0000)]
  0x000000000295a000 JavaThread "Finalizer" daemon [_thread_blocked, id=11072, stack(0x0000000013fe0000,0x00000000140e0000)]
  0x0000000012d59000 JavaThread "Reference Handler" daemon [_thread_blocked, id=15800, stack(0x0000000013ee0000,0x0000000013fe0000)]
  0x0000000002866000 JavaThread "main" [_thread_in_Java, id=15616, stack(0x0000000002730000,0x0000000002830000)]

Other Threads:
  0x0000000012d36000 VMThread [stack: 0x0000000013de0000,0x0000000013ee0000] [id=6780]
  0x0000000012d92800 WatcherThread [stack: 0x0000000014be0000,0x0000000014ce0000] [id=14896]

VM state:not at safepoint (normal execution)

VM Mutex/Monitor currently owned by a thread: None

heap address: 0x00000000fc000000, size: 64 MB, Compressed Oops mode: 32-bit
Narrow klass base: 0x0000000000000000, Narrow klass shift: 3
Compressed class space size: 1073741824 Address: 0x0000000100000000

Heap:
 PSYoungGen      total 18944K, used 3576K [0x00000000feb00000, 0x0000000100000000, 0x0000000100000000)
  eden space 16384K, 6% used [0x00000000feb00000,0x00000000fec01fd8,0x00000000ffb00000)
  from space 2560K, 99% used [0x00000000ffb00000,0x00000000ffd7c030,0x00000000ffd80000)
  to   space 2560K, 0% used [0x00000000ffd80000,0x00000000ffd80000,0x0000000100000000)
 ParOldGen       total 44032K, used 3315K [0x00000000fc000000, 0x00000000feb00000, 0x00000000feb00000)
  object space 44032K, 7% used [0x00000000fc000000,0x00000000fc33ce80,0x00000000feb00000)
 Metaspace       used 11387K, capacity 11658K, committed 11904K, reserved 1058816K
  class space    used 1512K, capacity 1633K, committed 1664K, reserved 1048576K

Card table byte_map: [0x0000000002970000,0x00000000029a0000] byte_map_base: 0x0000000002190000

Marking Bits: (ParMarkBitMap*) 0x00000000719f3420
 Begin Bits: [0x00000000121d0000, 0x00000000122d0000)
 End Bits:   [0x00000000122d0000, 0x00000000123d0000)

Polling page: 0x0000000002830000

CodeCache: size=245760Kb used=3784Kb max_used=3794Kb free=241975Kb
 bounds [0x0000000002a10000, 0x0000000002dd0000, 0x0000000011a10000]
 total_blobs=1386 nmethods=1023 adapters=276
 compilation: enabled

Compilation events (10 events):
Event: 9.434 Thread 0x0000000012d8a800 nmethod 1017 0x0000000002dc2450 code [0x0000000002dc2580, 0x0000000002dc2638]
Event: 9.436 Thread 0x0000000012d86000 1019  s    3       java.io.ByteArrayInputStream::read (36 bytes)
Event: 9.436 Thread 0x0000000012d86000 nmethod 1019 0x0000000002dc1ad0 code [0x0000000002dc1c40, 0x0000000002dc1f90]
Event: 9.436 Thread 0x0000000012d86000 1020       3       org.gradle.internal.stream.EncodedStream$EncodedInput::hexToByte (61 bytes)
Event: 9.437 Thread 0x0000000012d86000 nmethod 1020 0x0000000002dc02d0 code [0x0000000002dc0520, 0x0000000002dc1308]
Event: 9.439 Thread 0x0000000012d86000 1021       3       org.gradle.internal.serialize.InputStreamBackedDecoder::readLong (8 bytes)
Event: 9.440 Thread 0x0000000012d86000 nmethod 1021 0x0000000002dbfe90 code [0x0000000002dc0000, 0x0000000002dc0208]
Event: 9.440 Thread 0x0000000012d86000 1022       3       org.gradle.internal.serialize.InputStreamBackedDecoder::readBoolean (8 bytes)
Event: 9.440 Thread 0x0000000012d85800 1024       4       java.util.ArrayList::get (11 bytes)
Event: 9.440 Thread 0x0000000012d8a800 1025       4       java.io.DataInputStream::readUTF (501 bytes)

GC Heap History (6 events):
Event: 1.131 GC heap before
{Heap before GC invocations=1 (full 0):
 PSYoungGen      total 18944K, used 16384K [0x00000000feb00000, 0x0000000100000000, 0x0000000100000000)
  eden space 16384K, 100% used [0x00000000feb00000,0x00000000ffb00000,0x00000000ffb00000)
  from space 2560K, 0% used [0x00000000ffd80000,0x00000000ffd80000,0x0000000100000000)
  to   space 2560K, 0% used [0x00000000ffb00000,0x00000000ffb00000,0x00000000ffd80000)
 ParOldGen       total 44032K, used 0K [0x00000000fc000000, 0x00000000feb00000, 0x00000000feb00000)
  object space 44032K, 0% used [0x00000000fc000000,0x00000000fc000000,0x00000000feb00000)
 Metaspace       used 5985K, capacity 6266K, committed 6528K, reserved 1056768K
  class space    used 708K, capacity 813K, committed 896K, reserved 1048576K
Event: 1.136 GC heap after
Heap after GC invocations=1 (full 0):
 PSYoungGen      total 18944K, used 2407K [0x00000000feb00000, 0x0000000100000000, 0x0000000100000000)
  eden space 16384K, 0% used [0x00000000feb00000,0x00000000feb00000,0x00000000ffb00000)
  from space 2560K, 94% used [0x00000000ffb00000,0x00000000ffd59c90,0x00000000ffd80000)
  to   space 2560K, 0% used [0x00000000ffd80000,0x00000000ffd80000,0x0000000100000000)
 ParOldGen       total 44032K, used 8K [0x00000000fc000000, 0x00000000feb00000, 0x00000000feb00000)
  object space 44032K, 0% used [0x00000000fc000000,0x00000000fc002000,0x00000000feb00000)
 Metaspace       used 5985K, capacity 6266K, committed 6528K, reserved 1056768K
  class space    used 708K, capacity 813K, committed 896K, reserved 1048576K
}
Event: 1.783 GC heap before
{Heap before GC invocations=2 (full 0):
 PSYoungGen      total 18944K, used 18791K [0x00000000feb00000, 0x0000000100000000, 0x0000000100000000)
  eden space 16384K, 100% used [0x00000000feb00000,0x00000000ffb00000,0x00000000ffb00000)
  from space 2560K, 94% used [0x00000000ffb00000,0x00000000ffd59c90,0x00000000ffd80000)
  to   space 2560K, 0% used [0x00000000ffd80000,0x00000000ffd80000,0x0000000100000000)
 ParOldGen       total 44032K, used 8K [0x00000000fc000000, 0x00000000feb00000, 0x00000000feb00000)
  object space 44032K, 0% used [0x00000000fc000000,0x00000000fc002000,0x00000000feb00000)
 Metaspace       used 8553K, capacity 8770K, committed 8960K, reserved 1056768K
  class space    used 1135K, capacity 1247K, committed 1280K, reserved 1048576K
Event: 1.790 GC heap after
Heap after GC invocations=2 (full 0):
 PSYoungGen      total 18944K, used 2553K [0x00000000feb00000, 0x0000000100000000, 0x0000000100000000)
  eden space 16384K, 0% used [0x00000000feb00000,0x00000000feb00000,0x00000000ffb00000)
  from space 2560K, 99% used [0x00000000ffd80000,0x00000000ffffe5d0,0x0000000100000000)
  to   space 2560K, 0% used [0x00000000ffb00000,0x00000000ffb00000,0x00000000ffd80000)
 ParOldGen       total 44032K, used 1341K [0x00000000fc000000, 0x00000000feb00000, 0x00000000feb00000)
  object space 44032K, 3% used [0x00000000fc000000,0x00000000fc14f748,0x00000000feb00000)
 Metaspace       used 8553K, capacity 8770K, committed 8960K, reserved 1056768K
  class space    used 1135K, capacity 1247K, committed 1280K, reserved 1048576K
}
Event: 4.751 GC heap before
{Heap before GC invocations=3 (full 0):
 PSYoungGen      total 18944K, used 18937K [0x00000000feb00000, 0x0000000100000000, 0x0000000100000000)
  eden space 16384K, 100% used [0x00000000feb00000,0x00000000ffb00000,0x00000000ffb00000)
  from space 2560K, 99% used [0x00000000ffd80000,0x00000000ffffe5d0,0x0000000100000000)
  to   space 2560K, 0% used [0x00000000ffb00000,0x00000000ffb00000,0x00000000ffd80000)
 ParOldGen       total 44032K, used 1341K [0x00000000fc000000, 0x00000000feb00000, 0x00000000feb00000)
  object space 44032K, 3% used [0x00000000fc000000,0x00000000fc14f748,0x00000000feb00000)
 Metaspace       used 10757K, capacity 10986K, committed 11392K, reserved 1058816K
  class space    used 1445K, capacity 1537K, committed 1664K, reserved 1048576K
Event: 4.759 GC heap after
Heap after GC invocations=3 (full 0):
 PSYoungGen      total 18944K, used 2544K [0x00000000feb00000, 0x0000000100000000, 0x0000000100000000)
  eden space 16384K, 0% used [0x00000000feb00000,0x00000000feb00000,0x00000000ffb00000)
  from space 2560K, 99% used [0x00000000ffb00000,0x00000000ffd7c030,0x00000000ffd80000)
  to   space 2560K, 0% used [0x00000000ffd80000,0x00000000ffd80000,0x0000000100000000)
 ParOldGen       total 44032K, used 3315K [0x00000000fc000000, 0x00000000feb00000, 0x00000000feb00000)
  object space 44032K, 7% used [0x00000000fc000000,0x00000000fc33ce80,0x00000000feb00000)
 Metaspace       used 10757K, capacity 10986K, committed 11392K, reserved 1058816K
  class space    used 1445K, capacity 1537K, committed 1664K, reserved 1048576K
}

Deoptimization events (10 events):
Event: 1.382 Thread 0x0000000002866000 Uncommon trap: reason=class_check action=maybe_recompile pc=0x0000000002c03368 method=java.util.regex.Matcher.match(II)Z @ 86
Event: 1.382 Thread 0x0000000002866000 Uncommon trap: reason=class_check action=maybe_recompile pc=0x0000000002c03368 method=java.util.regex.Matcher.match(II)Z @ 86
Event: 1.383 Thread 0x0000000002866000 Uncommon trap: reason=class_check action=maybe_recompile pc=0x0000000002c03368 method=java.util.regex.Matcher.match(II)Z @ 86
Event: 1.383 Thread 0x0000000002866000 Uncommon trap: reason=class_check action=maybe_recompile pc=0x0000000002c03368 method=java.util.regex.Matcher.match(II)Z @ 86
Event: 1.388 Thread 0x0000000002866000 Uncommon trap: reason=unstable_if action=reinterpret pc=0x0000000002b543d0 method=java.util.regex.Pattern.has(I)Z @ 6
Event: 2.027 Thread 0x0000000002866000 Uncommon trap: reason=unstable_if action=reinterpret pc=0x0000000002cca178 method=java.util.HashMap.getNode(ILjava/lang/Object;)Ljava/util/HashMap$Node; @ 129
Event: 2.027 Thread 0x0000000002866000 Uncommon trap: reason=class_check action=maybe_recompile pc=0x0000000002cc8db8 method=java.util.HashMap.putVal(ILjava/lang/Object;Ljava/lang/Object;ZZ)Ljava/lang/Object; @ 203
Event: 4.784 Thread 0x00000000155ce000 Uncommon trap: reason=unstable_if action=reinterpret pc=0x0000000002caf83c method=java.util.HashMap.getNode(ILjava/lang/Object;)Ljava/util/HashMap$Node; @ 129
Event: 4.784 Thread 0x00000000155ce000 Uncommon trap: reason=class_check action=maybe_recompile pc=0x0000000002cc8db8 method=java.util.HashMap.putVal(ILjava/lang/Object;Ljava/lang/Object;ZZ)Ljava/lang/Object; @ 203
Event: 4.784 Thread 0x00000000155ce000 Uncommon trap: reason=class_check action=maybe_recompile pc=0x0000000002cc8db8 method=java.util.HashMap.putVal(ILjava/lang/Object;Ljava/lang/Object;ZZ)Ljava/lang/Object; @ 203

Classes redefined (0 events):
No events

Internal exceptions (10 events):
Event: 1.716 Thread 0x0000000002866000 Exception <a 'java/lang/NoSuchMethodError': java.lang.Object.lambda$static$0(Lorg/gradle/internal/state/ModelObject;)Ljava/lang/String;> (0x00000000ff820ae8) thrown at [C:\cygwin64\tmp\build\source\java-1.8.0-openjdk\tmp\jdk8u\hotspot\src\share\vm\interpr
Event: 1.911 Thread 0x0000000002866000 Exception <a 'java/lang/ArrayIndexOutOfBoundsException'> (0x00000000fed87728) thrown at [C:\cygwin64\tmp\build\source\java-1.8.0-openjdk\tmp\jdk8u\hotspot\src\share\vm\runtime\sharedRuntime.cpp, line 609]
Event: 1.912 Thread 0x0000000002866000 Exception <a 'java/lang/ArrayIndexOutOfBoundsException'> (0x00000000fed8bbb0) thrown at [C:\cygwin64\tmp\build\source\java-1.8.0-openjdk\tmp\jdk8u\hotspot\src\share\vm\runtime\sharedRuntime.cpp, line 609]
Event: 1.927 Thread 0x0000000002866000 Exception <a 'java/lang/ArrayIndexOutOfBoundsException'> (0x00000000fedfaf68) thrown at [C:\cygwin64\tmp\build\source\java-1.8.0-openjdk\tmp\jdk8u\hotspot\src\share\vm\runtime\sharedRuntime.cpp, line 609]
Event: 1.927 Thread 0x0000000002866000 Exception <a 'java/lang/ArrayIndexOutOfBoundsException'> (0x00000000fedfc1b0) thrown at [C:\cygwin64\tmp\build\source\java-1.8.0-openjdk\tmp\jdk8u\hotspot\src\share\vm\runtime\sharedRuntime.cpp, line 609]
Event: 1.927 Thread 0x0000000002866000 Exception <a 'java/lang/ArrayIndexOutOfBoundsException'> (0x00000000fedfd888) thrown at [C:\cygwin64\tmp\build\source\java-1.8.0-openjdk\tmp\jdk8u\hotspot\src\share\vm\runtime\sharedRuntime.cpp, line 609]
Event: 1.927 Thread 0x0000000002866000 Exception <a 'java/lang/ArrayIndexOutOfBoundsException'> (0x00000000fedfe968) thrown at [C:\cygwin64\tmp\build\source\java-1.8.0-openjdk\tmp\jdk8u\hotspot\src\share\vm\runtime\sharedRuntime.cpp, line 609]
Event: 1.929 Thread 0x0000000002866000 Exception <a 'java/lang/ArrayIndexOutOfBoundsException'> (0x00000000fee01fc8) thrown at [C:\cygwin64\tmp\build\source\java-1.8.0-openjdk\tmp\jdk8u\hotspot\src\share\vm\runtime\sharedRuntime.cpp, line 609]
Event: 1.929 Thread 0x0000000002866000 Exception <a 'java/lang/ArrayIndexOutOfBoundsException'> (0x00000000fee050d0) thrown at [C:\cygwin64\tmp\build\source\java-1.8.0-openjdk\tmp\jdk8u\hotspot\src\share\vm\runtime\sharedRuntime.cpp, line 609]
Event: 1.931 Thread 0x0000000002866000 Exception <a 'java/lang/ArrayIndexOutOfBoundsException'> (0x00000000fee079f8) thrown at [C:\cygwin64\tmp\build\source\java-1.8.0-openjdk\tmp\jdk8u\hotspot\src\share\vm\runtime\sharedRuntime.cpp, line 609]

Events (10 events):
Event: 9.435 Executing VM operation: RevokeBias done
Event: 9.435 Thread 0x00000000159a6800 Thread exited: 0x00000000159a6800
Event: 9.436 loading class org/gradle/launcher/daemon/diagnostics/DaemonStartupInfo
Event: 9.436 loading class org/gradle/launcher/daemon/diagnostics/DaemonStartupInfo done
Event: 9.436 loading class org/gradle/launcher/daemon/diagnostics/DaemonDiagnostics
Event: 9.436 loading class org/gradle/launcher/daemon/diagnostics/DaemonDiagnostics done
Event: 9.437 loading class org/gradle/internal/time/TimeFormatting
Event: 9.437 loading class org/gradle/internal/time/TimeFormatting done
Event: 9.438 loading class org/gradle/launcher/daemon/registry/PersistentDaemonRegistry$2
Event: 9.438 loading class org/gradle/launcher/daemon/registry/PersistentDaemonRegistry$2 done


Dynamic libraries:
0x00007ff6856f0000 - 0x00007ff685725000 	C:\Program Files\OpenJDK\openjdk-8u292-b10\bin\java.exe
0x00007ff9d0390000 - 0x00007ff9d0585000 	C:\WINDOWS\SYSTEM32\ntdll.dll
0x00007ff9d0010000 - 0x00007ff9d00cd000 	C:\WINDOWS\System32\KERNEL32.DLL
0x00007ff9cdd20000 - 0x00007ff9cdfe8000 	C:\WINDOWS\System32\KERNELBASE.dll
0x00007ff9ce870000 - 0x00007ff9ce91c000 	C:\WINDOWS\System32\ADVAPI32.dll
0x00007ff9d0180000 - 0x00007ff9d021e000 	C:\WINDOWS\System32\msvcrt.dll
0x00007ff9cedf0000 - 0x00007ff9cee8b000 	C:\WINDOWS\System32\sechost.dll
0x00007ff9cf770000 - 0x00007ff9cf89b000 	C:\WINDOWS\System32\RPCRT4.dll
0x00007ff9cef20000 - 0x00007ff9cf0c0000 	C:\WINDOWS\System32\USER32.dll
0x00007ff9ce1d0000 - 0x00007ff9ce1f2000 	C:\WINDOWS\System32\win32u.dll
0x00007ff9cf740000 - 0x00007ff9cf76a000 	C:\WINDOWS\System32\GDI32.dll
0x00007ff9ce200000 - 0x00007ff9ce30b000 	C:\WINDOWS\System32\gdi32full.dll
0x00007ff9cdad0000 - 0x00007ff9cdb6d000 	C:\WINDOWS\System32\msvcp_win.dll
0x00007ff9ce0a0000 - 0x00007ff9ce1a0000 	C:\WINDOWS\System32\ucrtbase.dll
0x00007ff9b5ee0000 - 0x00007ff9b617a000 	C:\WINDOWS\WinSxS\amd64_microsoft.windows.common-controls_6595b64144ccf1df_6.0.19041.844_none_ca00b6081b84eb1d\COMCTL32.dll
0x00007ff9cf120000 - 0x00007ff9cf150000 	C:\WINDOWS\System32\IMM32.DLL
0x0000000071a80000 - 0x0000000071b52000 	C:\Program Files\OpenJDK\openjdk-8u292-b10\jre\bin\msvcr100.dll
0x00000000711e0000 - 0x0000000071a75000 	C:\Program Files\OpenJDK\openjdk-8u292-b10\jre\bin\server\jvm.dll
0x00007ff9cf5f0000 - 0x00007ff9cf5f8000 	C:\WINDOWS\System32\PSAPI.DLL
0x00007ff9a5880000 - 0x00007ff9a5889000 	C:\WINDOWS\SYSTEM32\WSOCK32.dll
0x00007ff9cf150000 - 0x00007ff9cf1bb000 	C:\WINDOWS\System32\WS2_32.dll
0x00007ff9c4d00000 - 0x00007ff9c4d27000 	C:\WINDOWS\SYSTEM32\WINMM.dll
0x00007ff9c5780000 - 0x00007ff9c578a000 	C:\WINDOWS\SYSTEM32\VERSION.dll
0x00007ff9cad00000 - 0x00007ff9cad0f000 	C:\Program Files\OpenJDK\openjdk-8u292-b10\jre\bin\verify.dll
0x00007ff9bcbd0000 - 0x00007ff9bcbf9000 	C:\Program Files\OpenJDK\openjdk-8u292-b10\jre\bin\java.dll
0x00007ff9bf3a0000 - 0x00007ff9bf3b6000 	C:\Program Files\OpenJDK\openjdk-8u292-b10\jre\bin\zip.dll
0x00007ff9cf8c0000 - 0x00007ff9d0002000 	C:\WINDOWS\System32\SHELL32.dll
0x00007ff9cba80000 - 0x00007ff9cc211000 	C:\WINDOWS\SYSTEM32\windows.storage.dll
0x00007ff9ce3f0000 - 0x00007ff9ce745000 	C:\WINDOWS\System32\combase.dll
0x00007ff9cd470000 - 0x00007ff9cd49c000 	C:\WINDOWS\SYSTEM32\Wldp.dll
0x00007ff9d00d0000 - 0x00007ff9d017e000 	C:\WINDOWS\System32\SHCORE.dll
0x00007ff9cf0c0000 - 0x00007ff9cf115000 	C:\WINDOWS\System32\shlwapi.dll
0x00007ff9cda10000 - 0x00007ff9cda2f000 	C:\WINDOWS\SYSTEM32\profapi.dll
0x00007ff9bdce0000 - 0x00007ff9bdcfb000 	C:\Program Files\OpenJDK\openjdk-8u292-b10\jre\bin\net.dll
0x00007ff9cd1e0000 - 0x00007ff9cd24a000 	C:\WINDOWS\system32\mswsock.dll
0x00007ff9bb830000 - 0x00007ff9bb842000 	C:\Program Files\OpenJDK\openjdk-8u292-b10\jre\bin\nio.dll
0x00007ff9bb800000 - 0x00007ff9bb826000 	C:\Users\acer\.gradle\native\fdc75f09e3144964f2cf3f50f0aa648679c211496f362492102eb8c894070792\windows-amd64\native-platform.dll
0x00007ff99c8c0000 - 0x00007ff99ca51000 	C:\Users\acer\.gradle\native\12488b8bf47d2d4c9fbf2f6322a914ad602e24e48041cd04a747c6da556b65c4\windows-amd64\native-platform-file-events.dll
0x00007ff9caca0000 - 0x00007ff9cacaa000 	C:\Users\acer\.gradle\native\jansi\1.18\windows64\jansi.dll
0x00007ff9c9e30000 - 0x00007ff9c9e3d000 	C:\Program Files\OpenJDK\openjdk-8u292-b10\jre\bin\management.dll
0x00007ff9cd3b0000 - 0x00007ff9cd3c8000 	C:\WINDOWS\SYSTEM32\CRYPTSP.dll
0x00007ff9ccb80000 - 0x00007ff9ccbb4000 	C:\WINDOWS\system32\rsaenh.dll
0x00007ff9ce1a0000 - 0x00007ff9ce1c7000 	C:\WINDOWS\System32\bcrypt.dll
0x00007ff9cd960000 - 0x00007ff9cd98e000 	C:\WINDOWS\SYSTEM32\USERENV.dll
0x00007ff9ce310000 - 0x00007ff9ce390000 	C:\WINDOWS\System32\bcryptprimitives.dll
0x00007ff9cd3d0000 - 0x00007ff9cd3dc000 	C:\WINDOWS\SYSTEM32\CRYPTBASE.dll
0x00007ff9cced0000 - 0x00007ff9ccf0b000 	C:\WINDOWS\SYSTEM32\IPHLPAPI.DLL
0x00007ff9cef10000 - 0x00007ff9cef18000 	C:\WINDOWS\System32\NSI.dll
0x00007ff9c0810000 - 0x00007ff9c0827000 	C:\WINDOWS\SYSTEM32\dhcpcsvc6.DLL
0x00007ff9c6bb0000 - 0x00007ff9c6bcd000 	C:\WINDOWS\SYSTEM32\dhcpcsvc.DLL
0x00007ff9ccf10000 - 0x00007ff9ccfdc000 	C:\WINDOWS\SYSTEM32\DNSAPI.dll
0x00007ff9c6cb0000 - 0x00007ff9c6cbb000 	C:\WINDOWS\SYSTEM32\WINNSI.DLL

VM Arguments:
jvm_args: -Xmx64m -Xms64m -Dorg.gradle.appname=gradlew 
java_command: org.gradle.wrapper.GradleWrapperMain app:installDebug -PreactNativeDevServerPort=8081
java_class_path (initial): D:\sajiloapp\android\\gradle\wrapper\gradle-wrapper.jar
Launcher Type: SUN_STANDARD

Environment Variables:
JAVA_HOME=C:\Program Files\OpenJDK\openjdk-8u292-b10
CLASSPATH=D:\sajiloapp\android\\gradle\wrapper\gradle-wrapper.jar
PATH=D:\sajiloapp\android\node_modules\.bin;D:\sajiloapp\node_modules\.bin;D:\node_modules\.bin;C:\Program Files\nodejs;D:\sajiloapp\node_modules\.bin;C:\Users\acer\AppData\Roaming\npm\node_modules\npm\node_modules\npm-lifecycle\node-gyp-bin;D:\sajiloapp\node_modules\.bin;C:\Program Files\Git\mingw64\bin;C:\Program Files\Git\usr\bin;C:\Users\acer\bin;C:\Program Files (x86)\Common Files\Oracle\Java\javapath;C:\ProgramData\Oracle\Java\javapath;C:\WINDOWS\system32;C:\WINDOWS;C:\WINDOWS\System32\Wbem;C:\WINDOWS\System32\WindowsPowerShell\v1.0;C:\Program Files\Microsoft SQL Server\120\Tools\Binn;C:\Program Files (x86)\GTK2-Runtime\lib;C:\WINDOWS\System32\OpenSSH;C:\Program Files\Microsoft SQL Server\Client SDK\ODBC\130\Tools\Binn;C:\Program Files (x86)\Microsoft SQL Server\140\Tools\Binn;C:\Program Files\Microsoft SQL Server\140\Tools\Binn;C:\Program Files\Microsoft SQL Server\140\DTS\Binn;C:\Program Files (x86)\Microsoft SQL Server\Client SDK\ODBC\130\Tools\Binn;C:\Program Files (x86)\Microsoft SQL Server\140\DTS\Binn;C:\Program Files (x86)\Microsoft SQL Server\140\Tools\Binn\ManagementStudio;C:\Program Files (x86)\Brackets\command;C:\Program Files\Git\cmd;C:\Users\acer\AppData\Roaming\nvm;C:\Program Files\nodejs;C:\ProgramData\chocolatey\bin;C:\Program Files\Java\jdk1.8.0_211\bin;C:\Program Files\nodejs;C:\Program Files\OpenJDK\openjdk-8u292-b10\bin;C:\Users\acer\AppData\Local\Programs\Python\Python37\Scripts;C:\Users\acer\AppData\Local\Programs\Python\Python37;C:\Program Files\aircrack-ng-1.2-rc4-win\bin\64bit;C:\Users\acer\AppData\Local\Microsoft\WindowsApps;C:\Users\acer\AppData\Local\atom\bin;C:\Users\acer\AppData\Local\Programs\Microsoft VS Code\bin;C:\xampp\php;C:\Program Files\MongoDB\Server\4.4\bin;C:\Users\acer\AppData\Roaming\nvm;C:\Program Files\nodejs;C:\Users\acer\AppData\Local\Android\Sdk\platform-tools;C:\Users\acer\AppData\Roaming\npm
USERNAME=acer
OS=Windows_NT
PROCESSOR_IDENTIFIER=Intel64 Family 6 Model 78 Stepping 3, GenuineIntel



---------------  S Y S T E M  ---------------

OS: Windows 10.0 , 64 bit Build 19041 (10.0.19041.928)

CPU:total 4 (initial active 4) (2 cores per cpu, 2 threads per core) family 6 model 78 stepping 3, cmov, cx8, fxsr, mmx, sse, sse2, sse3, ssse3, sse4.1, sse4.2, popcnt, avx, avx2, aes, clmul, erms, 3dnowpref, lzcnt, ht, tsc, tscinvbit, bmi1, bmi2, adx

Memory: 4k page, physical 12460960k(810544k free), swap 12460960k(1008k free)

vm_info: OpenJDK 64-Bit Server VM (25.292-b10) for windows-amd64 JRE (1.8.0_292-b10), built on Apr  9 2021 12:12:51 by "build" with MS VC++ 10.0 (VS2010)

time: Mon May 10 14:23:00 2021
timezone: Nepal Standard Time
elapsed time: 9.456807 seconds (0d 0h 0m 9s)

